CRITICAL - 2021-11-27 07:18:15 --> Invalid file: header.php
#0 E:\xampp\htdocs\code\system\View\View.php(198): CodeIgniter\Exceptions\FrameworkException::forInvalidFile('header.php')
#1 E:\xampp\htdocs\code\system\Common.php(1097): CodeIgniter\View\View->render('header', Array, true)
#2 E:\xampp\htdocs\code\app\Controllers\Knygos.php(9): view('header')
#3 E:\xampp\htdocs\code\system\CodeIgniter.php(824): App\Controllers\Knygos->index()
#4 E:\xampp\htdocs\code\system\CodeIgniter.php(410): CodeIgniter\CodeIgniter->runController(Object(App\Controllers\Knygos))
#5 E:\xampp\htdocs\code\system\CodeIgniter.php(318): CodeIgniter\CodeIgniter->handleRequest(NULL, Object(Config\Cache), false)
#6 E:\xampp\htdocs\code\public\index.php(37): CodeIgniter\CodeIgniter->run()
#7 {main}
CRITICAL - 2021-11-27 07:19:04 --> Invalid file: header.php
#0 E:\xampp\htdocs\code\system\View\View.php(198): CodeIgniter\Exceptions\FrameworkException::forInvalidFile('header.php')
#1 E:\xampp\htdocs\code\system\Common.php(1097): CodeIgniter\View\View->render('header', Array, true)
#2 E:\xampp\htdocs\code\app\Controllers\Knygos.php(9): view('header')
#3 E:\xampp\htdocs\code\system\CodeIgniter.php(824): App\Controllers\Knygos->index()
#4 E:\xampp\htdocs\code\system\CodeIgniter.php(410): CodeIgniter\CodeIgniter->runController(Object(App\Controllers\Knygos))
#5 E:\xampp\htdocs\code\system\CodeIgniter.php(318): CodeIgniter\CodeIgniter->handleRequest(NULL, Object(Config\Cache), false)
#6 E:\xampp\htdocs\code\public\index.php(37): CodeIgniter\CodeIgniter->run()
#7 {main}
ERROR - 2021-11-27 07:19:16 --> Table 'projektine_veikla_2020.autoriai' doesn't exist
CRITICAL - 2021-11-27 07:19:16 --> Table 'projektine_veikla_2020.autoriai' doesn't exist
#0 E:\xampp\htdocs\code\system\Database\MySQLi\Connection.php(292): mysqli->query('SELECT *\nFROM `...', 0)
#1 E:\xampp\htdocs\code\system\Database\BaseConnection.php(670): CodeIgniter\Database\MySQLi\Connection->execute('SELECT *\nFROM `...')
#2 E:\xampp\htdocs\code\system\Database\BaseConnection.php(598): CodeIgniter\Database\BaseConnection->simpleQuery('SELECT *\nFROM `...')
#3 E:\xampp\htdocs\code\system\Database\BaseBuilder.php(1443): CodeIgniter\Database\BaseConnection->query('SELECT *\nFROM `...', Array, false)
#4 E:\xampp\htdocs\code\system\Model.php(183): CodeIgniter\Database\BaseBuilder->get()
#5 E:\xampp\htdocs\code\system\BaseModel.php(584): CodeIgniter\Model->doFindAll(0, 0)
#6 E:\xampp\htdocs\code\app\Models\AutoriaiModel.php(14): CodeIgniter\BaseModel->findAll()
#7 E:\xampp\htdocs\code\app\Controllers\Autoriai.php(13): App\Models\AutoriaiModel->getAutoriai()
#8 E:\xampp\htdocs\code\system\CodeIgniter.php(824): App\Controllers\Autoriai->index()
#9 E:\xampp\htdocs\code\system\CodeIgniter.php(410): CodeIgniter\CodeIgniter->runController(Object(App\Controllers\Autoriai))
#10 E:\xampp\htdocs\code\system\CodeIgniter.php(318): CodeIgniter\CodeIgniter->handleRequest(NULL, Object(Config\Cache), false)
#11 E:\xampp\htdocs\code\public\index.php(37): CodeIgniter\CodeIgniter->run()
#12 {main}
CRITICAL - 2021-11-27 07:25:57 --> syntax error, unexpected token "}"
#0 E:\xampp\htdocs\code\system\Router\Router.php(176): CodeIgniter\Router\Router->autoRoute('autoriai')
#1 E:\xampp\htdocs\code\system\CodeIgniter.php(718): CodeIgniter\Router\Router->handle('autoriai')
#2 E:\xampp\htdocs\code\system\CodeIgniter.php(359): CodeIgniter\CodeIgniter->tryToRouteIt(Object(CodeIgniter\Router\RouteCollection))
#3 E:\xampp\htdocs\code\system\CodeIgniter.php(318): CodeIgniter\CodeIgniter->handleRequest(NULL, Object(Config\Cache), false)
#4 E:\xampp\htdocs\code\public\index.php(37): CodeIgniter\CodeIgniter->run()
#5 {main}
CRITICAL - 2021-11-27 07:26:24 --> syntax error, unexpected token "}"
#0 E:\xampp\htdocs\code\system\Router\Router.php(176): CodeIgniter\Router\Router->autoRoute('autoriai')
#1 E:\xampp\htdocs\code\system\CodeIgniter.php(718): CodeIgniter\Router\Router->handle('autoriai')
#2 E:\xampp\htdocs\code\system\CodeIgniter.php(359): CodeIgniter\CodeIgniter->tryToRouteIt(Object(CodeIgniter\Router\RouteCollection))
#3 E:\xampp\htdocs\code\system\CodeIgniter.php(318): CodeIgniter\CodeIgniter->handleRequest(NULL, Object(Config\Cache), false)
#4 E:\xampp\htdocs\code\public\index.php(37): CodeIgniter\CodeIgniter->run()
#5 {main}
CRITICAL - 2021-11-27 07:29:13 --> Undefined variable $title
#0 E:\xampp\htdocs\code\app\Views\_partials\header.php(5): CodeIgniter\Debug\Exceptions->errorHandler(2, 'Undefined varia...', 'E:\\xampp\\htdocs...', 5)
#1 E:\xampp\htdocs\code\system\View\View.php(214): include('E:\\xampp\\htdocs...')
#2 E:\xampp\htdocs\code\system\View\View.php(217): CodeIgniter\View\View->CodeIgniter\View\{closure}()
#3 E:\xampp\htdocs\code\system\Common.php(1097): CodeIgniter\View\View->render('_partials/heade...', Array, true)
#4 E:\xampp\htdocs\code\app\Controllers\BaseController.php(55): view('_partials/heade...', Array)
#5 E:\xampp\htdocs\code\app\Controllers\Knygos.php(16): App\Controllers\BaseController->template('knygos', Array)
#6 E:\xampp\htdocs\code\system\CodeIgniter.php(824): App\Controllers\Knygos->index()
#7 E:\xampp\htdocs\code\system\CodeIgniter.php(410): CodeIgniter\CodeIgniter->runController(Object(App\Controllers\Knygos))
#8 E:\xampp\htdocs\code\system\CodeIgniter.php(318): CodeIgniter\CodeIgniter->handleRequest(NULL, Object(Config\Cache), false)
#9 E:\xampp\htdocs\code\public\index.php(37): CodeIgniter\CodeIgniter->run()
#10 {main}
CRITICAL - 2021-11-27 07:30:42 --> Invalid file: header.php
#0 E:\xampp\htdocs\code\system\View\View.php(198): CodeIgniter\Exceptions\FrameworkException::forInvalidFile('header.php')
#1 E:\xampp\htdocs\code\system\Common.php(1097): CodeIgniter\View\View->render('header', Array, true)
#2 E:\xampp\htdocs\code\app\Controllers\Nariai.php(9): view('header')
#3 E:\xampp\htdocs\code\system\CodeIgniter.php(824): App\Controllers\Nariai->index()
#4 E:\xampp\htdocs\code\system\CodeIgniter.php(410): CodeIgniter\CodeIgniter->runController(Object(App\Controllers\Nariai))
#5 E:\xampp\htdocs\code\system\CodeIgniter.php(318): CodeIgniter\CodeIgniter->handleRequest(NULL, Object(Config\Cache), false)
#6 E:\xampp\htdocs\code\public\index.php(37): CodeIgniter\CodeIgniter->run()
#7 {main}
CRITICAL - 2021-11-27 07:55:59 --> syntax error, unexpected token "=", expecting ")"
#0 E:\xampp\htdocs\code\system\Router\Router.php(176): CodeIgniter\Router\Router->autoRoute('nariai/redaguot...')
#1 E:\xampp\htdocs\code\system\CodeIgniter.php(718): CodeIgniter\Router\Router->handle('nariai/redaguot...')
#2 E:\xampp\htdocs\code\system\CodeIgniter.php(359): CodeIgniter\CodeIgniter->tryToRouteIt(Object(CodeIgniter\Router\RouteCollection))
#3 E:\xampp\htdocs\code\system\CodeIgniter.php(318): CodeIgniter\CodeIgniter->handleRequest(NULL, Object(Config\Cache), false)
#4 E:\xampp\htdocs\code\public\index.php(37): CodeIgniter\CodeIgniter->run()
#5 {main}
ERROR - 2021-11-27 08:02:36 --> Table 'biblioteka.projektai' doesn't exist
CRITICAL - 2021-11-27 08:02:36 --> Table 'biblioteka.projektai' doesn't exist
#0 E:\xampp\htdocs\code\system\Database\MySQLi\Connection.php(292): mysqli->query('SELECT *\nFROM `...', 0)
#1 E:\xampp\htdocs\code\system\Database\BaseConnection.php(670): CodeIgniter\Database\MySQLi\Connection->execute('SELECT *\nFROM `...')
#2 E:\xampp\htdocs\code\system\Database\BaseConnection.php(598): CodeIgniter\Database\BaseConnection->simpleQuery('SELECT *\nFROM `...')
#3 E:\xampp\htdocs\code\system\Database\BaseBuilder.php(1443): CodeIgniter\Database\BaseConnection->query('SELECT *\nFROM `...', Array, false)
#4 E:\xampp\htdocs\code\system\Model.php(183): CodeIgniter\Database\BaseBuilder->get()
#5 E:\xampp\htdocs\code\system\BaseModel.php(584): CodeIgniter\Model->doFindAll(0, 0)
#6 E:\xampp\htdocs\code\app\Models\ProjektaiModel.php(14): CodeIgniter\BaseModel->findAll()
#7 E:\xampp\htdocs\code\app\Controllers\Projektai.php(13): App\Models\ProjektaiModel->getProjektai()
#8 E:\xampp\htdocs\code\system\CodeIgniter.php(824): App\Controllers\Projektai->index()
#9 E:\xampp\htdocs\code\system\CodeIgniter.php(410): CodeIgniter\CodeIgniter->runController(Object(App\Controllers\Projektai))
#10 E:\xampp\htdocs\code\system\CodeIgniter.php(318): CodeIgniter\CodeIgniter->handleRequest(NULL, Object(Config\Cache), false)
#11 E:\xampp\htdocs\code\public\index.php(37): CodeIgniter\CodeIgniter->run()
#12 {main}
ERROR - 2021-11-27 08:08:00 --> Table 'biblioteka.projektai' doesn't exist
CRITICAL - 2021-11-27 08:08:00 --> Table 'biblioteka.projektai' doesn't exist
#0 E:\xampp\htdocs\code\system\Database\MySQLi\Connection.php(292): mysqli->query('SELECT *\nFROM `...', 0)
#1 E:\xampp\htdocs\code\system\Database\BaseConnection.php(670): CodeIgniter\Database\MySQLi\Connection->execute('SELECT *\nFROM `...')
#2 E:\xampp\htdocs\code\system\Database\BaseConnection.php(598): CodeIgniter\Database\BaseConnection->simpleQuery('SELECT *\nFROM `...')
#3 E:\xampp\htdocs\code\system\Database\BaseBuilder.php(1443): CodeIgniter\Database\BaseConnection->query('SELECT *\nFROM `...', Array, false)
#4 E:\xampp\htdocs\code\system\Model.php(183): CodeIgniter\Database\BaseBuilder->get()
#5 E:\xampp\htdocs\code\system\BaseModel.php(584): CodeIgniter\Model->doFindAll(0, 0)
#6 E:\xampp\htdocs\code\app\Models\ProjektaiModel.php(14): CodeIgniter\BaseModel->findAll()
#7 E:\xampp\htdocs\code\app\Controllers\Projektai.php(13): App\Models\ProjektaiModel->getProjektai()
#8 E:\xampp\htdocs\code\system\CodeIgniter.php(824): App\Controllers\Projektai->index()
#9 E:\xampp\htdocs\code\system\CodeIgniter.php(410): CodeIgniter\CodeIgniter->runController(Object(App\Controllers\Projektai))
#10 E:\xampp\htdocs\code\system\CodeIgniter.php(318): CodeIgniter\CodeIgniter->handleRequest(NULL, Object(Config\Cache), false)
#11 E:\xampp\htdocs\code\public\index.php(37): CodeIgniter\CodeIgniter->run()
#12 {main}
ERROR - 2021-11-27 08:08:16 --> Table 'biblioteka.projektai' doesn't exist
CRITICAL - 2021-11-27 08:08:16 --> Table 'biblioteka.projektai' doesn't exist
#0 E:\xampp\htdocs\code\system\Database\MySQLi\Connection.php(292): mysqli->query('SELECT *\nFROM `...', 0)
#1 E:\xampp\htdocs\code\system\Database\BaseConnection.php(670): CodeIgniter\Database\MySQLi\Connection->execute('SELECT *\nFROM `...')
#2 E:\xampp\htdocs\code\system\Database\BaseConnection.php(598): CodeIgniter\Database\BaseConnection->simpleQuery('SELECT *\nFROM `...')
#3 E:\xampp\htdocs\code\system\Database\BaseBuilder.php(1443): CodeIgniter\Database\BaseConnection->query('SELECT *\nFROM `...', Array, false)
#4 E:\xampp\htdocs\code\system\Model.php(183): CodeIgniter\Database\BaseBuilder->get()
#5 E:\xampp\htdocs\code\system\BaseModel.php(584): CodeIgniter\Model->doFindAll(0, 0)
#6 E:\xampp\htdocs\code\app\Models\ProjektaiModel.php(14): CodeIgniter\BaseModel->findAll()
#7 E:\xampp\htdocs\code\app\Controllers\Projektai.php(13): App\Models\ProjektaiModel->getProjektai()
#8 E:\xampp\htdocs\code\system\CodeIgniter.php(824): App\Controllers\Projektai->index()
#9 E:\xampp\htdocs\code\system\CodeIgniter.php(410): CodeIgniter\CodeIgniter->runController(Object(App\Controllers\Projektai))
#10 E:\xampp\htdocs\code\system\CodeIgniter.php(318): CodeIgniter\CodeIgniter->handleRequest(NULL, Object(Config\Cache), false)
#11 E:\xampp\htdocs\code\public\index.php(37): CodeIgniter\CodeIgniter->run()
#12 {main}
ERROR - 2021-11-27 08:10:03 --> Table 'biblioteka.projektai' doesn't exist
CRITICAL - 2021-11-27 08:10:03 --> Table 'biblioteka.projektai' doesn't exist
#0 E:\xampp\htdocs\code\system\Database\MySQLi\Connection.php(292): mysqli->query('SELECT *\nFROM `...', 0)
#1 E:\xampp\htdocs\code\system\Database\BaseConnection.php(670): CodeIgniter\Database\MySQLi\Connection->execute('SELECT *\nFROM `...')
#2 E:\xampp\htdocs\code\system\Database\BaseConnection.php(598): CodeIgniter\Database\BaseConnection->simpleQuery('SELECT *\nFROM `...')
#3 E:\xampp\htdocs\code\system\Database\BaseBuilder.php(1443): CodeIgniter\Database\BaseConnection->query('SELECT *\nFROM `...', Array, false)
#4 E:\xampp\htdocs\code\system\Model.php(183): CodeIgniter\Database\BaseBuilder->get()
#5 E:\xampp\htdocs\code\system\BaseModel.php(584): CodeIgniter\Model->doFindAll(0, 0)
#6 E:\xampp\htdocs\code\app\Models\ProjektaiModel.php(14): CodeIgniter\BaseModel->findAll()
#7 E:\xampp\htdocs\code\app\Controllers\Projektai.php(13): App\Models\ProjektaiModel->getProjektai()
#8 E:\xampp\htdocs\code\system\CodeIgniter.php(824): App\Controllers\Projektai->index()
#9 E:\xampp\htdocs\code\system\CodeIgniter.php(410): CodeIgniter\CodeIgniter->runController(Object(App\Controllers\Projektai))
#10 E:\xampp\htdocs\code\system\CodeIgniter.php(318): CodeIgniter\CodeIgniter->handleRequest(NULL, Object(Config\Cache), false)
#11 E:\xampp\htdocs\code\public\index.php(37): CodeIgniter\CodeIgniter->run()
#12 {main}
ERROR - 2021-11-27 08:10:12 --> Table 'biblioteka.projektai' doesn't exist
CRITICAL - 2021-11-27 08:10:12 --> Table 'biblioteka.projektai' doesn't exist
#0 E:\xampp\htdocs\code\system\Database\MySQLi\Connection.php(292): mysqli->query('SELECT *\nFROM `...', 0)
#1 E:\xampp\htdocs\code\system\Database\BaseConnection.php(670): CodeIgniter\Database\MySQLi\Connection->execute('SELECT *\nFROM `...')
#2 E:\xampp\htdocs\code\system\Database\BaseConnection.php(598): CodeIgniter\Database\BaseConnection->simpleQuery('SELECT *\nFROM `...')
#3 E:\xampp\htdocs\code\system\Database\BaseBuilder.php(1443): CodeIgniter\Database\BaseConnection->query('SELECT *\nFROM `...', Array, false)
#4 E:\xampp\htdocs\code\system\Model.php(183): CodeIgniter\Database\BaseBuilder->get()
#5 E:\xampp\htdocs\code\system\BaseModel.php(584): CodeIgniter\Model->doFindAll(0, 0)
#6 E:\xampp\htdocs\code\app\Models\ProjektaiModel.php(14): CodeIgniter\BaseModel->findAll()
#7 E:\xampp\htdocs\code\app\Controllers\Projektai.php(13): App\Models\ProjektaiModel->getProjektai()
#8 E:\xampp\htdocs\code\system\CodeIgniter.php(824): App\Controllers\Projektai->index()
#9 E:\xampp\htdocs\code\system\CodeIgniter.php(410): CodeIgniter\CodeIgniter->runController(Object(App\Controllers\Projektai))
#10 E:\xampp\htdocs\code\system\CodeIgniter.php(318): CodeIgniter\CodeIgniter->handleRequest(NULL, Object(Config\Cache), false)
#11 E:\xampp\htdocs\code\public\index.php(37): CodeIgniter\CodeIgniter->run()
#12 {main}
ERROR - 2021-11-27 08:10:13 --> Table 'biblioteka.projektai' doesn't exist
CRITICAL - 2021-11-27 08:10:13 --> Table 'biblioteka.projektai' doesn't exist
#0 E:\xampp\htdocs\code\system\Database\MySQLi\Connection.php(292): mysqli->query('SELECT *\nFROM `...', 0)
#1 E:\xampp\htdocs\code\system\Database\BaseConnection.php(670): CodeIgniter\Database\MySQLi\Connection->execute('SELECT *\nFROM `...')
#2 E:\xampp\htdocs\code\system\Database\BaseConnection.php(598): CodeIgniter\Database\BaseConnection->simpleQuery('SELECT *\nFROM `...')
#3 E:\xampp\htdocs\code\system\Database\BaseBuilder.php(1443): CodeIgniter\Database\BaseConnection->query('SELECT *\nFROM `...', Array, false)
#4 E:\xampp\htdocs\code\system\Model.php(183): CodeIgniter\Database\BaseBuilder->get()
#5 E:\xampp\htdocs\code\system\BaseModel.php(584): CodeIgniter\Model->doFindAll(0, 0)
#6 E:\xampp\htdocs\code\app\Models\ProjektaiModel.php(14): CodeIgniter\BaseModel->findAll()
#7 E:\xampp\htdocs\code\app\Controllers\Projektai.php(13): App\Models\ProjektaiModel->getProjektai()
#8 E:\xampp\htdocs\code\system\CodeIgniter.php(824): App\Controllers\Projektai->index()
#9 E:\xampp\htdocs\code\system\CodeIgniter.php(410): CodeIgniter\CodeIgniter->runController(Object(App\Controllers\Projektai))
#10 E:\xampp\htdocs\code\system\CodeIgniter.php(318): CodeIgniter\CodeIgniter->handleRequest(NULL, Object(Config\Cache), false)
#11 E:\xampp\htdocs\code\public\index.php(37): CodeIgniter\CodeIgniter->run()
#12 {main}
ERROR - 2021-11-27 08:10:17 --> Table 'biblioteka.projektai' doesn't exist
CRITICAL - 2021-11-27 08:10:17 --> Table 'biblioteka.projektai' doesn't exist
#0 E:\xampp\htdocs\code\system\Database\MySQLi\Connection.php(292): mysqli->query('SELECT *\nFROM `...', 0)
#1 E:\xampp\htdocs\code\system\Database\BaseConnection.php(670): CodeIgniter\Database\MySQLi\Connection->execute('SELECT *\nFROM `...')
#2 E:\xampp\htdocs\code\system\Database\BaseConnection.php(598): CodeIgniter\Database\BaseConnection->simpleQuery('SELECT *\nFROM `...')
#3 E:\xampp\htdocs\code\system\Database\BaseBuilder.php(1443): CodeIgniter\Database\BaseConnection->query('SELECT *\nFROM `...', Array, false)
#4 E:\xampp\htdocs\code\system\Model.php(183): CodeIgniter\Database\BaseBuilder->get()
#5 E:\xampp\htdocs\code\system\BaseModel.php(584): CodeIgniter\Model->doFindAll(0, 0)
#6 E:\xampp\htdocs\code\app\Models\ProjektaiModel.php(14): CodeIgniter\BaseModel->findAll()
#7 E:\xampp\htdocs\code\app\Controllers\Projektai.php(13): App\Models\ProjektaiModel->getProjektai()
#8 E:\xampp\htdocs\code\system\CodeIgniter.php(824): App\Controllers\Projektai->index()
#9 E:\xampp\htdocs\code\system\CodeIgniter.php(410): CodeIgniter\CodeIgniter->runController(Object(App\Controllers\Projektai))
#10 E:\xampp\htdocs\code\system\CodeIgniter.php(318): CodeIgniter\CodeIgniter->handleRequest(NULL, Object(Config\Cache), false)
#11 E:\xampp\htdocs\code\public\index.php(37): CodeIgniter\CodeIgniter->run()
#12 {main}
ERROR - 2021-11-27 08:13:17 --> Table 'biblioteka.projektai' doesn't exist
CRITICAL - 2021-11-27 08:13:17 --> Table 'biblioteka.projektai' doesn't exist
#0 E:\xampp\htdocs\code\system\Database\MySQLi\Connection.php(292): mysqli->query('SELECT *\nFROM `...', 0)
#1 E:\xampp\htdocs\code\system\Database\BaseConnection.php(670): CodeIgniter\Database\MySQLi\Connection->execute('SELECT *\nFROM `...')
#2 E:\xampp\htdocs\code\system\Database\BaseConnection.php(598): CodeIgniter\Database\BaseConnection->simpleQuery('SELECT *\nFROM `...')
#3 E:\xampp\htdocs\code\system\Database\BaseBuilder.php(1443): CodeIgniter\Database\BaseConnection->query('SELECT *\nFROM `...', Array, false)
#4 E:\xampp\htdocs\code\system\Model.php(183): CodeIgniter\Database\BaseBuilder->get()
#5 E:\xampp\htdocs\code\system\BaseModel.php(584): CodeIgniter\Model->doFindAll(0, 0)
#6 E:\xampp\htdocs\code\app\Models\ProjektaiModel.php(14): CodeIgniter\BaseModel->findAll()
#7 E:\xampp\htdocs\code\app\Controllers\Projektai.php(13): App\Models\ProjektaiModel->getProjektai()
#8 E:\xampp\htdocs\code\system\CodeIgniter.php(824): App\Controllers\Projektai->index()
#9 E:\xampp\htdocs\code\system\CodeIgniter.php(410): CodeIgniter\CodeIgniter->runController(Object(App\Controllers\Projektai))
#10 E:\xampp\htdocs\code\system\CodeIgniter.php(318): CodeIgniter\CodeIgniter->handleRequest(NULL, Object(Config\Cache), false)
#11 E:\xampp\htdocs\code\public\index.php(37): CodeIgniter\CodeIgniter->run()
#12 {main}
ERROR - 2021-11-27 08:13:21 --> Table 'biblioteka.projektai' doesn't exist
CRITICAL - 2021-11-27 08:13:21 --> Table 'biblioteka.projektai' doesn't exist
#0 E:\xampp\htdocs\code\system\Database\MySQLi\Connection.php(292): mysqli->query('SELECT *\nFROM `...', 0)
#1 E:\xampp\htdocs\code\system\Database\BaseConnection.php(670): CodeIgniter\Database\MySQLi\Connection->execute('SELECT *\nFROM `...')
#2 E:\xampp\htdocs\code\system\Database\BaseConnection.php(598): CodeIgniter\Database\BaseConnection->simpleQuery('SELECT *\nFROM `...')
#3 E:\xampp\htdocs\code\system\Database\BaseBuilder.php(1443): CodeIgniter\Database\BaseConnection->query('SELECT *\nFROM `...', Array, false)
#4 E:\xampp\htdocs\code\system\Model.php(183): CodeIgniter\Database\BaseBuilder->get()
#5 E:\xampp\htdocs\code\system\BaseModel.php(584): CodeIgniter\Model->doFindAll(0, 0)
#6 E:\xampp\htdocs\code\app\Models\ProjektaiModel.php(14): CodeIgniter\BaseModel->findAll()
#7 E:\xampp\htdocs\code\app\Controllers\Projektai.php(13): App\Models\ProjektaiModel->getProjektai()
#8 E:\xampp\htdocs\code\system\CodeIgniter.php(824): App\Controllers\Projektai->index()
#9 E:\xampp\htdocs\code\system\CodeIgniter.php(410): CodeIgniter\CodeIgniter->runController(Object(App\Controllers\Projektai))
#10 E:\xampp\htdocs\code\system\CodeIgniter.php(318): CodeIgniter\CodeIgniter->handleRequest(NULL, Object(Config\Cache), false)
#11 E:\xampp\htdocs\code\public\index.php(37): CodeIgniter\CodeIgniter->run()
#12 {main}
ERROR - 2021-11-27 08:23:10 --> Table 'biblioteka.projektai' doesn't exist
CRITICAL - 2021-11-27 08:23:10 --> Table 'biblioteka.projektai' doesn't exist
#0 E:\xampp\htdocs\code\system\Database\MySQLi\Connection.php(292): mysqli->query('SELECT *\nFROM `...', 0)
#1 E:\xampp\htdocs\code\system\Database\BaseConnection.php(670): CodeIgniter\Database\MySQLi\Connection->execute('SELECT *\nFROM `...')
#2 E:\xampp\htdocs\code\system\Database\BaseConnection.php(598): CodeIgniter\Database\BaseConnection->simpleQuery('SELECT *\nFROM `...')
#3 E:\xampp\htdocs\code\system\Database\BaseBuilder.php(1443): CodeIgniter\Database\BaseConnection->query('SELECT *\nFROM `...', Array, false)
#4 E:\xampp\htdocs\code\system\Model.php(183): CodeIgniter\Database\BaseBuilder->get()
#5 E:\xampp\htdocs\code\system\BaseModel.php(584): CodeIgniter\Model->doFindAll(0, 0)
#6 E:\xampp\htdocs\code\app\Models\ProjektaiModel.php(14): CodeIgniter\BaseModel->findAll()
#7 E:\xampp\htdocs\code\app\Controllers\Projektai.php(13): App\Models\ProjektaiModel->getProjektai()
#8 E:\xampp\htdocs\code\system\CodeIgniter.php(824): App\Controllers\Projektai->index()
#9 E:\xampp\htdocs\code\system\CodeIgniter.php(410): CodeIgniter\CodeIgniter->runController(Object(App\Controllers\Projektai))
#10 E:\xampp\htdocs\code\system\CodeIgniter.php(318): CodeIgniter\CodeIgniter->handleRequest(NULL, Object(Config\Cache), false)
#11 E:\xampp\htdocs\code\public\index.php(37): CodeIgniter\CodeIgniter->run()
#12 {main}
CRITICAL - 2021-11-27 08:31:18 --> syntax error, unexpected single-quoted string "", expecting "," or ";"
#0 E:\xampp\htdocs\code\system\Router\Router.php(176): CodeIgniter\Router\Router->autoRoute('nariai')
#1 E:\xampp\htdocs\code\system\CodeIgniter.php(718): CodeIgniter\Router\Router->handle('nariai')
#2 E:\xampp\htdocs\code\system\CodeIgniter.php(359): CodeIgniter\CodeIgniter->tryToRouteIt(Object(CodeIgniter\Router\RouteCollection))
#3 E:\xampp\htdocs\code\system\CodeIgniter.php(318): CodeIgniter\CodeIgniter->handleRequest(NULL, Object(Config\Cache), false)
#4 E:\xampp\htdocs\code\public\index.php(37): CodeIgniter\CodeIgniter->run()
#5 {main}
CRITICAL - 2021-11-27 08:42:19 --> syntax error, unexpected token "return"
#0 E:\xampp\htdocs\code\system\Router\Router.php(176): CodeIgniter\Router\Router->autoRoute('nariai')
#1 E:\xampp\htdocs\code\system\CodeIgniter.php(718): CodeIgniter\Router\Router->handle('nariai')
#2 E:\xampp\htdocs\code\system\CodeIgniter.php(359): CodeIgniter\CodeIgniter->tryToRouteIt(Object(CodeIgniter\Router\RouteCollection))
#3 E:\xampp\htdocs\code\system\CodeIgniter.php(318): CodeIgniter\CodeIgniter->handleRequest(NULL, Object(Config\Cache), false)
#4 E:\xampp\htdocs\code\public\index.php(37): CodeIgniter\CodeIgniter->run()
#5 {main}
ERROR - 2021-11-27 13:05:46 --> Table 'biblioteka.projektai' doesn't exist
CRITICAL - 2021-11-27 13:05:46 --> Table 'biblioteka.projektai' doesn't exist
#0 E:\xampp\htdocs\code\system\Database\MySQLi\Connection.php(292): mysqli->query('SELECT *\nFROM `...', 0)
#1 E:\xampp\htdocs\code\system\Database\BaseConnection.php(670): CodeIgniter\Database\MySQLi\Connection->execute('SELECT *\nFROM `...')
#2 E:\xampp\htdocs\code\system\Database\BaseConnection.php(598): CodeIgniter\Database\BaseConnection->simpleQuery('SELECT *\nFROM `...')
#3 E:\xampp\htdocs\code\system\Database\BaseBuilder.php(1443): CodeIgniter\Database\BaseConnection->query('SELECT *\nFROM `...', Array, false)
#4 E:\xampp\htdocs\code\system\Model.php(183): CodeIgniter\Database\BaseBuilder->get()
#5 E:\xampp\htdocs\code\system\BaseModel.php(584): CodeIgniter\Model->doFindAll(0, 0)
#6 E:\xampp\htdocs\code\app\Models\ProjektaiModel.php(14): CodeIgniter\BaseModel->findAll()
#7 E:\xampp\htdocs\code\app\Controllers\Projektai.php(13): App\Models\ProjektaiModel->getProjektai()
#8 E:\xampp\htdocs\code\system\CodeIgniter.php(824): App\Controllers\Projektai->index()
#9 E:\xampp\htdocs\code\system\CodeIgniter.php(410): CodeIgniter\CodeIgniter->runController(Object(App\Controllers\Projektai))
#10 E:\xampp\htdocs\code\system\CodeIgniter.php(318): CodeIgniter\CodeIgniter->handleRequest(NULL, Object(Config\Cache), false)
#11 E:\xampp\htdocs\code\public\index.php(37): CodeIgniter\CodeIgniter->run()
#12 {main}
CRITICAL - 2021-11-27 13:32:56 --> Deletes are not allowed unless they contain a "where" or "like" clause.
#0 E:\xampp\htdocs\code\system\Model.php(359): CodeIgniter\Database\BaseBuilder->delete()
#1 E:\xampp\htdocs\code\system\BaseModel.php(963): CodeIgniter\Model->doDelete(false, false)
#2 E:\xampp\htdocs\code\app\Controllers\Nariai.php(53): CodeIgniter\BaseModel->delete(false)
#3 E:\xampp\htdocs\code\system\CodeIgniter.php(824): App\Controllers\Nariai->istrinti()
#4 E:\xampp\htdocs\code\system\CodeIgniter.php(410): CodeIgniter\CodeIgniter->runController(Object(App\Controllers\Nariai))
#5 E:\xampp\htdocs\code\system\CodeIgniter.php(318): CodeIgniter\CodeIgniter->handleRequest(NULL, Object(Config\Cache), false)
#6 E:\xampp\htdocs\code\public\index.php(37): CodeIgniter\CodeIgniter->run()
#7 {main}
CRITICAL - 2021-11-27 13:38:11 --> Undefined variable $model
#0 E:\xampp\htdocs\code\app\Controllers\Nariai.php(20): CodeIgniter\Debug\Exceptions->errorHandler(2, 'Undefined varia...', 'E:\\xampp\\htdocs...', 20)
#1 E:\xampp\htdocs\code\system\CodeIgniter.php(824): App\Controllers\Nariai->index()
#2 E:\xampp\htdocs\code\system\CodeIgniter.php(410): CodeIgniter\CodeIgniter->runController(Object(App\Controllers\Nariai))
#3 E:\xampp\htdocs\code\system\CodeIgniter.php(318): CodeIgniter\CodeIgniter->handleRequest(NULL, Object(Config\Cache), false)
#4 E:\xampp\htdocs\code\public\index.php(37): CodeIgniter\CodeIgniter->run()
#5 {main}
CRITICAL - 2021-11-27 13:38:42 --> Call to a member function getNariai() on null
#0 E:\xampp\htdocs\code\system\CodeIgniter.php(824): App\Controllers\Nariai->index()
#1 E:\xampp\htdocs\code\system\CodeIgniter.php(410): CodeIgniter\CodeIgniter->runController(Object(App\Controllers\Nariai))
#2 E:\xampp\htdocs\code\system\CodeIgniter.php(318): CodeIgniter\CodeIgniter->handleRequest(NULL, Object(Config\Cache), false)
#3 E:\xampp\htdocs\code\public\index.php(37): CodeIgniter\CodeIgniter->run()
#4 {main}
CRITICAL - 2021-11-27 13:40:17 --> Deletes are not allowed unless they contain a "where" or "like" clause.
#0 E:\xampp\htdocs\code\system\Model.php(359): CodeIgniter\Database\BaseBuilder->delete()
#1 E:\xampp\htdocs\code\system\BaseModel.php(963): CodeIgniter\Model->doDelete(false, false)
#2 E:\xampp\htdocs\code\app\Controllers\Nariai.php(60): CodeIgniter\BaseModel->delete(false)
#3 E:\xampp\htdocs\code\system\CodeIgniter.php(824): App\Controllers\Nariai->istrinti()
#4 E:\xampp\htdocs\code\system\CodeIgniter.php(410): CodeIgniter\CodeIgniter->runController(Object(App\Controllers\Nariai))
#5 E:\xampp\htdocs\code\system\CodeIgniter.php(318): CodeIgniter\CodeIgniter->handleRequest(NULL, Object(Config\Cache), false)
#6 E:\xampp\htdocs\code\public\index.php(37): CodeIgniter\CodeIgniter->run()
#7 {main}
CRITICAL - 2021-11-27 13:46:54 --> Deletes are not allowed unless they contain a "where" or "like" clause.
#0 E:\xampp\htdocs\code\system\Model.php(359): CodeIgniter\Database\BaseBuilder->delete()
#1 E:\xampp\htdocs\code\system\BaseModel.php(963): CodeIgniter\Model->doDelete(false, false)
#2 E:\xampp\htdocs\code\app\Controllers\Nariai.php(53): CodeIgniter\BaseModel->delete(false)
#3 E:\xampp\htdocs\code\system\CodeIgniter.php(824): App\Controllers\Nariai->istrinti()
#4 E:\xampp\htdocs\code\system\CodeIgniter.php(410): CodeIgniter\CodeIgniter->runController(Object(App\Controllers\Nariai))
#5 E:\xampp\htdocs\code\system\CodeIgniter.php(318): CodeIgniter\CodeIgniter->handleRequest(NULL, Object(Config\Cache), false)
#6 E:\xampp\htdocs\code\public\index.php(37): CodeIgniter\CodeIgniter->run()
#7 {main}
CRITICAL - 2021-11-27 13:47:00 --> Undefined variable $model
#0 E:\xampp\htdocs\code\app\Controllers\Nariai.php(39): CodeIgniter\Debug\Exceptions->errorHandler(2, 'Undefined varia...', 'E:\\xampp\\htdocs...', 39)
#1 E:\xampp\htdocs\code\system\CodeIgniter.php(824): App\Controllers\Nariai->redaguoti('3')
#2 E:\xampp\htdocs\code\system\CodeIgniter.php(410): CodeIgniter\CodeIgniter->runController(Object(App\Controllers\Nariai))
#3 E:\xampp\htdocs\code\system\CodeIgniter.php(318): CodeIgniter\CodeIgniter->handleRequest(NULL, Object(Config\Cache), false)
#4 E:\xampp\htdocs\code\public\index.php(37): CodeIgniter\CodeIgniter->run()
#5 {main}
CRITICAL - 2021-11-27 14:12:46 --> syntax error, unexpected single-quoted string "pavarde", expecting "]"
#0 E:\xampp\htdocs\code\system\Router\Router.php(176): CodeIgniter\Router\Router->autoRoute('nariai')
#1 E:\xampp\htdocs\code\system\CodeIgniter.php(718): CodeIgniter\Router\Router->handle('nariai')
#2 E:\xampp\htdocs\code\system\CodeIgniter.php(359): CodeIgniter\CodeIgniter->tryToRouteIt(Object(CodeIgniter\Router\RouteCollection))
#3 E:\xampp\htdocs\code\system\CodeIgniter.php(318): CodeIgniter\CodeIgniter->handleRequest(NULL, Object(Config\Cache), false)
#4 E:\xampp\htdocs\code\public\index.php(37): CodeIgniter\CodeIgniter->run()
#5 {main}
CRITICAL - 2021-11-27 14:13:14 --> syntax error, unexpected token ";", expecting ")"
#0 E:\xampp\htdocs\code\system\Router\Router.php(176): CodeIgniter\Router\Router->autoRoute('nariai')
#1 E:\xampp\htdocs\code\system\CodeIgniter.php(718): CodeIgniter\Router\Router->handle('nariai')
#2 E:\xampp\htdocs\code\system\CodeIgniter.php(359): CodeIgniter\CodeIgniter->tryToRouteIt(Object(CodeIgniter\Router\RouteCollection))
#3 E:\xampp\htdocs\code\system\CodeIgniter.php(318): CodeIgniter\CodeIgniter->handleRequest(NULL, Object(Config\Cache), false)
#4 E:\xampp\htdocs\code\public\index.php(37): CodeIgniter\CodeIgniter->run()
#5 {main}
CRITICAL - 2021-11-27 14:13:50 --> Deletes are not allowed unless they contain a "where" or "like" clause.
#0 E:\xampp\htdocs\code\system\Model.php(359): CodeIgniter\Database\BaseBuilder->delete()
#1 E:\xampp\htdocs\code\system\BaseModel.php(963): CodeIgniter\Model->doDelete(false, false)
#2 E:\xampp\htdocs\code\app\Controllers\Nariai.php(85): CodeIgniter\BaseModel->delete(false)
#3 E:\xampp\htdocs\code\system\CodeIgniter.php(824): App\Controllers\Nariai->istrinti()
#4 E:\xampp\htdocs\code\system\CodeIgniter.php(410): CodeIgniter\CodeIgniter->runController(Object(App\Controllers\Nariai))
#5 E:\xampp\htdocs\code\system\CodeIgniter.php(318): CodeIgniter\CodeIgniter->handleRequest(NULL, Object(Config\Cache), false)
#6 E:\xampp\htdocs\code\public\index.php(37): CodeIgniter\CodeIgniter->run()
#7 {main}
ERROR - 2021-11-27 14:17:20 --> Duplicate entry 'dzione@m.c' for key 'el. paštas'
CRITICAL - 2021-11-27 14:17:20 --> Duplicate entry 'dzione@m.c' for key 'el. paštas'
#0 E:\xampp\htdocs\code\system\Database\MySQLi\Connection.php(292): mysqli->query('INSERT INTO `na...', 0)
#1 E:\xampp\htdocs\code\system\Database\BaseConnection.php(670): CodeIgniter\Database\MySQLi\Connection->execute('INSERT INTO `na...')
#2 E:\xampp\htdocs\code\system\Database\BaseConnection.php(598): CodeIgniter\Database\BaseConnection->simpleQuery('INSERT INTO `na...')
#3 E:\xampp\htdocs\code\system\Database\BaseBuilder.php(1759): CodeIgniter\Database\BaseConnection->query('INSERT INTO `na...', Array, false)
#4 E:\xampp\htdocs\code\system\Model.php(239): CodeIgniter\Database\BaseBuilder->insert()
#5 E:\xampp\htdocs\code\system\BaseModel.php(738): CodeIgniter\Model->doInsert(Array)
#6 E:\xampp\htdocs\code\system\Model.php(620): CodeIgniter\BaseModel->insert(Array, true)
#7 E:\xampp\htdocs\code\app\Controllers\Nariai.php(41): CodeIgniter\Model->insert(Array)
#8 E:\xampp\htdocs\code\system\CodeIgniter.php(824): App\Controllers\Nariai->naujas()
#9 E:\xampp\htdocs\code\system\CodeIgniter.php(410): CodeIgniter\CodeIgniter->runController(Object(App\Controllers\Nariai))
#10 E:\xampp\htdocs\code\system\CodeIgniter.php(318): CodeIgniter\CodeIgniter->handleRequest(NULL, Object(Config\Cache), false)
#11 E:\xampp\htdocs\code\public\index.php(37): CodeIgniter\CodeIgniter->run()
#12 {main}
CRITICAL - 2021-11-27 14:31:04 --> Undefined variable $model
#0 E:\xampp\htdocs\code\app\Controllers\Knygos.php(15): CodeIgniter\Debug\Exceptions->errorHandler(2, 'Undefined varia...', 'E:\\xampp\\htdocs...', 15)
#1 E:\xampp\htdocs\code\system\CodeIgniter.php(824): App\Controllers\Knygos->index()
#2 E:\xampp\htdocs\code\system\CodeIgniter.php(410): CodeIgniter\CodeIgniter->runController(Object(App\Controllers\Knygos))
#3 E:\xampp\htdocs\code\system\CodeIgniter.php(318): CodeIgniter\CodeIgniter->handleRequest(NULL, Object(Config\Cache), false)
#4 E:\xampp\htdocs\code\public\index.php(37): CodeIgniter\CodeIgniter->run()
#5 {main}
CRITICAL - 2021-11-27 14:35:25 --> Undefined variable $narys
#0 E:\xampp\htdocs\code\app\Views\knygos.php(27): CodeIgniter\Debug\Exceptions->errorHandler(2, 'Undefined varia...', 'E:\\xampp\\htdocs...', 27)
#1 E:\xampp\htdocs\code\system\View\View.php(214): include('E:\\xampp\\htdocs...')
#2 E:\xampp\htdocs\code\system\View\View.php(217): CodeIgniter\View\View->CodeIgniter\View\{closure}()
#3 E:\xampp\htdocs\code\system\Common.php(1097): CodeIgniter\View\View->render('knygos', Array, true)
#4 E:\xampp\htdocs\code\app\Controllers\BaseController.php(56): view('knygos', Array)
#5 E:\xampp\htdocs\code\app\Controllers\Knygos.php(17): App\Controllers\BaseController->template('knygos', Array)
#6 E:\xampp\htdocs\code\system\CodeIgniter.php(824): App\Controllers\Knygos->index()
#7 E:\xampp\htdocs\code\system\CodeIgniter.php(410): CodeIgniter\CodeIgniter->runController(Object(App\Controllers\Knygos))
#8 E:\xampp\htdocs\code\system\CodeIgniter.php(318): CodeIgniter\CodeIgniter->handleRequest(NULL, Object(Config\Cache), false)
#9 E:\xampp\htdocs\code\public\index.php(37): CodeIgniter\CodeIgniter->run()
#10 {main}
CRITICAL - 2021-11-27 14:35:42 --> Undefined variable $knygos
#0 E:\xampp\htdocs\code\app\Views\knygos.php(18): CodeIgniter\Debug\Exceptions->errorHandler(2, 'Undefined varia...', 'E:\\xampp\\htdocs...', 18)
#1 E:\xampp\htdocs\code\system\View\View.php(214): include('E:\\xampp\\htdocs...')
#2 E:\xampp\htdocs\code\system\View\View.php(217): CodeIgniter\View\View->CodeIgniter\View\{closure}()
#3 E:\xampp\htdocs\code\system\Common.php(1097): CodeIgniter\View\View->render('knygos', Array, true)
#4 E:\xampp\htdocs\code\app\Controllers\BaseController.php(56): view('knygos', Array)
#5 E:\xampp\htdocs\code\app\Controllers\Knygos.php(83): App\Controllers\BaseController->template('knygos', Array)
#6 E:\xampp\htdocs\code\system\CodeIgniter.php(824): App\Controllers\Knygos->redaguoti('1')
#7 E:\xampp\htdocs\code\system\CodeIgniter.php(410): CodeIgniter\CodeIgniter->runController(Object(App\Controllers\Knygos))
#8 E:\xampp\htdocs\code\system\CodeIgniter.php(318): CodeIgniter\CodeIgniter->handleRequest(NULL, Object(Config\Cache), false)
#9 E:\xampp\htdocs\code\public\index.php(37): CodeIgniter\CodeIgniter->run()
#10 {main}
CRITICAL - 2021-11-27 14:39:22 --> Undefined variable $knygos
#0 E:\xampp\htdocs\code\app\Views\knygos.php(18): CodeIgniter\Debug\Exceptions->errorHandler(2, 'Undefined varia...', 'E:\\xampp\\htdocs...', 18)
#1 E:\xampp\htdocs\code\system\View\View.php(214): include('E:\\xampp\\htdocs...')
#2 E:\xampp\htdocs\code\system\View\View.php(217): CodeIgniter\View\View->CodeIgniter\View\{closure}()
#3 E:\xampp\htdocs\code\system\Common.php(1097): CodeIgniter\View\View->render('knygos', Array, true)
#4 E:\xampp\htdocs\code\app\Controllers\BaseController.php(56): view('knygos', Array)
#5 E:\xampp\htdocs\code\app\Controllers\Knygos.php(85): App\Controllers\BaseController->template('knygos', Array)
#6 E:\xampp\htdocs\code\system\CodeIgniter.php(824): App\Controllers\Knygos->redaguoti('1')
#7 E:\xampp\htdocs\code\system\CodeIgniter.php(410): CodeIgniter\CodeIgniter->runController(Object(App\Controllers\Knygos))
#8 E:\xampp\htdocs\code\system\CodeIgniter.php(318): CodeIgniter\CodeIgniter->handleRequest(NULL, Object(Config\Cache), false)
#9 E:\xampp\htdocs\code\public\index.php(37): CodeIgniter\CodeIgniter->run()
#10 {main}
CRITICAL - 2021-11-27 14:40:39 --> Invalid file: knyga.php
#0 E:\xampp\htdocs\code\system\View\View.php(198): CodeIgniter\Exceptions\FrameworkException::forInvalidFile('knyga.php')
#1 E:\xampp\htdocs\code\system\Common.php(1097): CodeIgniter\View\View->render('knyga', Array, true)
#2 E:\xampp\htdocs\code\app\Controllers\BaseController.php(56): view('knyga', Array)
#3 E:\xampp\htdocs\code\app\Controllers\Knygos.php(85): App\Controllers\BaseController->template('knyga', Array)
#4 E:\xampp\htdocs\code\system\CodeIgniter.php(824): App\Controllers\Knygos->redaguoti('1')
#5 E:\xampp\htdocs\code\system\CodeIgniter.php(410): CodeIgniter\CodeIgniter->runController(Object(App\Controllers\Knygos))
#6 E:\xampp\htdocs\code\system\CodeIgniter.php(318): CodeIgniter\CodeIgniter->handleRequest(NULL, Object(Config\Cache), false)
#7 E:\xampp\htdocs\code\public\index.php(37): CodeIgniter\CodeIgniter->run()
#8 {main}
CRITICAL - 2021-11-27 14:42:19 --> Undefined variable $esami_autoriai
#0 E:\xampp\htdocs\code\app\Views\knyga.php(12): CodeIgniter\Debug\Exceptions->errorHandler(2, 'Undefined varia...', 'E:\\xampp\\htdocs...', 12)
#1 E:\xampp\htdocs\code\system\View\View.php(214): include('E:\\xampp\\htdocs...')
#2 E:\xampp\htdocs\code\system\View\View.php(217): CodeIgniter\View\View->CodeIgniter\View\{closure}()
#3 E:\xampp\htdocs\code\system\Common.php(1097): CodeIgniter\View\View->render('knyga', Array, true)
#4 E:\xampp\htdocs\code\app\Controllers\BaseController.php(56): view('knyga', Array)
#5 E:\xampp\htdocs\code\app\Controllers\Knygos.php(85): App\Controllers\BaseController->template('knyga', Array)
#6 E:\xampp\htdocs\code\system\CodeIgniter.php(824): App\Controllers\Knygos->redaguoti('1')
#7 E:\xampp\htdocs\code\system\CodeIgniter.php(410): CodeIgniter\CodeIgniter->runController(Object(App\Controllers\Knygos))
#8 E:\xampp\htdocs\code\system\CodeIgniter.php(318): CodeIgniter\CodeIgniter->handleRequest(NULL, Object(Config\Cache), false)
#9 E:\xampp\htdocs\code\public\index.php(37): CodeIgniter\CodeIgniter->run()
#10 {main}
CRITICAL - 2021-11-27 14:45:22 --> Undefined variable $conn
#0 E:\xampp\htdocs\code\app\Views\knyga.php(3): CodeIgniter\Debug\Exceptions->errorHandler(2, 'Undefined varia...', 'E:\\xampp\\htdocs...', 3)
#1 E:\xampp\htdocs\code\system\View\View.php(214): include('E:\\xampp\\htdocs...')
#2 E:\xampp\htdocs\code\system\View\View.php(217): CodeIgniter\View\View->CodeIgniter\View\{closure}()
#3 E:\xampp\htdocs\code\system\Common.php(1097): CodeIgniter\View\View->render('knyga', Array, true)
#4 E:\xampp\htdocs\code\app\Controllers\BaseController.php(56): view('knyga', Array)
#5 E:\xampp\htdocs\code\app\Controllers\Knygos.php(85): App\Controllers\BaseController->template('knyga', Array)
#6 E:\xampp\htdocs\code\system\CodeIgniter.php(824): App\Controllers\Knygos->redaguoti('1')
#7 E:\xampp\htdocs\code\system\CodeIgniter.php(410): CodeIgniter\CodeIgniter->runController(Object(App\Controllers\Knygos))
#8 E:\xampp\htdocs\code\system\CodeIgniter.php(318): CodeIgniter\CodeIgniter->handleRequest(NULL, Object(Config\Cache), false)
#9 E:\xampp\htdocs\code\public\index.php(37): CodeIgniter\CodeIgniter->run()
#10 {main}
CRITICAL - 2021-11-27 14:46:09 --> Undefined variable $conn
#0 E:\xampp\htdocs\code\app\Views\knyga.php(3): CodeIgniter\Debug\Exceptions->errorHandler(2, 'Undefined varia...', 'E:\\xampp\\htdocs...', 3)
#1 E:\xampp\htdocs\code\system\View\View.php(214): include('E:\\xampp\\htdocs...')
#2 E:\xampp\htdocs\code\system\View\View.php(217): CodeIgniter\View\View->CodeIgniter\View\{closure}()
#3 E:\xampp\htdocs\code\system\Common.php(1097): CodeIgniter\View\View->render('knyga', Array, true)
#4 E:\xampp\htdocs\code\app\Controllers\BaseController.php(56): view('knyga', Array)
#5 E:\xampp\htdocs\code\app\Controllers\Knygos.php(86): App\Controllers\BaseController->template('knyga', Array)
#6 E:\xampp\htdocs\code\system\CodeIgniter.php(824): App\Controllers\Knygos->redaguoti('1')
#7 E:\xampp\htdocs\code\system\CodeIgniter.php(410): CodeIgniter\CodeIgniter->runController(Object(App\Controllers\Knygos))
#8 E:\xampp\htdocs\code\system\CodeIgniter.php(318): CodeIgniter\CodeIgniter->handleRequest(NULL, Object(Config\Cache), false)
#9 E:\xampp\htdocs\code\public\index.php(37): CodeIgniter\CodeIgniter->run()
#10 {main}
CRITICAL - 2021-11-27 14:47:37 --> mysqli_fetch_assoc(): Argument #1 ($result) must be of type mysqli_result, array given
#0 E:\xampp\htdocs\code\app\Views\knyga.php(7): mysqli_fetch_assoc(Array)
#1 E:\xampp\htdocs\code\system\View\View.php(214): include('E:\\xampp\\htdocs...')
#2 E:\xampp\htdocs\code\system\View\View.php(217): CodeIgniter\View\View->CodeIgniter\View\{closure}()
#3 E:\xampp\htdocs\code\system\Common.php(1097): CodeIgniter\View\View->render('knyga', Array, true)
#4 E:\xampp\htdocs\code\app\Controllers\BaseController.php(56): view('knyga', Array)
#5 E:\xampp\htdocs\code\app\Controllers\Knygos.php(86): App\Controllers\BaseController->template('knyga', Array)
#6 E:\xampp\htdocs\code\system\CodeIgniter.php(824): App\Controllers\Knygos->redaguoti('1')
#7 E:\xampp\htdocs\code\system\CodeIgniter.php(410): CodeIgniter\CodeIgniter->runController(Object(App\Controllers\Knygos))
#8 E:\xampp\htdocs\code\system\CodeIgniter.php(318): CodeIgniter\CodeIgniter->handleRequest(NULL, Object(Config\Cache), false)
#9 E:\xampp\htdocs\code\public\index.php(37): CodeIgniter\CodeIgniter->run()
#10 {main}
CRITICAL - 2021-11-27 14:55:52 --> Undefined variable $esami_autoriai
#0 E:\xampp\htdocs\code\app\Views\knyga.php(9): CodeIgniter\Debug\Exceptions->errorHandler(2, 'Undefined varia...', 'E:\\xampp\\htdocs...', 9)
#1 E:\xampp\htdocs\code\system\View\View.php(214): include('E:\\xampp\\htdocs...')
#2 E:\xampp\htdocs\code\system\View\View.php(217): CodeIgniter\View\View->CodeIgniter\View\{closure}()
#3 E:\xampp\htdocs\code\system\Common.php(1097): CodeIgniter\View\View->render('knyga', Array, true)
#4 E:\xampp\htdocs\code\app\Controllers\BaseController.php(56): view('knyga', Array)
#5 E:\xampp\htdocs\code\app\Controllers\Knygos.php(51): App\Controllers\BaseController->template('knyga', Array)
#6 E:\xampp\htdocs\code\system\CodeIgniter.php(824): App\Controllers\Knygos->nauja()
#7 E:\xampp\htdocs\code\system\CodeIgniter.php(410): CodeIgniter\CodeIgniter->runController(Object(App\Controllers\Knygos))
#8 E:\xampp\htdocs\code\system\CodeIgniter.php(318): CodeIgniter\CodeIgniter->handleRequest(NULL, Object(Config\Cache), false)
#9 E:\xampp\htdocs\code\public\index.php(37): CodeIgniter\CodeIgniter->run()
#10 {main}
CRITICAL - 2021-11-27 14:56:57 --> Undefined variable $esami_autoriai
#0 E:\xampp\htdocs\code\app\Views\knyga.php(9): CodeIgniter\Debug\Exceptions->errorHandler(2, 'Undefined varia...', 'E:\\xampp\\htdocs...', 9)
#1 E:\xampp\htdocs\code\system\View\View.php(214): include('E:\\xampp\\htdocs...')
#2 E:\xampp\htdocs\code\system\View\View.php(217): CodeIgniter\View\View->CodeIgniter\View\{closure}()
#3 E:\xampp\htdocs\code\system\Common.php(1097): CodeIgniter\View\View->render('knyga', Array, true)
#4 E:\xampp\htdocs\code\app\Controllers\BaseController.php(56): view('knyga', Array)
#5 E:\xampp\htdocs\code\app\Controllers\Knygos.php(52): App\Controllers\BaseController->template('knyga', Array)
#6 E:\xampp\htdocs\code\system\CodeIgniter.php(824): App\Controllers\Knygos->nauja()
#7 E:\xampp\htdocs\code\system\CodeIgniter.php(410): CodeIgniter\CodeIgniter->runController(Object(App\Controllers\Knygos))
#8 E:\xampp\htdocs\code\system\CodeIgniter.php(318): CodeIgniter\CodeIgniter->handleRequest(NULL, Object(Config\Cache), false)
#9 E:\xampp\htdocs\code\public\index.php(37): CodeIgniter\CodeIgniter->run()
#10 {main}
CRITICAL - 2021-11-27 14:57:15 --> Undefined variable $esami_autoriai
#0 E:\xampp\htdocs\code\app\Views\knyga.php(9): CodeIgniter\Debug\Exceptions->errorHandler(2, 'Undefined varia...', 'E:\\xampp\\htdocs...', 9)
#1 E:\xampp\htdocs\code\system\View\View.php(214): include('E:\\xampp\\htdocs...')
#2 E:\xampp\htdocs\code\system\View\View.php(217): CodeIgniter\View\View->CodeIgniter\View\{closure}()
#3 E:\xampp\htdocs\code\system\Common.php(1097): CodeIgniter\View\View->render('knyga', Array, true)
#4 E:\xampp\htdocs\code\app\Controllers\BaseController.php(56): view('knyga', Array)
#5 E:\xampp\htdocs\code\app\Controllers\Knygos.php(52): App\Controllers\BaseController->template('knyga', Array)
#6 E:\xampp\htdocs\code\system\CodeIgniter.php(824): App\Controllers\Knygos->nauja()
#7 E:\xampp\htdocs\code\system\CodeIgniter.php(410): CodeIgniter\CodeIgniter->runController(Object(App\Controllers\Knygos))
#8 E:\xampp\htdocs\code\system\CodeIgniter.php(318): CodeIgniter\CodeIgniter->handleRequest(NULL, Object(Config\Cache), false)
#9 E:\xampp\htdocs\code\public\index.php(37): CodeIgniter\CodeIgniter->run()
#10 {main}
ERROR - 2021-11-27 14:58:17 --> Cannot add or update a child row: a foreign key constraint fails (`biblioteka`.`knygos`, CONSTRAINT `knygos_ibfk_1` FOREIGN KEY (`autoriaus_id`) REFERENCES `autoriai` (`id`) ON DELETE CASCADE ON UPDATE CASCADE)
CRITICAL - 2021-11-27 14:58:17 --> Cannot add or update a child row: a foreign key constraint fails (`biblioteka`.`knygos`, CONSTRAINT `knygos_ibfk_1` FOREIGN KEY (`autoriaus_id`) REFERENCES `autoriai` (`id`) ON DELETE CASCADE ON UPDATE CASCADE)
#0 E:\xampp\htdocs\code\system\Database\MySQLi\Connection.php(292): mysqli->query('INSERT INTO `kn...', 0)
#1 E:\xampp\htdocs\code\system\Database\BaseConnection.php(670): CodeIgniter\Database\MySQLi\Connection->execute('INSERT INTO `kn...')
#2 E:\xampp\htdocs\code\system\Database\BaseConnection.php(598): CodeIgniter\Database\BaseConnection->simpleQuery('INSERT INTO `kn...')
#3 E:\xampp\htdocs\code\system\Database\BaseBuilder.php(1759): CodeIgniter\Database\BaseConnection->query('INSERT INTO `kn...', Array, false)
#4 E:\xampp\htdocs\code\system\Model.php(239): CodeIgniter\Database\BaseBuilder->insert()
#5 E:\xampp\htdocs\code\system\BaseModel.php(738): CodeIgniter\Model->doInsert(Array)
#6 E:\xampp\htdocs\code\system\Model.php(620): CodeIgniter\BaseModel->insert(Array, true)
#7 E:\xampp\htdocs\code\app\Controllers\Knygos.php(42): CodeIgniter\Model->insert(Array)
#8 E:\xampp\htdocs\code\system\CodeIgniter.php(824): App\Controllers\Knygos->nauja()
#9 E:\xampp\htdocs\code\system\CodeIgniter.php(410): CodeIgniter\CodeIgniter->runController(Object(App\Controllers\Knygos))
#10 E:\xampp\htdocs\code\system\CodeIgniter.php(318): CodeIgniter\CodeIgniter->handleRequest(NULL, Object(Config\Cache), false)
#11 E:\xampp\htdocs\code\public\index.php(37): CodeIgniter\CodeIgniter->run()
#12 {main}
ERROR - 2021-11-27 15:05:19 --> Cannot add or update a child row: a foreign key constraint fails (`biblioteka`.`knygos`, CONSTRAINT `knygos_ibfk_1` FOREIGN KEY (`autoriaus_id`) REFERENCES `autoriai` (`id`) ON DELETE CASCADE ON UPDATE CASCADE)
CRITICAL - 2021-11-27 15:05:19 --> Cannot add or update a child row: a foreign key constraint fails (`biblioteka`.`knygos`, CONSTRAINT `knygos_ibfk_1` FOREIGN KEY (`autoriaus_id`) REFERENCES `autoriai` (`id`) ON DELETE CASCADE ON UPDATE CASCADE)
#0 E:\xampp\htdocs\code\system\Database\MySQLi\Connection.php(292): mysqli->query('INSERT INTO `kn...', 0)
#1 E:\xampp\htdocs\code\system\Database\BaseConnection.php(670): CodeIgniter\Database\MySQLi\Connection->execute('INSERT INTO `kn...')
#2 E:\xampp\htdocs\code\system\Database\BaseConnection.php(598): CodeIgniter\Database\BaseConnection->simpleQuery('INSERT INTO `kn...')
#3 E:\xampp\htdocs\code\system\Database\BaseBuilder.php(1759): CodeIgniter\Database\BaseConnection->query('INSERT INTO `kn...', Array, false)
#4 E:\xampp\htdocs\code\system\Model.php(239): CodeIgniter\Database\BaseBuilder->insert()
#5 E:\xampp\htdocs\code\system\BaseModel.php(738): CodeIgniter\Model->doInsert(Array)
#6 E:\xampp\htdocs\code\system\Model.php(620): CodeIgniter\BaseModel->insert(Array, true)
#7 E:\xampp\htdocs\code\app\Controllers\Knygos.php(42): CodeIgniter\Model->insert(Array)
#8 E:\xampp\htdocs\code\system\CodeIgniter.php(824): App\Controllers\Knygos->nauja()
#9 E:\xampp\htdocs\code\system\CodeIgniter.php(410): CodeIgniter\CodeIgniter->runController(Object(App\Controllers\Knygos))
#10 E:\xampp\htdocs\code\system\CodeIgniter.php(318): CodeIgniter\CodeIgniter->handleRequest(NULL, Object(Config\Cache), false)
#11 E:\xampp\htdocs\code\public\index.php(37): CodeIgniter\CodeIgniter->run()
#12 {main}
ERROR - 2021-11-27 15:05:23 --> Cannot add or update a child row: a foreign key constraint fails (`biblioteka`.`knygos`, CONSTRAINT `knygos_ibfk_1` FOREIGN KEY (`autoriaus_id`) REFERENCES `autoriai` (`id`) ON DELETE CASCADE ON UPDATE CASCADE)
CRITICAL - 2021-11-27 15:05:23 --> Cannot add or update a child row: a foreign key constraint fails (`biblioteka`.`knygos`, CONSTRAINT `knygos_ibfk_1` FOREIGN KEY (`autoriaus_id`) REFERENCES `autoriai` (`id`) ON DELETE CASCADE ON UPDATE CASCADE)
#0 E:\xampp\htdocs\code\system\Database\MySQLi\Connection.php(292): mysqli->query('INSERT INTO `kn...', 0)
#1 E:\xampp\htdocs\code\system\Database\BaseConnection.php(670): CodeIgniter\Database\MySQLi\Connection->execute('INSERT INTO `kn...')
#2 E:\xampp\htdocs\code\system\Database\BaseConnection.php(598): CodeIgniter\Database\BaseConnection->simpleQuery('INSERT INTO `kn...')
#3 E:\xampp\htdocs\code\system\Database\BaseBuilder.php(1759): CodeIgniter\Database\BaseConnection->query('INSERT INTO `kn...', Array, false)
#4 E:\xampp\htdocs\code\system\Model.php(239): CodeIgniter\Database\BaseBuilder->insert()
#5 E:\xampp\htdocs\code\system\BaseModel.php(738): CodeIgniter\Model->doInsert(Array)
#6 E:\xampp\htdocs\code\system\Model.php(620): CodeIgniter\BaseModel->insert(Array, true)
#7 E:\xampp\htdocs\code\app\Controllers\Knygos.php(42): CodeIgniter\Model->insert(Array)
#8 E:\xampp\htdocs\code\system\CodeIgniter.php(824): App\Controllers\Knygos->nauja()
#9 E:\xampp\htdocs\code\system\CodeIgniter.php(410): CodeIgniter\CodeIgniter->runController(Object(App\Controllers\Knygos))
#10 E:\xampp\htdocs\code\system\CodeIgniter.php(318): CodeIgniter\CodeIgniter->handleRequest(NULL, Object(Config\Cache), false)
#11 E:\xampp\htdocs\code\public\index.php(37): CodeIgniter\CodeIgniter->run()
#12 {main}
ERROR - 2021-11-27 15:05:27 --> Cannot add or update a child row: a foreign key constraint fails (`biblioteka`.`knygos`, CONSTRAINT `knygos_ibfk_1` FOREIGN KEY (`autoriaus_id`) REFERENCES `autoriai` (`id`) ON DELETE CASCADE ON UPDATE CASCADE)
CRITICAL - 2021-11-27 15:05:27 --> Cannot add or update a child row: a foreign key constraint fails (`biblioteka`.`knygos`, CONSTRAINT `knygos_ibfk_1` FOREIGN KEY (`autoriaus_id`) REFERENCES `autoriai` (`id`) ON DELETE CASCADE ON UPDATE CASCADE)
#0 E:\xampp\htdocs\code\system\Database\MySQLi\Connection.php(292): mysqli->query('INSERT INTO `kn...', 0)
#1 E:\xampp\htdocs\code\system\Database\BaseConnection.php(670): CodeIgniter\Database\MySQLi\Connection->execute('INSERT INTO `kn...')
#2 E:\xampp\htdocs\code\system\Database\BaseConnection.php(598): CodeIgniter\Database\BaseConnection->simpleQuery('INSERT INTO `kn...')
#3 E:\xampp\htdocs\code\system\Database\BaseBuilder.php(1759): CodeIgniter\Database\BaseConnection->query('INSERT INTO `kn...', Array, false)
#4 E:\xampp\htdocs\code\system\Model.php(239): CodeIgniter\Database\BaseBuilder->insert()
#5 E:\xampp\htdocs\code\system\BaseModel.php(738): CodeIgniter\Model->doInsert(Array)
#6 E:\xampp\htdocs\code\system\Model.php(620): CodeIgniter\BaseModel->insert(Array, true)
#7 E:\xampp\htdocs\code\app\Controllers\Knygos.php(42): CodeIgniter\Model->insert(Array)
#8 E:\xampp\htdocs\code\system\CodeIgniter.php(824): App\Controllers\Knygos->nauja()
#9 E:\xampp\htdocs\code\system\CodeIgniter.php(410): CodeIgniter\CodeIgniter->runController(Object(App\Controllers\Knygos))
#10 E:\xampp\htdocs\code\system\CodeIgniter.php(318): CodeIgniter\CodeIgniter->handleRequest(NULL, Object(Config\Cache), false)
#11 E:\xampp\htdocs\code\public\index.php(37): CodeIgniter\CodeIgniter->run()
#12 {main}
ERROR - 2021-11-27 15:09:22 --> Cannot add or update a child row: a foreign key constraint fails (`biblioteka`.`knygos`, CONSTRAINT `knygos_ibfk_1` FOREIGN KEY (`autoriaus_id`) REFERENCES `autoriai` (`id`) ON DELETE CASCADE ON UPDATE CASCADE)
CRITICAL - 2021-11-27 15:09:22 --> Cannot add or update a child row: a foreign key constraint fails (`biblioteka`.`knygos`, CONSTRAINT `knygos_ibfk_1` FOREIGN KEY (`autoriaus_id`) REFERENCES `autoriai` (`id`) ON DELETE CASCADE ON UPDATE CASCADE)
#0 E:\xampp\htdocs\code\system\Database\MySQLi\Connection.php(292): mysqli->query('INSERT INTO `kn...', 0)
#1 E:\xampp\htdocs\code\system\Database\BaseConnection.php(670): CodeIgniter\Database\MySQLi\Connection->execute('INSERT INTO `kn...')
#2 E:\xampp\htdocs\code\system\Database\BaseConnection.php(598): CodeIgniter\Database\BaseConnection->simpleQuery('INSERT INTO `kn...')
#3 E:\xampp\htdocs\code\system\Database\BaseBuilder.php(1759): CodeIgniter\Database\BaseConnection->query('INSERT INTO `kn...', Array, false)
#4 E:\xampp\htdocs\code\system\Model.php(239): CodeIgniter\Database\BaseBuilder->insert()
#5 E:\xampp\htdocs\code\system\BaseModel.php(738): CodeIgniter\Model->doInsert(Array)
#6 E:\xampp\htdocs\code\system\Model.php(620): CodeIgniter\BaseModel->insert(Array, true)
#7 E:\xampp\htdocs\code\app\Controllers\Knygos.php(42): CodeIgniter\Model->insert(Array)
#8 E:\xampp\htdocs\code\system\CodeIgniter.php(824): App\Controllers\Knygos->nauja()
#9 E:\xampp\htdocs\code\system\CodeIgniter.php(410): CodeIgniter\CodeIgniter->runController(Object(App\Controllers\Knygos))
#10 E:\xampp\htdocs\code\system\CodeIgniter.php(318): CodeIgniter\CodeIgniter->handleRequest(NULL, Object(Config\Cache), false)
#11 E:\xampp\htdocs\code\public\index.php(37): CodeIgniter\CodeIgniter->run()
#12 {main}
ERROR - 2021-11-27 15:10:22 --> Cannot add or update a child row: a foreign key constraint fails (`biblioteka`.`knygos`, CONSTRAINT `knygos_ibfk_1` FOREIGN KEY (`autoriaus_id`) REFERENCES `autoriai` (`id`) ON DELETE CASCADE ON UPDATE CASCADE)
CRITICAL - 2021-11-27 15:10:22 --> Cannot add or update a child row: a foreign key constraint fails (`biblioteka`.`knygos`, CONSTRAINT `knygos_ibfk_1` FOREIGN KEY (`autoriaus_id`) REFERENCES `autoriai` (`id`) ON DELETE CASCADE ON UPDATE CASCADE)
#0 E:\xampp\htdocs\code\system\Database\MySQLi\Connection.php(292): mysqli->query('INSERT INTO `kn...', 0)
#1 E:\xampp\htdocs\code\system\Database\BaseConnection.php(670): CodeIgniter\Database\MySQLi\Connection->execute('INSERT INTO `kn...')
#2 E:\xampp\htdocs\code\system\Database\BaseConnection.php(598): CodeIgniter\Database\BaseConnection->simpleQuery('INSERT INTO `kn...')
#3 E:\xampp\htdocs\code\system\Database\BaseBuilder.php(1759): CodeIgniter\Database\BaseConnection->query('INSERT INTO `kn...', Array, false)
#4 E:\xampp\htdocs\code\system\Model.php(239): CodeIgniter\Database\BaseBuilder->insert()
#5 E:\xampp\htdocs\code\system\BaseModel.php(738): CodeIgniter\Model->doInsert(Array)
#6 E:\xampp\htdocs\code\system\Model.php(620): CodeIgniter\BaseModel->insert(Array, true)
#7 E:\xampp\htdocs\code\app\Controllers\Knygos.php(42): CodeIgniter\Model->insert(Array)
#8 E:\xampp\htdocs\code\system\CodeIgniter.php(824): App\Controllers\Knygos->nauja()
#9 E:\xampp\htdocs\code\system\CodeIgniter.php(410): CodeIgniter\CodeIgniter->runController(Object(App\Controllers\Knygos))
#10 E:\xampp\htdocs\code\system\CodeIgniter.php(318): CodeIgniter\CodeIgniter->handleRequest(NULL, Object(Config\Cache), false)
#11 E:\xampp\htdocs\code\public\index.php(37): CodeIgniter\CodeIgniter->run()
#12 {main}
ERROR - 2021-11-27 15:11:31 --> Cannot add or update a child row: a foreign key constraint fails (`biblioteka`.`knygos`, CONSTRAINT `knygos_ibfk_1` FOREIGN KEY (`autoriaus_id`) REFERENCES `autoriai` (`id`) ON DELETE CASCADE ON UPDATE CASCADE)
CRITICAL - 2021-11-27 15:11:31 --> Cannot add or update a child row: a foreign key constraint fails (`biblioteka`.`knygos`, CONSTRAINT `knygos_ibfk_1` FOREIGN KEY (`autoriaus_id`) REFERENCES `autoriai` (`id`) ON DELETE CASCADE ON UPDATE CASCADE)
#0 E:\xampp\htdocs\code\system\Database\MySQLi\Connection.php(292): mysqli->query('INSERT INTO `kn...', 0)
#1 E:\xampp\htdocs\code\system\Database\BaseConnection.php(670): CodeIgniter\Database\MySQLi\Connection->execute('INSERT INTO `kn...')
#2 E:\xampp\htdocs\code\system\Database\BaseConnection.php(598): CodeIgniter\Database\BaseConnection->simpleQuery('INSERT INTO `kn...')
#3 E:\xampp\htdocs\code\system\Database\BaseBuilder.php(1759): CodeIgniter\Database\BaseConnection->query('INSERT INTO `kn...', Array, false)
#4 E:\xampp\htdocs\code\system\Model.php(239): CodeIgniter\Database\BaseBuilder->insert()
#5 E:\xampp\htdocs\code\system\BaseModel.php(738): CodeIgniter\Model->doInsert(Array)
#6 E:\xampp\htdocs\code\system\Model.php(620): CodeIgniter\BaseModel->insert(Array, true)
#7 E:\xampp\htdocs\code\app\Controllers\Knygos.php(42): CodeIgniter\Model->insert(Array)
#8 E:\xampp\htdocs\code\system\CodeIgniter.php(824): App\Controllers\Knygos->nauja()
#9 E:\xampp\htdocs\code\system\CodeIgniter.php(410): CodeIgniter\CodeIgniter->runController(Object(App\Controllers\Knygos))
#10 E:\xampp\htdocs\code\system\CodeIgniter.php(318): CodeIgniter\CodeIgniter->handleRequest(NULL, Object(Config\Cache), false)
#11 E:\xampp\htdocs\code\public\index.php(37): CodeIgniter\CodeIgniter->run()
#12 {main}
ERROR - 2021-11-27 15:16:14 --> Cannot add or update a child row: a foreign key constraint fails (`biblioteka`.`knygos`, CONSTRAINT `knygos_ibfk_1` FOREIGN KEY (`autoriaus_id`) REFERENCES `autoriai` (`id`) ON DELETE CASCADE ON UPDATE CASCADE)
CRITICAL - 2021-11-27 15:16:14 --> Cannot add or update a child row: a foreign key constraint fails (`biblioteka`.`knygos`, CONSTRAINT `knygos_ibfk_1` FOREIGN KEY (`autoriaus_id`) REFERENCES `autoriai` (`id`) ON DELETE CASCADE ON UPDATE CASCADE)
#0 E:\xampp\htdocs\code\system\Database\MySQLi\Connection.php(292): mysqli->query('INSERT INTO `kn...', 0)
#1 E:\xampp\htdocs\code\system\Database\BaseConnection.php(670): CodeIgniter\Database\MySQLi\Connection->execute('INSERT INTO `kn...')
#2 E:\xampp\htdocs\code\system\Database\BaseConnection.php(598): CodeIgniter\Database\BaseConnection->simpleQuery('INSERT INTO `kn...')
#3 E:\xampp\htdocs\code\system\Database\BaseBuilder.php(1759): CodeIgniter\Database\BaseConnection->query('INSERT INTO `kn...', Array, false)
#4 E:\xampp\htdocs\code\system\Model.php(239): CodeIgniter\Database\BaseBuilder->insert()
#5 E:\xampp\htdocs\code\system\BaseModel.php(738): CodeIgniter\Model->doInsert(Array)
#6 E:\xampp\htdocs\code\system\Model.php(620): CodeIgniter\BaseModel->insert(Array, true)
#7 E:\xampp\htdocs\code\app\Controllers\Knygos.php(43): CodeIgniter\Model->insert(Array)
#8 E:\xampp\htdocs\code\system\CodeIgniter.php(824): App\Controllers\Knygos->nauja()
#9 E:\xampp\htdocs\code\system\CodeIgniter.php(410): CodeIgniter\CodeIgniter->runController(Object(App\Controllers\Knygos))
#10 E:\xampp\htdocs\code\system\CodeIgniter.php(318): CodeIgniter\CodeIgniter->handleRequest(NULL, Object(Config\Cache), false)
#11 E:\xampp\htdocs\code\public\index.php(37): CodeIgniter\CodeIgniter->run()
#12 {main}
ERROR - 2021-11-27 15:22:31 --> Column 'autoriaus_id' cannot be null
CRITICAL - 2021-11-27 15:22:31 --> Column 'autoriaus_id' cannot be null
#0 E:\xampp\htdocs\code\system\Database\MySQLi\Connection.php(292): mysqli->query('INSERT INTO `kn...', 0)
#1 E:\xampp\htdocs\code\system\Database\BaseConnection.php(670): CodeIgniter\Database\MySQLi\Connection->execute('INSERT INTO `kn...')
#2 E:\xampp\htdocs\code\system\Database\BaseConnection.php(598): CodeIgniter\Database\BaseConnection->simpleQuery('INSERT INTO `kn...')
#3 E:\xampp\htdocs\code\system\Database\BaseBuilder.php(1759): CodeIgniter\Database\BaseConnection->query('INSERT INTO `kn...', Array, false)
#4 E:\xampp\htdocs\code\system\Model.php(239): CodeIgniter\Database\BaseBuilder->insert()
#5 E:\xampp\htdocs\code\system\BaseModel.php(738): CodeIgniter\Model->doInsert(Array)
#6 E:\xampp\htdocs\code\system\Model.php(620): CodeIgniter\BaseModel->insert(Array, true)
#7 E:\xampp\htdocs\code\app\Controllers\Knygos.php(43): CodeIgniter\Model->insert(Array)
#8 E:\xampp\htdocs\code\system\CodeIgniter.php(824): App\Controllers\Knygos->nauja()
#9 E:\xampp\htdocs\code\system\CodeIgniter.php(410): CodeIgniter\CodeIgniter->runController(Object(App\Controllers\Knygos))
#10 E:\xampp\htdocs\code\system\CodeIgniter.php(318): CodeIgniter\CodeIgniter->handleRequest(NULL, Object(Config\Cache), false)
#11 E:\xampp\htdocs\code\public\index.php(37): CodeIgniter\CodeIgniter->run()
#12 {main}
ERROR - 2021-11-27 15:23:43 --> Column 'autoriaus_id' cannot be null
CRITICAL - 2021-11-27 15:23:43 --> Column 'autoriaus_id' cannot be null
#0 E:\xampp\htdocs\code\system\Database\MySQLi\Connection.php(292): mysqli->query('INSERT INTO `kn...', 0)
#1 E:\xampp\htdocs\code\system\Database\BaseConnection.php(670): CodeIgniter\Database\MySQLi\Connection->execute('INSERT INTO `kn...')
#2 E:\xampp\htdocs\code\system\Database\BaseConnection.php(598): CodeIgniter\Database\BaseConnection->simpleQuery('INSERT INTO `kn...')
#3 E:\xampp\htdocs\code\system\Database\BaseBuilder.php(1759): CodeIgniter\Database\BaseConnection->query('INSERT INTO `kn...', Array, false)
#4 E:\xampp\htdocs\code\system\Model.php(239): CodeIgniter\Database\BaseBuilder->insert()
#5 E:\xampp\htdocs\code\system\BaseModel.php(738): CodeIgniter\Model->doInsert(Array)
#6 E:\xampp\htdocs\code\system\Model.php(620): CodeIgniter\BaseModel->insert(Array, true)
#7 E:\xampp\htdocs\code\app\Controllers\Knygos.php(43): CodeIgniter\Model->insert(Array)
#8 E:\xampp\htdocs\code\system\CodeIgniter.php(824): App\Controllers\Knygos->nauja()
#9 E:\xampp\htdocs\code\system\CodeIgniter.php(410): CodeIgniter\CodeIgniter->runController(Object(App\Controllers\Knygos))
#10 E:\xampp\htdocs\code\system\CodeIgniter.php(318): CodeIgniter\CodeIgniter->handleRequest(NULL, Object(Config\Cache), false)
#11 E:\xampp\htdocs\code\public\index.php(37): CodeIgniter\CodeIgniter->run()
#12 {main}
ERROR - 2021-11-27 15:24:03 --> Column 'autoriaus_id' cannot be null
CRITICAL - 2021-11-27 15:24:03 --> Column 'autoriaus_id' cannot be null
#0 E:\xampp\htdocs\code\system\Database\MySQLi\Connection.php(292): mysqli->query('INSERT INTO `kn...', 0)
#1 E:\xampp\htdocs\code\system\Database\BaseConnection.php(670): CodeIgniter\Database\MySQLi\Connection->execute('INSERT INTO `kn...')
#2 E:\xampp\htdocs\code\system\Database\BaseConnection.php(598): CodeIgniter\Database\BaseConnection->simpleQuery('INSERT INTO `kn...')
#3 E:\xampp\htdocs\code\system\Database\BaseBuilder.php(1759): CodeIgniter\Database\BaseConnection->query('INSERT INTO `kn...', Array, false)
#4 E:\xampp\htdocs\code\system\Model.php(239): CodeIgniter\Database\BaseBuilder->insert()
#5 E:\xampp\htdocs\code\system\BaseModel.php(738): CodeIgniter\Model->doInsert(Array)
#6 E:\xampp\htdocs\code\system\Model.php(620): CodeIgniter\BaseModel->insert(Array, true)
#7 E:\xampp\htdocs\code\app\Controllers\Knygos.php(43): CodeIgniter\Model->insert(Array)
#8 E:\xampp\htdocs\code\system\CodeIgniter.php(824): App\Controllers\Knygos->nauja()
#9 E:\xampp\htdocs\code\system\CodeIgniter.php(410): CodeIgniter\CodeIgniter->runController(Object(App\Controllers\Knygos))
#10 E:\xampp\htdocs\code\system\CodeIgniter.php(318): CodeIgniter\CodeIgniter->handleRequest(NULL, Object(Config\Cache), false)
#11 E:\xampp\htdocs\code\public\index.php(37): CodeIgniter\CodeIgniter->run()
#12 {main}
ERROR - 2021-11-27 15:31:25 --> Table 'biblioteka.projektai' doesn't exist
CRITICAL - 2021-11-27 15:31:25 --> Table 'biblioteka.projektai' doesn't exist
#0 E:\xampp\htdocs\code\system\Database\MySQLi\Connection.php(292): mysqli->query('SELECT *\nFROM `...', 0)
#1 E:\xampp\htdocs\code\system\Database\BaseConnection.php(670): CodeIgniter\Database\MySQLi\Connection->execute('SELECT *\nFROM `...')
#2 E:\xampp\htdocs\code\system\Database\BaseConnection.php(598): CodeIgniter\Database\BaseConnection->simpleQuery('SELECT *\nFROM `...')
#3 E:\xampp\htdocs\code\system\Database\BaseBuilder.php(1443): CodeIgniter\Database\BaseConnection->query('SELECT *\nFROM `...', Array, false)
#4 E:\xampp\htdocs\code\system\Model.php(183): CodeIgniter\Database\BaseBuilder->get()
#5 E:\xampp\htdocs\code\system\BaseModel.php(584): CodeIgniter\Model->doFindAll(0, 0)
#6 E:\xampp\htdocs\code\app\Models\ProjektaiModel.php(14): CodeIgniter\BaseModel->findAll()
#7 E:\xampp\htdocs\code\app\Controllers\Projektai.php(13): App\Models\ProjektaiModel->getProjektai()
#8 E:\xampp\htdocs\code\system\CodeIgniter.php(824): App\Controllers\Projektai->index()
#9 E:\xampp\htdocs\code\system\CodeIgniter.php(410): CodeIgniter\CodeIgniter->runController(Object(App\Controllers\Projektai))
#10 E:\xampp\htdocs\code\system\CodeIgniter.php(318): CodeIgniter\CodeIgniter->handleRequest(NULL, Object(Config\Cache), false)
#11 E:\xampp\htdocs\code\public\index.php(37): CodeIgniter\CodeIgniter->run()
#12 {main}
CRITICAL - 2021-11-27 15:38:50 --> foreach() argument must be of type array|object, string given
#0 E:\xampp\htdocs\code\app\Views\knyga.php(11): CodeIgniter\Debug\Exceptions->errorHandler(2, 'foreach() argum...', 'E:\\xampp\\htdocs...', 11)
#1 E:\xampp\htdocs\code\system\View\View.php(214): include('E:\\xampp\\htdocs...')
#2 E:\xampp\htdocs\code\system\View\View.php(217): CodeIgniter\View\View->CodeIgniter\View\{closure}()
#3 E:\xampp\htdocs\code\system\Common.php(1097): CodeIgniter\View\View->render('knyga', Array, true)
#4 E:\xampp\htdocs\code\app\Controllers\BaseController.php(56): view('knyga', Array)
#5 E:\xampp\htdocs\code\app\Controllers\Knygos.php(53): App\Controllers\BaseController->template('knyga', Array)
#6 E:\xampp\htdocs\code\system\CodeIgniter.php(824): App\Controllers\Knygos->nauja()
#7 E:\xampp\htdocs\code\system\CodeIgniter.php(410): CodeIgniter\CodeIgniter->runController(Object(App\Controllers\Knygos))
#8 E:\xampp\htdocs\code\system\CodeIgniter.php(318): CodeIgniter\CodeIgniter->handleRequest(NULL, Object(Config\Cache), false)
#9 E:\xampp\htdocs\code\public\index.php(37): CodeIgniter\CodeIgniter->run()
#10 {main}
ERROR - 2021-11-27 15:56:49 --> Table 'biblioteka.projektai' doesn't exist
CRITICAL - 2021-11-27 15:56:49 --> Table 'biblioteka.projektai' doesn't exist
#0 E:\xampp\htdocs\code\system\Database\MySQLi\Connection.php(292): mysqli->query('SELECT *\nFROM `...', 0)
#1 E:\xampp\htdocs\code\system\Database\BaseConnection.php(670): CodeIgniter\Database\MySQLi\Connection->execute('SELECT *\nFROM `...')
#2 E:\xampp\htdocs\code\system\Database\BaseConnection.php(598): CodeIgniter\Database\BaseConnection->simpleQuery('SELECT *\nFROM `...')
#3 E:\xampp\htdocs\code\system\Database\BaseBuilder.php(1443): CodeIgniter\Database\BaseConnection->query('SELECT *\nFROM `...', Array, false)
#4 E:\xampp\htdocs\code\system\Model.php(183): CodeIgniter\Database\BaseBuilder->get()
#5 E:\xampp\htdocs\code\system\BaseModel.php(584): CodeIgniter\Model->doFindAll(0, 0)
#6 E:\xampp\htdocs\code\app\Models\ProjektaiModel.php(14): CodeIgniter\BaseModel->findAll()
#7 E:\xampp\htdocs\code\app\Controllers\Projektai.php(13): App\Models\ProjektaiModel->getProjektai()
#8 E:\xampp\htdocs\code\system\CodeIgniter.php(824): App\Controllers\Projektai->index()
#9 E:\xampp\htdocs\code\system\CodeIgniter.php(410): CodeIgniter\CodeIgniter->runController(Object(App\Controllers\Projektai))
#10 E:\xampp\htdocs\code\system\CodeIgniter.php(318): CodeIgniter\CodeIgniter->handleRequest(NULL, Object(Config\Cache), false)
#11 E:\xampp\htdocs\code\public\index.php(37): CodeIgniter\CodeIgniter->run()
#12 {main}
CRITICAL - 2021-11-27 15:58:21 --> syntax error, unexpected token "public", expecting "," or ";"
#0 E:\xampp\htdocs\code\system\Autoloader\Autoloader.php(241): CodeIgniter\Autoloader\Autoloader->includeFile('E:\\xampp\\htdocs...')
#1 E:\xampp\htdocs\code\system\Autoloader\Autoloader.php(219): CodeIgniter\Autoloader\Autoloader->loadInNamespace('App\\Models\\Auto...')
#2 [internal function]: CodeIgniter\Autoloader\Autoloader->loadClass('App\\Models\\Auto...')
#3 E:\xampp\htdocs\code\system\Config\Factories.php(136): class_exists('App\\Models\\Auto...')
#4 E:\xampp\htdocs\code\system\Config\Factories.php(106): CodeIgniter\Config\Factories::locateClass(Array, 'App\\Controllers...')
#5 E:\xampp\htdocs\code\system\Common.php(783): CodeIgniter\Config\Factories::__callStatic('models', Array)
#6 E:\xampp\htdocs\code\app\Controllers\Autoriai.php(9): model('App\\Controllers...')
#7 E:\xampp\htdocs\code\system\CodeIgniter.php(801): App\Controllers\Autoriai->__construct()
#8 E:\xampp\htdocs\code\system\CodeIgniter.php(401): CodeIgniter\CodeIgniter->createController()
#9 E:\xampp\htdocs\code\system\CodeIgniter.php(318): CodeIgniter\CodeIgniter->handleRequest(NULL, Object(Config\Cache), false)
#10 E:\xampp\htdocs\code\public\index.php(37): CodeIgniter\CodeIgniter->run()
#11 {main}
CRITICAL - 2021-11-27 16:12:46 --> Invalid file: header.php
#0 E:\xampp\htdocs\code\system\View\View.php(198): CodeIgniter\Exceptions\FrameworkException::forInvalidFile('header.php')
#1 E:\xampp\htdocs\code\system\Common.php(1097): CodeIgniter\View\View->render('header', Array, true)
#2 E:\xampp\htdocs\code\app\Controllers\Uzsakymai.php(9): view('header')
#3 E:\xampp\htdocs\code\system\CodeIgniter.php(824): App\Controllers\Uzsakymai->index()
#4 E:\xampp\htdocs\code\system\CodeIgniter.php(410): CodeIgniter\CodeIgniter->runController(Object(App\Controllers\Uzsakymai))
#5 E:\xampp\htdocs\code\system\CodeIgniter.php(318): CodeIgniter\CodeIgniter->handleRequest(NULL, Object(Config\Cache), false)
#6 E:\xampp\htdocs\code\public\index.php(37): CodeIgniter\CodeIgniter->run()
#7 {main}
CRITICAL - 2021-11-27 16:13:32 --> Invalid file: header.php
#0 E:\xampp\htdocs\code\system\View\View.php(198): CodeIgniter\Exceptions\FrameworkException::forInvalidFile('header.php')
#1 E:\xampp\htdocs\code\system\Common.php(1097): CodeIgniter\View\View->render('header', Array, true)
#2 E:\xampp\htdocs\code\app\Controllers\Uzsakymai.php(9): view('header')
#3 E:\xampp\htdocs\code\system\CodeIgniter.php(824): App\Controllers\Uzsakymai->index()
#4 E:\xampp\htdocs\code\system\CodeIgniter.php(410): CodeIgniter\CodeIgniter->runController(Object(App\Controllers\Uzsakymai))
#5 E:\xampp\htdocs\code\system\CodeIgniter.php(318): CodeIgniter\CodeIgniter->handleRequest(NULL, Object(Config\Cache), false)
#6 E:\xampp\htdocs\code\public\index.php(37): CodeIgniter\CodeIgniter->run()
#7 {main}
CRITICAL - 2021-11-27 16:13:38 --> Invalid file: header.php
#0 E:\xampp\htdocs\code\system\View\View.php(198): CodeIgniter\Exceptions\FrameworkException::forInvalidFile('header.php')
#1 E:\xampp\htdocs\code\system\Common.php(1097): CodeIgniter\View\View->render('header', Array, true)
#2 E:\xampp\htdocs\code\app\Controllers\Uzsakymai.php(9): view('header')
#3 E:\xampp\htdocs\code\system\CodeIgniter.php(824): App\Controllers\Uzsakymai->index()
#4 E:\xampp\htdocs\code\system\CodeIgniter.php(410): CodeIgniter\CodeIgniter->runController(Object(App\Controllers\Uzsakymai))
#5 E:\xampp\htdocs\code\system\CodeIgniter.php(318): CodeIgniter\CodeIgniter->handleRequest(NULL, Object(Config\Cache), false)
#6 E:\xampp\htdocs\code\public\index.php(37): CodeIgniter\CodeIgniter->run()
#7 {main}
