ERROR - 2021-12-08 10:24:23 --> Error connecting to the database: MySQL server has gone away
CRITICAL - 2021-12-08 10:24:23 --> Unable to connect to the database.
Main connection [MySQLi]: MySQL server has gone away
#0 E:\xampp\htdocs\code\system\Database\BaseConnection.php(577): CodeIgniter\Database\BaseConnection->initialize()
#1 E:\xampp\htdocs\code\system\Database\BaseBuilder.php(1443): CodeIgniter\Database\BaseConnection->query('SELECT *\nFROM `...', Array, false)
#2 E:\xampp\htdocs\code\system\Model.php(183): CodeIgniter\Database\BaseBuilder->get()
#3 E:\xampp\htdocs\code\system\BaseModel.php(584): CodeIgniter\Model->doFindAll(0, 0)
#4 E:\xampp\htdocs\code\app\Models\ProjektaiModel.php(14): CodeIgniter\BaseModel->findAll()
#5 E:\xampp\htdocs\code\app\Controllers\Projektai.php(13): App\Models\ProjektaiModel->getProjektai()
#6 E:\xampp\htdocs\code\system\CodeIgniter.php(824): App\Controllers\Projektai->index()
#7 E:\xampp\htdocs\code\system\CodeIgniter.php(410): CodeIgniter\CodeIgniter->runController(Object(App\Controllers\Projektai))
#8 E:\xampp\htdocs\code\system\CodeIgniter.php(318): CodeIgniter\CodeIgniter->handleRequest(NULL, Object(Config\Cache), false)
#9 E:\xampp\htdocs\code\public\index.php(37): CodeIgniter\CodeIgniter->run()
#10 {main}
ERROR - 2021-12-08 11:17:00 --> Error connecting to the database: No connection could be made because the target machine actively refused it
CRITICAL - 2021-12-08 11:17:00 --> Unable to connect to the database.
Main connection [MySQLi]: No connection could be made because the target machine actively refused it
#0 E:\xampp\htdocs\code\system\Database\BaseConnection.php(577): CodeIgniter\Database\BaseConnection->initialize()
#1 E:\xampp\htdocs\code\system\Database\BaseBuilder.php(1443): CodeIgniter\Database\BaseConnection->query('SELECT *\nFROM `...', Array, false)
#2 E:\xampp\htdocs\code\system\Model.php(183): CodeIgniter\Database\BaseBuilder->get()
#3 E:\xampp\htdocs\code\system\BaseModel.php(584): CodeIgniter\Model->doFindAll(0, 0)
#4 E:\xampp\htdocs\code\app\Models\ProjektaiModel.php(14): CodeIgniter\BaseModel->findAll()
#5 E:\xampp\htdocs\code\app\Controllers\Projektai.php(13): App\Models\ProjektaiModel->getProjektai()
#6 E:\xampp\htdocs\code\system\CodeIgniter.php(824): App\Controllers\Projektai->index()
#7 E:\xampp\htdocs\code\system\CodeIgniter.php(410): CodeIgniter\CodeIgniter->runController(Object(App\Controllers\Projektai))
#8 E:\xampp\htdocs\code\system\CodeIgniter.php(318): CodeIgniter\CodeIgniter->handleRequest(NULL, Object(Config\Cache), false)
#9 E:\xampp\htdocs\code\public\index.php(37): CodeIgniter\CodeIgniter->run()
#10 {main}
ERROR - 2021-12-08 11:20:38 --> Table 'biblioteka.projektai' doesn't exist
CRITICAL - 2021-12-08 11:20:38 --> Table 'biblioteka.projektai' doesn't exist
#0 E:\xampp\htdocs\code\system\Database\MySQLi\Connection.php(292): mysqli->query('SELECT *\nFROM `...', 0)
#1 E:\xampp\htdocs\code\system\Database\BaseConnection.php(670): CodeIgniter\Database\MySQLi\Connection->execute('SELECT *\nFROM `...')
#2 E:\xampp\htdocs\code\system\Database\BaseConnection.php(598): CodeIgniter\Database\BaseConnection->simpleQuery('SELECT *\nFROM `...')
#3 E:\xampp\htdocs\code\system\Database\BaseBuilder.php(1443): CodeIgniter\Database\BaseConnection->query('SELECT *\nFROM `...', Array, false)
#4 E:\xampp\htdocs\code\system\Model.php(183): CodeIgniter\Database\BaseBuilder->get()
#5 E:\xampp\htdocs\code\system\BaseModel.php(584): CodeIgniter\Model->doFindAll(0, 0)
#6 E:\xampp\htdocs\code\app\Models\ProjektaiModel.php(14): CodeIgniter\BaseModel->findAll()
#7 E:\xampp\htdocs\code\app\Controllers\Projektai.php(13): App\Models\ProjektaiModel->getProjektai()
#8 E:\xampp\htdocs\code\system\CodeIgniter.php(824): App\Controllers\Projektai->index()
#9 E:\xampp\htdocs\code\system\CodeIgniter.php(410): CodeIgniter\CodeIgniter->runController(Object(App\Controllers\Projektai))
#10 E:\xampp\htdocs\code\system\CodeIgniter.php(318): CodeIgniter\CodeIgniter->handleRequest(NULL, Object(Config\Cache), false)
#11 E:\xampp\htdocs\code\public\index.php(37): CodeIgniter\CodeIgniter->run()
#12 {main}
ERROR - 2021-12-08 11:21:27 --> Table 'biblioteka.projektai' doesn't exist
CRITICAL - 2021-12-08 11:21:27 --> Table 'biblioteka.projektai' doesn't exist
#0 E:\xampp\htdocs\code\system\Database\MySQLi\Connection.php(292): mysqli->query('SELECT *\nFROM `...', 0)
#1 E:\xampp\htdocs\code\system\Database\BaseConnection.php(670): CodeIgniter\Database\MySQLi\Connection->execute('SELECT *\nFROM `...')
#2 E:\xampp\htdocs\code\system\Database\BaseConnection.php(598): CodeIgniter\Database\BaseConnection->simpleQuery('SELECT *\nFROM `...')
#3 E:\xampp\htdocs\code\system\Database\BaseBuilder.php(1443): CodeIgniter\Database\BaseConnection->query('SELECT *\nFROM `...', Array, false)
#4 E:\xampp\htdocs\code\system\Model.php(183): CodeIgniter\Database\BaseBuilder->get()
#5 E:\xampp\htdocs\code\system\BaseModel.php(584): CodeIgniter\Model->doFindAll(0, 0)
#6 E:\xampp\htdocs\code\app\Models\ProjektaiModel.php(14): CodeIgniter\BaseModel->findAll()
#7 E:\xampp\htdocs\code\app\Controllers\Projektai.php(13): App\Models\ProjektaiModel->getProjektai()
#8 E:\xampp\htdocs\code\system\CodeIgniter.php(824): App\Controllers\Projektai->index()
#9 E:\xampp\htdocs\code\system\CodeIgniter.php(410): CodeIgniter\CodeIgniter->runController(Object(App\Controllers\Projektai))
#10 E:\xampp\htdocs\code\system\CodeIgniter.php(318): CodeIgniter\CodeIgniter->handleRequest(NULL, Object(Config\Cache), false)
#11 E:\xampp\htdocs\code\public\index.php(37): CodeIgniter\CodeIgniter->run()
#12 {main}
ERROR - 2021-12-08 13:06:41 --> Table 'biblioteka.projektai' doesn't exist
CRITICAL - 2021-12-08 13:06:41 --> Table 'biblioteka.projektai' doesn't exist
#0 E:\xampp\htdocs\code\system\Database\MySQLi\Connection.php(292): mysqli->query('SELECT *\nFROM `...', 0)
#1 E:\xampp\htdocs\code\system\Database\BaseConnection.php(670): CodeIgniter\Database\MySQLi\Connection->execute('SELECT *\nFROM `...')
#2 E:\xampp\htdocs\code\system\Database\BaseConnection.php(598): CodeIgniter\Database\BaseConnection->simpleQuery('SELECT *\nFROM `...')
#3 E:\xampp\htdocs\code\system\Database\BaseBuilder.php(1443): CodeIgniter\Database\BaseConnection->query('SELECT *\nFROM `...', Array, false)
#4 E:\xampp\htdocs\code\system\Model.php(183): CodeIgniter\Database\BaseBuilder->get()
#5 E:\xampp\htdocs\code\system\BaseModel.php(584): CodeIgniter\Model->doFindAll(0, 0)
#6 E:\xampp\htdocs\code\app\Models\ProjektaiModel.php(14): CodeIgniter\BaseModel->findAll()
#7 E:\xampp\htdocs\code\app\Controllers\Projektai.php(13): App\Models\ProjektaiModel->getProjektai()
#8 E:\xampp\htdocs\code\system\CodeIgniter.php(824): App\Controllers\Projektai->index()
#9 E:\xampp\htdocs\code\system\CodeIgniter.php(410): CodeIgniter\CodeIgniter->runController(Object(App\Controllers\Projektai))
#10 E:\xampp\htdocs\code\system\CodeIgniter.php(318): CodeIgniter\CodeIgniter->handleRequest(NULL, Object(Config\Cache), false)
#11 E:\xampp\htdocs\code\public\index.php(37): CodeIgniter\CodeIgniter->run()
#12 {main}
ERROR - 2021-12-08 13:33:03 --> Column 'populiarumas' cannot be null
CRITICAL - 2021-12-08 13:33:03 --> Column 'populiarumas' cannot be null
#0 E:\xampp\htdocs\code\system\Database\MySQLi\Connection.php(292): mysqli->query('INSERT INTO `kn...', 0)
#1 E:\xampp\htdocs\code\system\Database\BaseConnection.php(670): CodeIgniter\Database\MySQLi\Connection->execute('INSERT INTO `kn...')
#2 E:\xampp\htdocs\code\system\Database\BaseConnection.php(598): CodeIgniter\Database\BaseConnection->simpleQuery('INSERT INTO `kn...')
#3 E:\xampp\htdocs\code\system\Database\BaseBuilder.php(1759): CodeIgniter\Database\BaseConnection->query('INSERT INTO `kn...', Array, false)
#4 E:\xampp\htdocs\code\app\Models\AutoriaiModel.php(33): CodeIgniter\Database\BaseBuilder->insert(Array)
#5 E:\xampp\htdocs\code\app\Controllers\Autoriai.php(80): App\Models\AutoriaiModel->insertAutoriausKnyga(Array)
#6 E:\xampp\htdocs\code\system\CodeIgniter.php(824): App\Controllers\Autoriai->redaguoti('3')
#7 E:\xampp\htdocs\code\system\CodeIgniter.php(410): CodeIgniter\CodeIgniter->runController(Object(App\Controllers\Autoriai))
#8 E:\xampp\htdocs\code\system\CodeIgniter.php(318): CodeIgniter\CodeIgniter->handleRequest(NULL, Object(Config\Cache), false)
#9 E:\xampp\htdocs\code\public\index.php(37): CodeIgniter\CodeIgniter->run()
#10 {main}
ERROR - 2021-12-08 13:33:42 --> Column 'populiarumas' cannot be null
CRITICAL - 2021-12-08 13:33:42 --> Column 'populiarumas' cannot be null
#0 E:\xampp\htdocs\code\system\Database\MySQLi\Connection.php(292): mysqli->query('INSERT INTO `kn...', 0)
#1 E:\xampp\htdocs\code\system\Database\BaseConnection.php(670): CodeIgniter\Database\MySQLi\Connection->execute('INSERT INTO `kn...')
#2 E:\xampp\htdocs\code\system\Database\BaseConnection.php(598): CodeIgniter\Database\BaseConnection->simpleQuery('INSERT INTO `kn...')
#3 E:\xampp\htdocs\code\system\Database\BaseBuilder.php(1759): CodeIgniter\Database\BaseConnection->query('INSERT INTO `kn...', Array, false)
#4 E:\xampp\htdocs\code\app\Models\AutoriaiModel.php(33): CodeIgniter\Database\BaseBuilder->insert(Array)
#5 E:\xampp\htdocs\code\app\Controllers\Autoriai.php(82): App\Models\AutoriaiModel->insertAutoriausKnyga(Array)
#6 E:\xampp\htdocs\code\system\CodeIgniter.php(824): App\Controllers\Autoriai->redaguoti('3')
#7 E:\xampp\htdocs\code\system\CodeIgniter.php(410): CodeIgniter\CodeIgniter->runController(Object(App\Controllers\Autoriai))
#8 E:\xampp\htdocs\code\system\CodeIgniter.php(318): CodeIgniter\CodeIgniter->handleRequest(NULL, Object(Config\Cache), false)
#9 E:\xampp\htdocs\code\public\index.php(37): CodeIgniter\CodeIgniter->run()
#10 {main}
ERROR - 2021-12-08 13:33:59 --> Column 'populiarumas' cannot be null
CRITICAL - 2021-12-08 13:33:59 --> Column 'populiarumas' cannot be null
#0 E:\xampp\htdocs\code\system\Database\MySQLi\Connection.php(292): mysqli->query('INSERT INTO `kn...', 0)
#1 E:\xampp\htdocs\code\system\Database\BaseConnection.php(670): CodeIgniter\Database\MySQLi\Connection->execute('INSERT INTO `kn...')
#2 E:\xampp\htdocs\code\system\Database\BaseConnection.php(598): CodeIgniter\Database\BaseConnection->simpleQuery('INSERT INTO `kn...')
#3 E:\xampp\htdocs\code\system\Database\BaseBuilder.php(1759): CodeIgniter\Database\BaseConnection->query('INSERT INTO `kn...', Array, false)
#4 E:\xampp\htdocs\code\app\Models\AutoriaiModel.php(33): CodeIgniter\Database\BaseBuilder->insert(Array)
#5 E:\xampp\htdocs\code\app\Controllers\Autoriai.php(82): App\Models\AutoriaiModel->insertAutoriausKnyga(Array)
#6 E:\xampp\htdocs\code\system\CodeIgniter.php(824): App\Controllers\Autoriai->redaguoti('3')
#7 E:\xampp\htdocs\code\system\CodeIgniter.php(410): CodeIgniter\CodeIgniter->runController(Object(App\Controllers\Autoriai))
#8 E:\xampp\htdocs\code\system\CodeIgniter.php(318): CodeIgniter\CodeIgniter->handleRequest(NULL, Object(Config\Cache), false)
#9 E:\xampp\htdocs\code\public\index.php(37): CodeIgniter\CodeIgniter->run()
#10 {main}
ERROR - 2021-12-08 14:10:34 --> Table 'biblioteka.projektai' doesn't exist
CRITICAL - 2021-12-08 14:10:34 --> Table 'biblioteka.projektai' doesn't exist
#0 E:\xampp\htdocs\code\system\Database\MySQLi\Connection.php(292): mysqli->query('SELECT *\nFROM `...', 0)
#1 E:\xampp\htdocs\code\system\Database\BaseConnection.php(670): CodeIgniter\Database\MySQLi\Connection->execute('SELECT *\nFROM `...')
#2 E:\xampp\htdocs\code\system\Database\BaseConnection.php(598): CodeIgniter\Database\BaseConnection->simpleQuery('SELECT *\nFROM `...')
#3 E:\xampp\htdocs\code\system\Database\BaseBuilder.php(1443): CodeIgniter\Database\BaseConnection->query('SELECT *\nFROM `...', Array, false)
#4 E:\xampp\htdocs\code\system\Model.php(183): CodeIgniter\Database\BaseBuilder->get()
#5 E:\xampp\htdocs\code\system\BaseModel.php(584): CodeIgniter\Model->doFindAll(0, 0)
#6 E:\xampp\htdocs\code\app\Models\ProjektaiModel.php(14): CodeIgniter\BaseModel->findAll()
#7 E:\xampp\htdocs\code\app\Controllers\Projektai.php(13): App\Models\ProjektaiModel->getProjektai()
#8 E:\xampp\htdocs\code\system\CodeIgniter.php(824): App\Controllers\Projektai->index()
#9 E:\xampp\htdocs\code\system\CodeIgniter.php(410): CodeIgniter\CodeIgniter->runController(Object(App\Controllers\Projektai))
#10 E:\xampp\htdocs\code\system\CodeIgniter.php(318): CodeIgniter\CodeIgniter->handleRequest(NULL, Object(Config\Cache), false)
#11 E:\xampp\htdocs\code\public\index.php(37): CodeIgniter\CodeIgniter->run()
#12 {main}
ERROR - 2021-12-08 14:11:12 --> Table 'biblioteka.projektai' doesn't exist
CRITICAL - 2021-12-08 14:11:12 --> Table 'biblioteka.projektai' doesn't exist
#0 E:\xampp\htdocs\code\system\Database\MySQLi\Connection.php(292): mysqli->query('SELECT *\nFROM `...', 0)
#1 E:\xampp\htdocs\code\system\Database\BaseConnection.php(670): CodeIgniter\Database\MySQLi\Connection->execute('SELECT *\nFROM `...')
#2 E:\xampp\htdocs\code\system\Database\BaseConnection.php(598): CodeIgniter\Database\BaseConnection->simpleQuery('SELECT *\nFROM `...')
#3 E:\xampp\htdocs\code\system\Database\BaseBuilder.php(1443): CodeIgniter\Database\BaseConnection->query('SELECT *\nFROM `...', Array, false)
#4 E:\xampp\htdocs\code\system\Model.php(183): CodeIgniter\Database\BaseBuilder->get()
#5 E:\xampp\htdocs\code\system\BaseModel.php(584): CodeIgniter\Model->doFindAll(0, 0)
#6 E:\xampp\htdocs\code\app\Models\ProjektaiModel.php(14): CodeIgniter\BaseModel->findAll()
#7 E:\xampp\htdocs\code\app\Controllers\Projektai.php(13): App\Models\ProjektaiModel->getProjektai()
#8 E:\xampp\htdocs\code\system\CodeIgniter.php(824): App\Controllers\Projektai->index()
#9 E:\xampp\htdocs\code\system\CodeIgniter.php(410): CodeIgniter\CodeIgniter->runController(Object(App\Controllers\Projektai))
#10 E:\xampp\htdocs\code\system\CodeIgniter.php(318): CodeIgniter\CodeIgniter->handleRequest(NULL, Object(Config\Cache), false)
#11 E:\xampp\htdocs\code\public\index.php(37): CodeIgniter\CodeIgniter->run()
#12 {main}
ERROR - 2021-12-08 14:11:53 --> Table 'biblioteka.projektai' doesn't exist
CRITICAL - 2021-12-08 14:11:53 --> Table 'biblioteka.projektai' doesn't exist
#0 E:\xampp\htdocs\code\system\Database\MySQLi\Connection.php(292): mysqli->query('SELECT *\nFROM `...', 0)
#1 E:\xampp\htdocs\code\system\Database\BaseConnection.php(670): CodeIgniter\Database\MySQLi\Connection->execute('SELECT *\nFROM `...')
#2 E:\xampp\htdocs\code\system\Database\BaseConnection.php(598): CodeIgniter\Database\BaseConnection->simpleQuery('SELECT *\nFROM `...')
#3 E:\xampp\htdocs\code\system\Database\BaseBuilder.php(1443): CodeIgniter\Database\BaseConnection->query('SELECT *\nFROM `...', Array, false)
#4 E:\xampp\htdocs\code\system\Model.php(183): CodeIgniter\Database\BaseBuilder->get()
#5 E:\xampp\htdocs\code\system\BaseModel.php(584): CodeIgniter\Model->doFindAll(0, 0)
#6 E:\xampp\htdocs\code\app\Models\ProjektaiModel.php(14): CodeIgniter\BaseModel->findAll()
#7 E:\xampp\htdocs\code\app\Controllers\Projektai.php(13): App\Models\ProjektaiModel->getProjektai()
#8 E:\xampp\htdocs\code\system\CodeIgniter.php(824): App\Controllers\Projektai->index()
#9 E:\xampp\htdocs\code\system\CodeIgniter.php(410): CodeIgniter\CodeIgniter->runController(Object(App\Controllers\Projektai))
#10 E:\xampp\htdocs\code\system\CodeIgniter.php(318): CodeIgniter\CodeIgniter->handleRequest(NULL, Object(Config\Cache), false)
#11 E:\xampp\htdocs\code\public\index.php(37): CodeIgniter\CodeIgniter->run()
#12 {main}
