ERROR - 2021-12-04 04:29:03 --> Table 'biblioteka.projektai' doesn't exist
CRITICAL - 2021-12-04 04:29:03 --> Table 'biblioteka.projektai' doesn't exist
#0 E:\xampp\htdocs\code\system\Database\MySQLi\Connection.php(292): mysqli->query('SELECT *\nFROM `...', 0)
#1 E:\xampp\htdocs\code\system\Database\BaseConnection.php(670): CodeIgniter\Database\MySQLi\Connection->execute('SELECT *\nFROM `...')
#2 E:\xampp\htdocs\code\system\Database\BaseConnection.php(598): CodeIgniter\Database\BaseConnection->simpleQuery('SELECT *\nFROM `...')
#3 E:\xampp\htdocs\code\system\Database\BaseBuilder.php(1443): CodeIgniter\Database\BaseConnection->query('SELECT *\nFROM `...', Array, false)
#4 E:\xampp\htdocs\code\system\Model.php(183): CodeIgniter\Database\BaseBuilder->get()
#5 E:\xampp\htdocs\code\system\BaseModel.php(584): CodeIgniter\Model->doFindAll(0, 0)
#6 E:\xampp\htdocs\code\app\Models\ProjektaiModel.php(14): CodeIgniter\BaseModel->findAll()
#7 E:\xampp\htdocs\code\app\Controllers\Projektai.php(13): App\Models\ProjektaiModel->getProjektai()
#8 E:\xampp\htdocs\code\system\CodeIgniter.php(824): App\Controllers\Projektai->index()
#9 E:\xampp\htdocs\code\system\CodeIgniter.php(410): CodeIgniter\CodeIgniter->runController(Object(App\Controllers\Projektai))
#10 E:\xampp\htdocs\code\system\CodeIgniter.php(318): CodeIgniter\CodeIgniter->handleRequest(NULL, Object(Config\Cache), false)
#11 E:\xampp\htdocs\code\public\index.php(37): CodeIgniter\CodeIgniter->run()
#12 {main}
CRITICAL - 2021-12-04 04:42:35 --> Unclosed '{' on line 8
#0 E:\xampp\htdocs\code\system\Autoloader\Autoloader.php(241): CodeIgniter\Autoloader\Autoloader->includeFile('E:\\xampp\\htdocs...')
#1 E:\xampp\htdocs\code\system\Autoloader\Autoloader.php(219): CodeIgniter\Autoloader\Autoloader->loadInNamespace('App\\Models\\Auto...')
#2 [internal function]: CodeIgniter\Autoloader\Autoloader->loadClass('App\\Models\\Auto...')
#3 E:\xampp\htdocs\code\system\Config\Factories.php(136): class_exists('App\\Models\\Auto...')
#4 E:\xampp\htdocs\code\system\Config\Factories.php(106): CodeIgniter\Config\Factories::locateClass(Array, 'App\\Controllers...')
#5 E:\xampp\htdocs\code\system\Common.php(783): CodeIgniter\Config\Factories::__callStatic('models', Array)
#6 E:\xampp\htdocs\code\app\Controllers\Autoriai.php(9): model('App\\Controllers...')
#7 E:\xampp\htdocs\code\system\CodeIgniter.php(801): App\Controllers\Autoriai->__construct()
#8 E:\xampp\htdocs\code\system\CodeIgniter.php(401): CodeIgniter\CodeIgniter->createController()
#9 E:\xampp\htdocs\code\system\CodeIgniter.php(318): CodeIgniter\CodeIgniter->handleRequest(NULL, Object(Config\Cache), false)
#10 E:\xampp\htdocs\code\public\index.php(37): CodeIgniter\CodeIgniter->run()
#11 {main}
CRITICAL - 2021-12-04 04:43:18 -->  is not a valid rule.
#0 E:\xampp\htdocs\code\system\Validation\Validation.php(285): CodeIgniter\Validation\Exceptions\ValidationException::forRuleNotFound('')
#1 E:\xampp\htdocs\code\system\Validation\Validation.php(151): CodeIgniter\Validation\Validation->processRules('autoriaus_knygo...', 'autoriaus_knygo...', NULL, Array, Array)
#2 E:\xampp\htdocs\code\system\Controller.php(160): CodeIgniter\Validation\Validation->run()
#3 E:\xampp\htdocs\code\app\Controllers\Autoriai.php(58): CodeIgniter\Controller->validate(Array)
#4 E:\xampp\htdocs\code\system\CodeIgniter.php(824): App\Controllers\Autoriai->redaguoti('1')
#5 E:\xampp\htdocs\code\system\CodeIgniter.php(410): CodeIgniter\CodeIgniter->runController(Object(App\Controllers\Autoriai))
#6 E:\xampp\htdocs\code\system\CodeIgniter.php(318): CodeIgniter\CodeIgniter->handleRequest(NULL, Object(Config\Cache), false)
#7 E:\xampp\htdocs\code\public\index.php(37): CodeIgniter\CodeIgniter->run()
#8 {main}
CRITICAL - 2021-12-04 04:43:41 -->  is not a valid rule.
#0 E:\xampp\htdocs\code\system\Validation\Validation.php(285): CodeIgniter\Validation\Exceptions\ValidationException::forRuleNotFound('')
#1 E:\xampp\htdocs\code\system\Validation\Validation.php(151): CodeIgniter\Validation\Validation->processRules('autoriaus_knygo...', 'autoriaus_knygo...', NULL, Array, Array)
#2 E:\xampp\htdocs\code\system\Controller.php(160): CodeIgniter\Validation\Validation->run()
#3 E:\xampp\htdocs\code\app\Controllers\Autoriai.php(58): CodeIgniter\Controller->validate(Array)
#4 E:\xampp\htdocs\code\system\CodeIgniter.php(824): App\Controllers\Autoriai->redaguoti('2')
#5 E:\xampp\htdocs\code\system\CodeIgniter.php(410): CodeIgniter\CodeIgniter->runController(Object(App\Controllers\Autoriai))
#6 E:\xampp\htdocs\code\system\CodeIgniter.php(318): CodeIgniter\CodeIgniter->handleRequest(NULL, Object(Config\Cache), false)
#7 E:\xampp\htdocs\code\public\index.php(37): CodeIgniter\CodeIgniter->run()
#8 {main}
CRITICAL - 2021-12-04 04:44:57 --> syntax error, unexpected end of file, expecting "elseif" or "else" or "endif"
#0 E:\xampp\htdocs\code\system\View\View.php(217): CodeIgniter\View\View->CodeIgniter\View\{closure}()
#1 E:\xampp\htdocs\code\system\Common.php(1097): CodeIgniter\View\View->render('autorius', Array, true)
#2 E:\xampp\htdocs\code\app\Controllers\BaseController.php(56): view('autorius', Array)
#3 E:\xampp\htdocs\code\app\Controllers\Autoriai.php(75): App\Controllers\BaseController->template('autorius', Array)
#4 E:\xampp\htdocs\code\system\CodeIgniter.php(824): App\Controllers\Autoriai->redaguoti('1')
#5 E:\xampp\htdocs\code\system\CodeIgniter.php(410): CodeIgniter\CodeIgniter->runController(Object(App\Controllers\Autoriai))
#6 E:\xampp\htdocs\code\system\CodeIgniter.php(318): CodeIgniter\CodeIgniter->handleRequest(NULL, Object(Config\Cache), false)
#7 E:\xampp\htdocs\code\public\index.php(37): CodeIgniter\CodeIgniter->run()
#8 {main}
CRITICAL - 2021-12-04 04:46:41 --> foreach() argument must be of type array|object, null given
#0 E:\xampp\htdocs\code\app\Views\autorius.php(34): CodeIgniter\Debug\Exceptions->errorHandler(2, 'foreach() argum...', 'E:\\xampp\\htdocs...', 34)
#1 E:\xampp\htdocs\code\system\View\View.php(214): include('E:\\xampp\\htdocs...')
#2 E:\xampp\htdocs\code\system\View\View.php(217): CodeIgniter\View\View->CodeIgniter\View\{closure}()
#3 E:\xampp\htdocs\code\system\Common.php(1097): CodeIgniter\View\View->render('autorius', Array, true)
#4 E:\xampp\htdocs\code\app\Controllers\BaseController.php(56): view('autorius', Array)
#5 E:\xampp\htdocs\code\app\Controllers\Autoriai.php(75): App\Controllers\BaseController->template('autorius', Array)
#6 E:\xampp\htdocs\code\system\CodeIgniter.php(824): App\Controllers\Autoriai->redaguoti('1')
#7 E:\xampp\htdocs\code\system\CodeIgniter.php(410): CodeIgniter\CodeIgniter->runController(Object(App\Controllers\Autoriai))
#8 E:\xampp\htdocs\code\system\CodeIgniter.php(318): CodeIgniter\CodeIgniter->handleRequest(NULL, Object(Config\Cache), false)
#9 E:\xampp\htdocs\code\public\index.php(37): CodeIgniter\CodeIgniter->run()
#10 {main}
CRITICAL - 2021-12-04 04:49:13 --> foreach() argument must be of type array|object, null given
#0 E:\xampp\htdocs\code\app\Views\autorius.php(34): CodeIgniter\Debug\Exceptions->errorHandler(2, 'foreach() argum...', 'E:\\xampp\\htdocs...', 34)
#1 E:\xampp\htdocs\code\system\View\View.php(214): include('E:\\xampp\\htdocs...')
#2 E:\xampp\htdocs\code\system\View\View.php(217): CodeIgniter\View\View->CodeIgniter\View\{closure}()
#3 E:\xampp\htdocs\code\system\Common.php(1097): CodeIgniter\View\View->render('autorius', Array, true)
#4 E:\xampp\htdocs\code\app\Controllers\BaseController.php(56): view('autorius', Array)
#5 E:\xampp\htdocs\code\app\Controllers\Autoriai.php(75): App\Controllers\BaseController->template('autorius', Array)
#6 E:\xampp\htdocs\code\system\CodeIgniter.php(824): App\Controllers\Autoriai->redaguoti('1')
#7 E:\xampp\htdocs\code\system\CodeIgniter.php(410): CodeIgniter\CodeIgniter->runController(Object(App\Controllers\Autoriai))
#8 E:\xampp\htdocs\code\system\CodeIgniter.php(318): CodeIgniter\CodeIgniter->handleRequest(NULL, Object(Config\Cache), false)
#9 E:\xampp\htdocs\code\public\index.php(37): CodeIgniter\CodeIgniter->run()
#10 {main}
CRITICAL - 2021-12-04 04:50:40 --> foreach() argument must be of type array|object, null given
#0 E:\xampp\htdocs\code\app\Views\autorius.php(34): CodeIgniter\Debug\Exceptions->errorHandler(2, 'foreach() argum...', 'E:\\xampp\\htdocs...', 34)
#1 E:\xampp\htdocs\code\system\View\View.php(214): include('E:\\xampp\\htdocs...')
#2 E:\xampp\htdocs\code\system\View\View.php(217): CodeIgniter\View\View->CodeIgniter\View\{closure}()
#3 E:\xampp\htdocs\code\system\Common.php(1097): CodeIgniter\View\View->render('autorius', Array, true)
#4 E:\xampp\htdocs\code\app\Controllers\BaseController.php(56): view('autorius', Array)
#5 E:\xampp\htdocs\code\app\Controllers\Autoriai.php(75): App\Controllers\BaseController->template('autorius', Array)
#6 E:\xampp\htdocs\code\system\CodeIgniter.php(824): App\Controllers\Autoriai->redaguoti('1')
#7 E:\xampp\htdocs\code\system\CodeIgniter.php(410): CodeIgniter\CodeIgniter->runController(Object(App\Controllers\Autoriai))
#8 E:\xampp\htdocs\code\system\CodeIgniter.php(318): CodeIgniter\CodeIgniter->handleRequest(NULL, Object(Config\Cache), false)
#9 E:\xampp\htdocs\code\public\index.php(37): CodeIgniter\CodeIgniter->run()
#10 {main}
CRITICAL - 2021-12-04 04:51:32 --> foreach() argument must be of type array|object, null given
#0 E:\xampp\htdocs\code\app\Views\autorius.php(34): CodeIgniter\Debug\Exceptions->errorHandler(2, 'foreach() argum...', 'E:\\xampp\\htdocs...', 34)
#1 E:\xampp\htdocs\code\system\View\View.php(214): include('E:\\xampp\\htdocs...')
#2 E:\xampp\htdocs\code\system\View\View.php(217): CodeIgniter\View\View->CodeIgniter\View\{closure}()
#3 E:\xampp\htdocs\code\system\Common.php(1097): CodeIgniter\View\View->render('autorius', Array, true)
#4 E:\xampp\htdocs\code\app\Controllers\BaseController.php(56): view('autorius', Array)
#5 E:\xampp\htdocs\code\app\Controllers\Autoriai.php(75): App\Controllers\BaseController->template('autorius', Array)
#6 E:\xampp\htdocs\code\system\CodeIgniter.php(824): App\Controllers\Autoriai->redaguoti('1')
#7 E:\xampp\htdocs\code\system\CodeIgniter.php(410): CodeIgniter\CodeIgniter->runController(Object(App\Controllers\Autoriai))
#8 E:\xampp\htdocs\code\system\CodeIgniter.php(318): CodeIgniter\CodeIgniter->handleRequest(NULL, Object(Config\Cache), false)
#9 E:\xampp\htdocs\code\public\index.php(37): CodeIgniter\CodeIgniter->run()
#10 {main}
CRITICAL - 2021-12-04 04:51:36 --> foreach() argument must be of type array|object, null given
#0 E:\xampp\htdocs\code\app\Views\autorius.php(34): CodeIgniter\Debug\Exceptions->errorHandler(2, 'foreach() argum...', 'E:\\xampp\\htdocs...', 34)
#1 E:\xampp\htdocs\code\system\View\View.php(214): include('E:\\xampp\\htdocs...')
#2 E:\xampp\htdocs\code\system\View\View.php(217): CodeIgniter\View\View->CodeIgniter\View\{closure}()
#3 E:\xampp\htdocs\code\system\Common.php(1097): CodeIgniter\View\View->render('autorius', Array, true)
#4 E:\xampp\htdocs\code\app\Controllers\BaseController.php(56): view('autorius', Array)
#5 E:\xampp\htdocs\code\app\Controllers\Autoriai.php(75): App\Controllers\BaseController->template('autorius', Array)
#6 E:\xampp\htdocs\code\system\CodeIgniter.php(824): App\Controllers\Autoriai->redaguoti('1')
#7 E:\xampp\htdocs\code\system\CodeIgniter.php(410): CodeIgniter\CodeIgniter->runController(Object(App\Controllers\Autoriai))
#8 E:\xampp\htdocs\code\system\CodeIgniter.php(318): CodeIgniter\CodeIgniter->handleRequest(NULL, Object(Config\Cache), false)
#9 E:\xampp\htdocs\code\public\index.php(37): CodeIgniter\CodeIgniter->run()
#10 {main}
CRITICAL - 2021-12-04 04:51:39 --> foreach() argument must be of type array|object, null given
#0 E:\xampp\htdocs\code\app\Views\autorius.php(34): CodeIgniter\Debug\Exceptions->errorHandler(2, 'foreach() argum...', 'E:\\xampp\\htdocs...', 34)
#1 E:\xampp\htdocs\code\system\View\View.php(214): include('E:\\xampp\\htdocs...')
#2 E:\xampp\htdocs\code\system\View\View.php(217): CodeIgniter\View\View->CodeIgniter\View\{closure}()
#3 E:\xampp\htdocs\code\system\Common.php(1097): CodeIgniter\View\View->render('autorius', Array, true)
#4 E:\xampp\htdocs\code\app\Controllers\BaseController.php(56): view('autorius', Array)
#5 E:\xampp\htdocs\code\app\Controllers\Autoriai.php(75): App\Controllers\BaseController->template('autorius', Array)
#6 E:\xampp\htdocs\code\system\CodeIgniter.php(824): App\Controllers\Autoriai->redaguoti('1')
#7 E:\xampp\htdocs\code\system\CodeIgniter.php(410): CodeIgniter\CodeIgniter->runController(Object(App\Controllers\Autoriai))
#8 E:\xampp\htdocs\code\system\CodeIgniter.php(318): CodeIgniter\CodeIgniter->handleRequest(NULL, Object(Config\Cache), false)
#9 E:\xampp\htdocs\code\public\index.php(37): CodeIgniter\CodeIgniter->run()
#10 {main}
CRITICAL - 2021-12-04 04:54:29 --> foreach() argument must be of type array|object, null given
#0 E:\xampp\htdocs\code\app\Views\autorius.php(34): CodeIgniter\Debug\Exceptions->errorHandler(2, 'foreach() argum...', 'E:\\xampp\\htdocs...', 34)
#1 E:\xampp\htdocs\code\system\View\View.php(214): include('E:\\xampp\\htdocs...')
#2 E:\xampp\htdocs\code\system\View\View.php(217): CodeIgniter\View\View->CodeIgniter\View\{closure}()
#3 E:\xampp\htdocs\code\system\Common.php(1097): CodeIgniter\View\View->render('autorius', Array, true)
#4 E:\xampp\htdocs\code\app\Controllers\BaseController.php(56): view('autorius', Array)
#5 E:\xampp\htdocs\code\app\Controllers\Autoriai.php(75): App\Controllers\BaseController->template('autorius', Array)
#6 E:\xampp\htdocs\code\system\CodeIgniter.php(824): App\Controllers\Autoriai->redaguoti('1')
#7 E:\xampp\htdocs\code\system\CodeIgniter.php(410): CodeIgniter\CodeIgniter->runController(Object(App\Controllers\Autoriai))
#8 E:\xampp\htdocs\code\system\CodeIgniter.php(318): CodeIgniter\CodeIgniter->handleRequest(NULL, Object(Config\Cache), false)
#9 E:\xampp\htdocs\code\public\index.php(37): CodeIgniter\CodeIgniter->run()
#10 {main}
CRITICAL - 2021-12-04 04:54:37 --> foreach() argument must be of type array|object, null given
#0 E:\xampp\htdocs\code\app\Views\autorius.php(34): CodeIgniter\Debug\Exceptions->errorHandler(2, 'foreach() argum...', 'E:\\xampp\\htdocs...', 34)
#1 E:\xampp\htdocs\code\system\View\View.php(214): include('E:\\xampp\\htdocs...')
#2 E:\xampp\htdocs\code\system\View\View.php(217): CodeIgniter\View\View->CodeIgniter\View\{closure}()
#3 E:\xampp\htdocs\code\system\Common.php(1097): CodeIgniter\View\View->render('autorius', Array, true)
#4 E:\xampp\htdocs\code\app\Controllers\BaseController.php(56): view('autorius', Array)
#5 E:\xampp\htdocs\code\app\Controllers\Autoriai.php(75): App\Controllers\BaseController->template('autorius', Array)
#6 E:\xampp\htdocs\code\system\CodeIgniter.php(824): App\Controllers\Autoriai->redaguoti('1')
#7 E:\xampp\htdocs\code\system\CodeIgniter.php(410): CodeIgniter\CodeIgniter->runController(Object(App\Controllers\Autoriai))
#8 E:\xampp\htdocs\code\system\CodeIgniter.php(318): CodeIgniter\CodeIgniter->handleRequest(NULL, Object(Config\Cache), false)
#9 E:\xampp\htdocs\code\public\index.php(37): CodeIgniter\CodeIgniter->run()
#10 {main}
CRITICAL - 2021-12-04 04:56:08 --> foreach() argument must be of type array|object, null given
#0 E:\xampp\htdocs\code\app\Views\autorius.php(34): CodeIgniter\Debug\Exceptions->errorHandler(2, 'foreach() argum...', 'E:\\xampp\\htdocs...', 34)
#1 E:\xampp\htdocs\code\system\View\View.php(214): include('E:\\xampp\\htdocs...')
#2 E:\xampp\htdocs\code\system\View\View.php(217): CodeIgniter\View\View->CodeIgniter\View\{closure}()
#3 E:\xampp\htdocs\code\system\Common.php(1097): CodeIgniter\View\View->render('autorius', Array, true)
#4 E:\xampp\htdocs\code\app\Controllers\BaseController.php(56): view('autorius', Array)
#5 E:\xampp\htdocs\code\app\Controllers\Autoriai.php(75): App\Controllers\BaseController->template('autorius', Array)
#6 E:\xampp\htdocs\code\system\CodeIgniter.php(824): App\Controllers\Autoriai->redaguoti('1')
#7 E:\xampp\htdocs\code\system\CodeIgniter.php(410): CodeIgniter\CodeIgniter->runController(Object(App\Controllers\Autoriai))
#8 E:\xampp\htdocs\code\system\CodeIgniter.php(318): CodeIgniter\CodeIgniter->handleRequest(NULL, Object(Config\Cache), false)
#9 E:\xampp\htdocs\code\public\index.php(37): CodeIgniter\CodeIgniter->run()
#10 {main}
CRITICAL - 2021-12-04 04:56:46 --> foreach() argument must be of type array|object, null given
#0 E:\xampp\htdocs\code\app\Views\autorius.php(34): CodeIgniter\Debug\Exceptions->errorHandler(2, 'foreach() argum...', 'E:\\xampp\\htdocs...', 34)
#1 E:\xampp\htdocs\code\system\View\View.php(214): include('E:\\xampp\\htdocs...')
#2 E:\xampp\htdocs\code\system\View\View.php(217): CodeIgniter\View\View->CodeIgniter\View\{closure}()
#3 E:\xampp\htdocs\code\system\Common.php(1097): CodeIgniter\View\View->render('autorius', Array, true)
#4 E:\xampp\htdocs\code\app\Controllers\BaseController.php(56): view('autorius', Array)
#5 E:\xampp\htdocs\code\app\Controllers\Autoriai.php(76): App\Controllers\BaseController->template('autorius', Array)
#6 E:\xampp\htdocs\code\system\CodeIgniter.php(824): App\Controllers\Autoriai->redaguoti('1')
#7 E:\xampp\htdocs\code\system\CodeIgniter.php(410): CodeIgniter\CodeIgniter->runController(Object(App\Controllers\Autoriai))
#8 E:\xampp\htdocs\code\system\CodeIgniter.php(318): CodeIgniter\CodeIgniter->handleRequest(NULL, Object(Config\Cache), false)
#9 E:\xampp\htdocs\code\public\index.php(37): CodeIgniter\CodeIgniter->run()
#10 {main}
CRITICAL - 2021-12-04 04:56:52 --> foreach() argument must be of type array|object, null given
#0 E:\xampp\htdocs\code\app\Views\autorius.php(34): CodeIgniter\Debug\Exceptions->errorHandler(2, 'foreach() argum...', 'E:\\xampp\\htdocs...', 34)
#1 E:\xampp\htdocs\code\system\View\View.php(214): include('E:\\xampp\\htdocs...')
#2 E:\xampp\htdocs\code\system\View\View.php(217): CodeIgniter\View\View->CodeIgniter\View\{closure}()
#3 E:\xampp\htdocs\code\system\Common.php(1097): CodeIgniter\View\View->render('autorius', Array, true)
#4 E:\xampp\htdocs\code\app\Controllers\BaseController.php(56): view('autorius', Array)
#5 E:\xampp\htdocs\code\app\Controllers\Autoriai.php(76): App\Controllers\BaseController->template('autorius', Array)
#6 E:\xampp\htdocs\code\system\CodeIgniter.php(824): App\Controllers\Autoriai->redaguoti('1')
#7 E:\xampp\htdocs\code\system\CodeIgniter.php(410): CodeIgniter\CodeIgniter->runController(Object(App\Controllers\Autoriai))
#8 E:\xampp\htdocs\code\system\CodeIgniter.php(318): CodeIgniter\CodeIgniter->handleRequest(NULL, Object(Config\Cache), false)
#9 E:\xampp\htdocs\code\public\index.php(37): CodeIgniter\CodeIgniter->run()
#10 {main}
CRITICAL - 2021-12-04 04:57:40 --> foreach() argument must be of type array|object, null given
#0 E:\xampp\htdocs\code\app\Views\autorius.php(34): CodeIgniter\Debug\Exceptions->errorHandler(2, 'foreach() argum...', 'E:\\xampp\\htdocs...', 34)
#1 E:\xampp\htdocs\code\system\View\View.php(214): include('E:\\xampp\\htdocs...')
#2 E:\xampp\htdocs\code\system\View\View.php(217): CodeIgniter\View\View->CodeIgniter\View\{closure}()
#3 E:\xampp\htdocs\code\system\Common.php(1097): CodeIgniter\View\View->render('autorius', Array, true)
#4 E:\xampp\htdocs\code\app\Controllers\BaseController.php(56): view('autorius', Array)
#5 E:\xampp\htdocs\code\app\Controllers\Autoriai.php(75): App\Controllers\BaseController->template('autorius', Array)
#6 E:\xampp\htdocs\code\system\CodeIgniter.php(824): App\Controllers\Autoriai->redaguoti('1')
#7 E:\xampp\htdocs\code\system\CodeIgniter.php(410): CodeIgniter\CodeIgniter->runController(Object(App\Controllers\Autoriai))
#8 E:\xampp\htdocs\code\system\CodeIgniter.php(318): CodeIgniter\CodeIgniter->handleRequest(NULL, Object(Config\Cache), false)
#9 E:\xampp\htdocs\code\public\index.php(37): CodeIgniter\CodeIgniter->run()
#10 {main}
CRITICAL - 2021-12-04 04:57:40 --> foreach() argument must be of type array|object, null given
#0 E:\xampp\htdocs\code\app\Views\autorius.php(34): CodeIgniter\Debug\Exceptions->errorHandler(2, 'foreach() argum...', 'E:\\xampp\\htdocs...', 34)
#1 E:\xampp\htdocs\code\system\View\View.php(214): include('E:\\xampp\\htdocs...')
#2 E:\xampp\htdocs\code\system\View\View.php(217): CodeIgniter\View\View->CodeIgniter\View\{closure}()
#3 E:\xampp\htdocs\code\system\Common.php(1097): CodeIgniter\View\View->render('autorius', Array, true)
#4 E:\xampp\htdocs\code\app\Controllers\BaseController.php(56): view('autorius', Array)
#5 E:\xampp\htdocs\code\app\Controllers\Autoriai.php(75): App\Controllers\BaseController->template('autorius', Array)
#6 E:\xampp\htdocs\code\system\CodeIgniter.php(824): App\Controllers\Autoriai->redaguoti('1')
#7 E:\xampp\htdocs\code\system\CodeIgniter.php(410): CodeIgniter\CodeIgniter->runController(Object(App\Controllers\Autoriai))
#8 E:\xampp\htdocs\code\system\CodeIgniter.php(318): CodeIgniter\CodeIgniter->handleRequest(NULL, Object(Config\Cache), false)
#9 E:\xampp\htdocs\code\public\index.php(37): CodeIgniter\CodeIgniter->run()
#10 {main}
CRITICAL - 2021-12-04 04:57:43 --> foreach() argument must be of type array|object, null given
#0 E:\xampp\htdocs\code\app\Views\autorius.php(34): CodeIgniter\Debug\Exceptions->errorHandler(2, 'foreach() argum...', 'E:\\xampp\\htdocs...', 34)
#1 E:\xampp\htdocs\code\system\View\View.php(214): include('E:\\xampp\\htdocs...')
#2 E:\xampp\htdocs\code\system\View\View.php(217): CodeIgniter\View\View->CodeIgniter\View\{closure}()
#3 E:\xampp\htdocs\code\system\Common.php(1097): CodeIgniter\View\View->render('autorius', Array, true)
#4 E:\xampp\htdocs\code\app\Controllers\BaseController.php(56): view('autorius', Array)
#5 E:\xampp\htdocs\code\app\Controllers\Autoriai.php(75): App\Controllers\BaseController->template('autorius', Array)
#6 E:\xampp\htdocs\code\system\CodeIgniter.php(824): App\Controllers\Autoriai->redaguoti('1')
#7 E:\xampp\htdocs\code\system\CodeIgniter.php(410): CodeIgniter\CodeIgniter->runController(Object(App\Controllers\Autoriai))
#8 E:\xampp\htdocs\code\system\CodeIgniter.php(318): CodeIgniter\CodeIgniter->handleRequest(NULL, Object(Config\Cache), false)
#9 E:\xampp\htdocs\code\public\index.php(37): CodeIgniter\CodeIgniter->run()
#10 {main}
CRITICAL - 2021-12-04 04:58:28 --> Undefined variable $projektas
#0 E:\xampp\htdocs\code\app\Views\autorius.php(43): CodeIgniter\Debug\Exceptions->errorHandler(2, 'Undefined varia...', 'E:\\xampp\\htdocs...', 43)
#1 E:\xampp\htdocs\code\system\View\View.php(214): include('E:\\xampp\\htdocs...')
#2 E:\xampp\htdocs\code\system\View\View.php(217): CodeIgniter\View\View->CodeIgniter\View\{closure}()
#3 E:\xampp\htdocs\code\system\Common.php(1097): CodeIgniter\View\View->render('autorius', Array, true)
#4 E:\xampp\htdocs\code\app\Controllers\BaseController.php(56): view('autorius', Array)
#5 E:\xampp\htdocs\code\app\Controllers\Autoriai.php(75): App\Controllers\BaseController->template('autorius', Array)
#6 E:\xampp\htdocs\code\system\CodeIgniter.php(824): App\Controllers\Autoriai->redaguoti('1')
#7 E:\xampp\htdocs\code\system\CodeIgniter.php(410): CodeIgniter\CodeIgniter->runController(Object(App\Controllers\Autoriai))
#8 E:\xampp\htdocs\code\system\CodeIgniter.php(318): CodeIgniter\CodeIgniter->handleRequest(NULL, Object(Config\Cache), false)
#9 E:\xampp\htdocs\code\public\index.php(37): CodeIgniter\CodeIgniter->run()
#10 {main}
CRITICAL - 2021-12-04 04:59:23 --> Undefined variable $knyga
#0 E:\xampp\htdocs\code\app\Views\autorius.php(43): CodeIgniter\Debug\Exceptions->errorHandler(2, 'Undefined varia...', 'E:\\xampp\\htdocs...', 43)
#1 E:\xampp\htdocs\code\system\View\View.php(214): include('E:\\xampp\\htdocs...')
#2 E:\xampp\htdocs\code\system\View\View.php(217): CodeIgniter\View\View->CodeIgniter\View\{closure}()
#3 E:\xampp\htdocs\code\system\Common.php(1097): CodeIgniter\View\View->render('autorius', Array, true)
#4 E:\xampp\htdocs\code\app\Controllers\BaseController.php(56): view('autorius', Array)
#5 E:\xampp\htdocs\code\app\Controllers\Autoriai.php(75): App\Controllers\BaseController->template('autorius', Array)
#6 E:\xampp\htdocs\code\system\CodeIgniter.php(824): App\Controllers\Autoriai->redaguoti('1')
#7 E:\xampp\htdocs\code\system\CodeIgniter.php(410): CodeIgniter\CodeIgniter->runController(Object(App\Controllers\Autoriai))
#8 E:\xampp\htdocs\code\system\CodeIgniter.php(318): CodeIgniter\CodeIgniter->handleRequest(NULL, Object(Config\Cache), false)
#9 E:\xampp\htdocs\code\public\index.php(37): CodeIgniter\CodeIgniter->run()
#10 {main}
CRITICAL - 2021-12-04 04:59:41 --> Undefined variable $autorius
#0 E:\xampp\htdocs\code\app\Views\autorius.php(43): CodeIgniter\Debug\Exceptions->errorHandler(2, 'Undefined varia...', 'E:\\xampp\\htdocs...', 43)
#1 E:\xampp\htdocs\code\system\View\View.php(214): include('E:\\xampp\\htdocs...')
#2 E:\xampp\htdocs\code\system\View\View.php(217): CodeIgniter\View\View->CodeIgniter\View\{closure}()
#3 E:\xampp\htdocs\code\system\Common.php(1097): CodeIgniter\View\View->render('autorius', Array, true)
#4 E:\xampp\htdocs\code\app\Controllers\BaseController.php(56): view('autorius', Array)
#5 E:\xampp\htdocs\code\app\Controllers\Autoriai.php(75): App\Controllers\BaseController->template('autorius', Array)
#6 E:\xampp\htdocs\code\system\CodeIgniter.php(824): App\Controllers\Autoriai->redaguoti('1')
#7 E:\xampp\htdocs\code\system\CodeIgniter.php(410): CodeIgniter\CodeIgniter->runController(Object(App\Controllers\Autoriai))
#8 E:\xampp\htdocs\code\system\CodeIgniter.php(318): CodeIgniter\CodeIgniter->handleRequest(NULL, Object(Config\Cache), false)
#9 E:\xampp\htdocs\code\public\index.php(37): CodeIgniter\CodeIgniter->run()
#10 {main}
ERROR - 2021-12-04 05:33:39 --> Table 'biblioteka.projektai' doesn't exist
CRITICAL - 2021-12-04 05:33:39 --> Table 'biblioteka.projektai' doesn't exist
#0 E:\xampp\htdocs\code\system\Database\MySQLi\Connection.php(292): mysqli->query('SELECT *\nFROM `...', 0)
#1 E:\xampp\htdocs\code\system\Database\BaseConnection.php(670): CodeIgniter\Database\MySQLi\Connection->execute('SELECT *\nFROM `...')
#2 E:\xampp\htdocs\code\system\Database\BaseConnection.php(598): CodeIgniter\Database\BaseConnection->simpleQuery('SELECT *\nFROM `...')
#3 E:\xampp\htdocs\code\system\Database\BaseBuilder.php(1443): CodeIgniter\Database\BaseConnection->query('SELECT *\nFROM `...', Array, false)
#4 E:\xampp\htdocs\code\system\Model.php(183): CodeIgniter\Database\BaseBuilder->get()
#5 E:\xampp\htdocs\code\system\BaseModel.php(584): CodeIgniter\Model->doFindAll(0, 0)
#6 E:\xampp\htdocs\code\app\Models\ProjektaiModel.php(14): CodeIgniter\BaseModel->findAll()
#7 E:\xampp\htdocs\code\app\Controllers\Projektai.php(13): App\Models\ProjektaiModel->getProjektai()
#8 E:\xampp\htdocs\code\system\CodeIgniter.php(824): App\Controllers\Projektai->index()
#9 E:\xampp\htdocs\code\system\CodeIgniter.php(410): CodeIgniter\CodeIgniter->runController(Object(App\Controllers\Projektai))
#10 E:\xampp\htdocs\code\system\CodeIgniter.php(318): CodeIgniter\CodeIgniter->handleRequest(NULL, Object(Config\Cache), false)
#11 E:\xampp\htdocs\code\public\index.php(37): CodeIgniter\CodeIgniter->run()
#12 {main}
CRITICAL - 2021-12-04 05:40:38 --> Call to a member function getResult() on array
#0 E:\xampp\htdocs\code\system\View\View.php(214): include()
#1 E:\xampp\htdocs\code\system\View\View.php(217): CodeIgniter\View\View->CodeIgniter\View\{closure}()
#2 E:\xampp\htdocs\code\system\Common.php(1097): CodeIgniter\View\View->render('knyga', Array, true)
#3 E:\xampp\htdocs\code\app\Controllers\BaseController.php(56): view('knyga', Array)
#4 E:\xampp\htdocs\code\app\Controllers\Knygos.php(87): App\Controllers\BaseController->template('knyga', Array)
#5 E:\xampp\htdocs\code\system\CodeIgniter.php(824): App\Controllers\Knygos->redaguoti('12')
#6 E:\xampp\htdocs\code\system\CodeIgniter.php(410): CodeIgniter\CodeIgniter->runController(Object(App\Controllers\Knygos))
#7 E:\xampp\htdocs\code\system\CodeIgniter.php(318): CodeIgniter\CodeIgniter->handleRequest(NULL, Object(Config\Cache), false)
#8 E:\xampp\htdocs\code\public\index.php(37): CodeIgniter\CodeIgniter->run()
#9 {main}
CRITICAL - 2021-12-04 06:10:26 --> syntax error, unexpected variable "$this", expecting ")"
#0 E:\xampp\htdocs\code\system\Router\Router.php(176): CodeIgniter\Router\Router->autoRoute('autoriai/redagu...')
#1 E:\xampp\htdocs\code\system\CodeIgniter.php(718): CodeIgniter\Router\Router->handle('autoriai/redagu...')
#2 E:\xampp\htdocs\code\system\CodeIgniter.php(359): CodeIgniter\CodeIgniter->tryToRouteIt(Object(CodeIgniter\Router\RouteCollection))
#3 E:\xampp\htdocs\code\system\CodeIgniter.php(318): CodeIgniter\CodeIgniter->handleRequest(NULL, Object(Config\Cache), false)
#4 E:\xampp\htdocs\code\public\index.php(37): CodeIgniter\CodeIgniter->run()
#5 {main}
CRITICAL - 2021-12-04 06:12:21 --> Call to a member function getResult() on array
#0 E:\xampp\htdocs\code\system\View\View.php(214): include()
#1 E:\xampp\htdocs\code\system\View\View.php(217): CodeIgniter\View\View->CodeIgniter\View\{closure}()
#2 E:\xampp\htdocs\code\system\Common.php(1097): CodeIgniter\View\View->render('knyga', Array, true)
#3 E:\xampp\htdocs\code\app\Controllers\BaseController.php(56): view('knyga', Array)
#4 E:\xampp\htdocs\code\app\Controllers\Knygos.php(87): App\Controllers\BaseController->template('knyga', Array)
#5 E:\xampp\htdocs\code\system\CodeIgniter.php(824): App\Controllers\Knygos->redaguoti('14')
#6 E:\xampp\htdocs\code\system\CodeIgniter.php(410): CodeIgniter\CodeIgniter->runController(Object(App\Controllers\Knygos))
#7 E:\xampp\htdocs\code\system\CodeIgniter.php(318): CodeIgniter\CodeIgniter->handleRequest(NULL, Object(Config\Cache), false)
#8 E:\xampp\htdocs\code\public\index.php(37): CodeIgniter\CodeIgniter->run()
#9 {main}
ERROR - 2021-12-04 06:15:06 --> Column 'populiarumas' cannot be null
CRITICAL - 2021-12-04 06:15:06 --> Column 'populiarumas' cannot be null
#0 E:\xampp\htdocs\code\system\Database\MySQLi\Connection.php(292): mysqli->query('INSERT INTO `kn...', 0)
#1 E:\xampp\htdocs\code\system\Database\BaseConnection.php(670): CodeIgniter\Database\MySQLi\Connection->execute('INSERT INTO `kn...')
#2 E:\xampp\htdocs\code\system\Database\BaseConnection.php(598): CodeIgniter\Database\BaseConnection->simpleQuery('INSERT INTO `kn...')
#3 E:\xampp\htdocs\code\system\Database\BaseBuilder.php(1759): CodeIgniter\Database\BaseConnection->query('INSERT INTO `kn...', Array, false)
#4 E:\xampp\htdocs\code\app\Models\AutoriaiModel.php(33): CodeIgniter\Database\BaseBuilder->insert(Array)
#5 E:\xampp\htdocs\code\app\Controllers\Autoriai.php(81): App\Models\AutoriaiModel->insertAutoriausKnyga(Array)
#6 E:\xampp\htdocs\code\system\CodeIgniter.php(824): App\Controllers\Autoriai->redaguoti('2')
#7 E:\xampp\htdocs\code\system\CodeIgniter.php(410): CodeIgniter\CodeIgniter->runController(Object(App\Controllers\Autoriai))
#8 E:\xampp\htdocs\code\system\CodeIgniter.php(318): CodeIgniter\CodeIgniter->handleRequest(NULL, Object(Config\Cache), false)
#9 E:\xampp\htdocs\code\public\index.php(37): CodeIgniter\CodeIgniter->run()
#10 {main}
CRITICAL - 2021-12-04 06:15:15 --> Call to undefined method App\Models\AutoriaiModel::insertProjektoDarbuotojas
#0 E:\xampp\htdocs\code\app\Controllers\Autoriai.php(83): CodeIgniter\Model->__call('insertProjektoD...', Array)
#1 E:\xampp\htdocs\code\system\CodeIgniter.php(824): App\Controllers\Autoriai->redaguoti('2')
#2 E:\xampp\htdocs\code\system\CodeIgniter.php(410): CodeIgniter\CodeIgniter->runController(Object(App\Controllers\Autoriai))
#3 E:\xampp\htdocs\code\system\CodeIgniter.php(318): CodeIgniter\CodeIgniter->handleRequest(NULL, Object(Config\Cache), false)
#4 E:\xampp\htdocs\code\public\index.php(37): CodeIgniter\CodeIgniter->run()
#5 {main}
CRITICAL - 2021-12-04 06:17:50 --> Undefined variable $id
#0 E:\xampp\htdocs\code\app\Controllers\Autoriai.php(39): CodeIgniter\Debug\Exceptions->errorHandler(2, 'Undefined varia...', 'E:\\xampp\\htdocs...', 39)
#1 E:\xampp\htdocs\code\system\CodeIgniter.php(824): App\Controllers\Autoriai->naujas()
#2 E:\xampp\htdocs\code\system\CodeIgniter.php(410): CodeIgniter\CodeIgniter->runController(Object(App\Controllers\Autoriai))
#3 E:\xampp\htdocs\code\system\CodeIgniter.php(318): CodeIgniter\CodeIgniter->handleRequest(NULL, Object(Config\Cache), false)
#4 E:\xampp\htdocs\code\public\index.php(37): CodeIgniter\CodeIgniter->run()
#5 {main}
CRITICAL - 2021-12-04 06:18:04 --> Object of class App\Controllers\Autoriai could not be converted to string
#0 E:\xampp\htdocs\code\system\CodeIgniter.php(824): App\Controllers\Autoriai->naujas()
#1 E:\xampp\htdocs\code\system\CodeIgniter.php(410): CodeIgniter\CodeIgniter->runController(Object(App\Controllers\Autoriai))
#2 E:\xampp\htdocs\code\system\CodeIgniter.php(318): CodeIgniter\CodeIgniter->handleRequest(NULL, Object(Config\Cache), false)
#3 E:\xampp\htdocs\code\public\index.php(37): CodeIgniter\CodeIgniter->run()
#4 {main}
CRITICAL - 2021-12-04 13:06:13 --> Call to undefined method CodeIgniter\Database\MySQLi\Result::getRresultArray()
#0 E:\xampp\htdocs\code\app\Controllers\Knygos.php(50): App\Models\KnygosModel->getEsamiAutoriai()
#1 E:\xampp\htdocs\code\system\CodeIgniter.php(824): App\Controllers\Knygos->nauja()
#2 E:\xampp\htdocs\code\system\CodeIgniter.php(410): CodeIgniter\CodeIgniter->runController(Object(App\Controllers\Knygos))
#3 E:\xampp\htdocs\code\system\CodeIgniter.php(318): CodeIgniter\CodeIgniter->handleRequest(NULL, Object(Config\Cache), false)
#4 E:\xampp\htdocs\code\public\index.php(37): CodeIgniter\CodeIgniter->run()
#5 {main}
CRITICAL - 2021-12-04 13:06:23 --> Call to a member function getResult() on array
#0 E:\xampp\htdocs\code\system\View\View.php(214): include()
#1 E:\xampp\htdocs\code\system\View\View.php(217): CodeIgniter\View\View->CodeIgniter\View\{closure}()
#2 E:\xampp\htdocs\code\system\Common.php(1097): CodeIgniter\View\View->render('knyga', Array, true)
#3 E:\xampp\htdocs\code\app\Controllers\BaseController.php(56): view('knyga', Array)
#4 E:\xampp\htdocs\code\app\Controllers\Knygos.php(87): App\Controllers\BaseController->template('knyga', Array)
#5 E:\xampp\htdocs\code\system\CodeIgniter.php(824): App\Controllers\Knygos->redaguoti('1')
#6 E:\xampp\htdocs\code\system\CodeIgniter.php(410): CodeIgniter\CodeIgniter->runController(Object(App\Controllers\Knygos))
#7 E:\xampp\htdocs\code\system\CodeIgniter.php(318): CodeIgniter\CodeIgniter->handleRequest(NULL, Object(Config\Cache), false)
#8 E:\xampp\htdocs\code\public\index.php(37): CodeIgniter\CodeIgniter->run()
#9 {main}
CRITICAL - 2021-12-04 13:16:35 --> Undefined variable $autoriaus_id
#0 E:\xampp\htdocs\code\app\Controllers\Autoriai.php(39): CodeIgniter\Debug\Exceptions->errorHandler(2, 'Undefined varia...', 'E:\\xampp\\htdocs...', 39)
#1 E:\xampp\htdocs\code\system\CodeIgniter.php(824): App\Controllers\Autoriai->naujas()
#2 E:\xampp\htdocs\code\system\CodeIgniter.php(410): CodeIgniter\CodeIgniter->runController(Object(App\Controllers\Autoriai))
#3 E:\xampp\htdocs\code\system\CodeIgniter.php(318): CodeIgniter\CodeIgniter->handleRequest(NULL, Object(Config\Cache), false)
#4 E:\xampp\htdocs\code\public\index.php(37): CodeIgniter\CodeIgniter->run()
#5 {main}
CRITICAL - 2021-12-04 13:17:13 --> Array to string conversion
#0 E:\xampp\htdocs\code\app\Controllers\Autoriai.php(39): CodeIgniter\Debug\Exceptions->errorHandler(2, 'Array to string...', 'E:\\xampp\\htdocs...', 39)
#1 E:\xampp\htdocs\code\system\CodeIgniter.php(824): App\Controllers\Autoriai->naujas()
#2 E:\xampp\htdocs\code\system\CodeIgniter.php(410): CodeIgniter\CodeIgniter->runController(Object(App\Controllers\Autoriai))
#3 E:\xampp\htdocs\code\system\CodeIgniter.php(318): CodeIgniter\CodeIgniter->handleRequest(NULL, Object(Config\Cache), false)
#4 E:\xampp\htdocs\code\public\index.php(37): CodeIgniter\CodeIgniter->run()
#5 {main}
ERROR - 2021-12-04 13:22:02 --> Table 'biblioteka.projektai' doesn't exist
CRITICAL - 2021-12-04 13:22:02 --> Table 'biblioteka.projektai' doesn't exist
#0 E:\xampp\htdocs\code\system\Database\MySQLi\Connection.php(292): mysqli->query('SELECT *\nFROM `...', 0)
#1 E:\xampp\htdocs\code\system\Database\BaseConnection.php(670): CodeIgniter\Database\MySQLi\Connection->execute('SELECT *\nFROM `...')
#2 E:\xampp\htdocs\code\system\Database\BaseConnection.php(598): CodeIgniter\Database\BaseConnection->simpleQuery('SELECT *\nFROM `...')
#3 E:\xampp\htdocs\code\system\Database\BaseBuilder.php(1443): CodeIgniter\Database\BaseConnection->query('SELECT *\nFROM `...', Array, false)
#4 E:\xampp\htdocs\code\system\Model.php(183): CodeIgniter\Database\BaseBuilder->get()
#5 E:\xampp\htdocs\code\system\BaseModel.php(584): CodeIgniter\Model->doFindAll(0, 0)
#6 E:\xampp\htdocs\code\app\Models\ProjektaiModel.php(14): CodeIgniter\BaseModel->findAll()
#7 E:\xampp\htdocs\code\app\Controllers\Projektai.php(13): App\Models\ProjektaiModel->getProjektai()
#8 E:\xampp\htdocs\code\system\CodeIgniter.php(824): App\Controllers\Projektai->index()
#9 E:\xampp\htdocs\code\system\CodeIgniter.php(410): CodeIgniter\CodeIgniter->runController(Object(App\Controllers\Projektai))
#10 E:\xampp\htdocs\code\system\CodeIgniter.php(318): CodeIgniter\CodeIgniter->handleRequest(NULL, Object(Config\Cache), false)
#11 E:\xampp\htdocs\code\public\index.php(37): CodeIgniter\CodeIgniter->run()
#12 {main}
ERROR - 2021-12-04 13:22:03 --> Table 'biblioteka.projektai' doesn't exist
CRITICAL - 2021-12-04 13:22:03 --> Table 'biblioteka.projektai' doesn't exist
#0 E:\xampp\htdocs\code\system\Database\MySQLi\Connection.php(292): mysqli->query('SELECT *\nFROM `...', 0)
#1 E:\xampp\htdocs\code\system\Database\BaseConnection.php(670): CodeIgniter\Database\MySQLi\Connection->execute('SELECT *\nFROM `...')
#2 E:\xampp\htdocs\code\system\Database\BaseConnection.php(598): CodeIgniter\Database\BaseConnection->simpleQuery('SELECT *\nFROM `...')
#3 E:\xampp\htdocs\code\system\Database\BaseBuilder.php(1443): CodeIgniter\Database\BaseConnection->query('SELECT *\nFROM `...', Array, false)
#4 E:\xampp\htdocs\code\system\Model.php(183): CodeIgniter\Database\BaseBuilder->get()
#5 E:\xampp\htdocs\code\system\BaseModel.php(584): CodeIgniter\Model->doFindAll(0, 0)
#6 E:\xampp\htdocs\code\app\Models\ProjektaiModel.php(14): CodeIgniter\BaseModel->findAll()
#7 E:\xampp\htdocs\code\app\Controllers\Projektai.php(13): App\Models\ProjektaiModel->getProjektai()
#8 E:\xampp\htdocs\code\system\CodeIgniter.php(824): App\Controllers\Projektai->index()
#9 E:\xampp\htdocs\code\system\CodeIgniter.php(410): CodeIgniter\CodeIgniter->runController(Object(App\Controllers\Projektai))
#10 E:\xampp\htdocs\code\system\CodeIgniter.php(318): CodeIgniter\CodeIgniter->handleRequest(NULL, Object(Config\Cache), false)
#11 E:\xampp\htdocs\code\public\index.php(37): CodeIgniter\CodeIgniter->run()
#12 {main}
CRITICAL - 2021-12-04 13:31:31 --> Call to undefined method CodeIgniter\Database\MySQLi\Result::getRresultArray()
#0 E:\xampp\htdocs\code\app\Controllers\Knygos.php(84): App\Models\KnygosModel->getVisiNariai('1')
#1 E:\xampp\htdocs\code\system\CodeIgniter.php(824): App\Controllers\Knygos->redaguoti('1')
#2 E:\xampp\htdocs\code\system\CodeIgniter.php(410): CodeIgniter\CodeIgniter->runController(Object(App\Controllers\Knygos))
#3 E:\xampp\htdocs\code\system\CodeIgniter.php(318): CodeIgniter\CodeIgniter->handleRequest(NULL, Object(Config\Cache), false)
#4 E:\xampp\htdocs\code\public\index.php(37): CodeIgniter\CodeIgniter->run()
#5 {main}
CRITICAL - 2021-12-04 13:32:36 --> Call to undefined method CodeIgniter\Database\MySQLi\Result::getRresultArray()
#0 E:\xampp\htdocs\code\app\Controllers\Knygos.php(84): App\Models\KnygosModel->getVisiNariai('1')
#1 E:\xampp\htdocs\code\system\CodeIgniter.php(824): App\Controllers\Knygos->redaguoti('1')
#2 E:\xampp\htdocs\code\system\CodeIgniter.php(410): CodeIgniter\CodeIgniter->runController(Object(App\Controllers\Knygos))
#3 E:\xampp\htdocs\code\system\CodeIgniter.php(318): CodeIgniter\CodeIgniter->handleRequest(NULL, Object(Config\Cache), false)
#4 E:\xampp\htdocs\code\public\index.php(37): CodeIgniter\CodeIgniter->run()
#5 {main}
CRITICAL - 2021-12-04 13:33:06 --> Call to undefined method CodeIgniter\Database\MySQLi\Result::getRresultArray()
#0 E:\xampp\htdocs\code\app\Controllers\Knygos.php(84): App\Models\KnygosModel->getVisiNariai('1')
#1 E:\xampp\htdocs\code\system\CodeIgniter.php(824): App\Controllers\Knygos->redaguoti('1')
#2 E:\xampp\htdocs\code\system\CodeIgniter.php(410): CodeIgniter\CodeIgniter->runController(Object(App\Controllers\Knygos))
#3 E:\xampp\htdocs\code\system\CodeIgniter.php(318): CodeIgniter\CodeIgniter->handleRequest(NULL, Object(Config\Cache), false)
#4 E:\xampp\htdocs\code\public\index.php(37): CodeIgniter\CodeIgniter->run()
#5 {main}
CRITICAL - 2021-12-04 13:33:26 --> Call to undefined method CodeIgniter\Database\MySQLi\Result::getRresultArray()
#0 E:\xampp\htdocs\code\app\Controllers\Knygos.php(84): App\Models\KnygosModel->getVisiNariai('1')
#1 E:\xampp\htdocs\code\system\CodeIgniter.php(824): App\Controllers\Knygos->redaguoti('1')
#2 E:\xampp\htdocs\code\system\CodeIgniter.php(410): CodeIgniter\CodeIgniter->runController(Object(App\Controllers\Knygos))
#3 E:\xampp\htdocs\code\system\CodeIgniter.php(318): CodeIgniter\CodeIgniter->handleRequest(NULL, Object(Config\Cache), false)
#4 E:\xampp\htdocs\code\public\index.php(37): CodeIgniter\CodeIgniter->run()
#5 {main}
CRITICAL - 2021-12-04 13:33:55 --> Call to undefined method CodeIgniter\Database\MySQLi\Result::getRresultArray()
#0 E:\xampp\htdocs\code\app\Controllers\Knygos.php(84): App\Models\KnygosModel->getVisiNariai('1')
#1 E:\xampp\htdocs\code\system\CodeIgniter.php(824): App\Controllers\Knygos->redaguoti('1')
#2 E:\xampp\htdocs\code\system\CodeIgniter.php(410): CodeIgniter\CodeIgniter->runController(Object(App\Controllers\Knygos))
#3 E:\xampp\htdocs\code\system\CodeIgniter.php(318): CodeIgniter\CodeIgniter->handleRequest(NULL, Object(Config\Cache), false)
#4 E:\xampp\htdocs\code\public\index.php(37): CodeIgniter\CodeIgniter->run()
#5 {main}
CRITICAL - 2021-12-04 13:38:13 --> Call to undefined method CodeIgniter\Database\MySQLi\Result::getRresultArray()
#0 E:\xampp\htdocs\code\app\Controllers\Knygos.php(84): App\Models\KnygosModel->getVisiNariai('1')
#1 E:\xampp\htdocs\code\system\CodeIgniter.php(824): App\Controllers\Knygos->redaguoti('1')
#2 E:\xampp\htdocs\code\system\CodeIgniter.php(410): CodeIgniter\CodeIgniter->runController(Object(App\Controllers\Knygos))
#3 E:\xampp\htdocs\code\system\CodeIgniter.php(318): CodeIgniter\CodeIgniter->handleRequest(NULL, Object(Config\Cache), false)
#4 E:\xampp\htdocs\code\public\index.php(37): CodeIgniter\CodeIgniter->run()
#5 {main}
CRITICAL - 2021-12-04 13:39:04 --> Call to undefined method CodeIgniter\Database\MySQLi\Result::getRresultArray()
#0 E:\xampp\htdocs\code\app\Controllers\Knygos.php(84): App\Models\KnygosModel->getVisiNariai('1')
#1 E:\xampp\htdocs\code\system\CodeIgniter.php(824): App\Controllers\Knygos->redaguoti('1')
#2 E:\xampp\htdocs\code\system\CodeIgniter.php(410): CodeIgniter\CodeIgniter->runController(Object(App\Controllers\Knygos))
#3 E:\xampp\htdocs\code\system\CodeIgniter.php(318): CodeIgniter\CodeIgniter->handleRequest(NULL, Object(Config\Cache), false)
#4 E:\xampp\htdocs\code\public\index.php(37): CodeIgniter\CodeIgniter->run()
#5 {main}
ERROR - 2021-12-04 13:40:59 --> Table 'biblioteka.projektai' doesn't exist
CRITICAL - 2021-12-04 13:40:59 --> Table 'biblioteka.projektai' doesn't exist
#0 E:\xampp\htdocs\code\system\Database\MySQLi\Connection.php(292): mysqli->query('SELECT *\nFROM `...', 0)
#1 E:\xampp\htdocs\code\system\Database\BaseConnection.php(670): CodeIgniter\Database\MySQLi\Connection->execute('SELECT *\nFROM `...')
#2 E:\xampp\htdocs\code\system\Database\BaseConnection.php(598): CodeIgniter\Database\BaseConnection->simpleQuery('SELECT *\nFROM `...')
#3 E:\xampp\htdocs\code\system\Database\BaseBuilder.php(1443): CodeIgniter\Database\BaseConnection->query('SELECT *\nFROM `...', Array, false)
#4 E:\xampp\htdocs\code\system\Model.php(183): CodeIgniter\Database\BaseBuilder->get()
#5 E:\xampp\htdocs\code\system\BaseModel.php(584): CodeIgniter\Model->doFindAll(0, 0)
#6 E:\xampp\htdocs\code\app\Models\ProjektaiModel.php(14): CodeIgniter\BaseModel->findAll()
#7 E:\xampp\htdocs\code\app\Controllers\Projektai.php(13): App\Models\ProjektaiModel->getProjektai()
#8 E:\xampp\htdocs\code\system\CodeIgniter.php(824): App\Controllers\Projektai->index()
#9 E:\xampp\htdocs\code\system\CodeIgniter.php(410): CodeIgniter\CodeIgniter->runController(Object(App\Controllers\Projektai))
#10 E:\xampp\htdocs\code\system\CodeIgniter.php(318): CodeIgniter\CodeIgniter->handleRequest(NULL, Object(Config\Cache), false)
#11 E:\xampp\htdocs\code\public\index.php(37): CodeIgniter\CodeIgniter->run()
#12 {main}
CRITICAL - 2021-12-04 13:42:42 --> Undefined property: App\Controllers\Knygos::$load
#0 E:\xampp\htdocs\code\app\Controllers\Knygos.php(79): CodeIgniter\Debug\Exceptions->errorHandler(2, 'Undefined prope...', 'E:\\xampp\\htdocs...', 79)
#1 E:\xampp\htdocs\code\system\CodeIgniter.php(824): App\Controllers\Knygos->redaguoti('1')
#2 E:\xampp\htdocs\code\system\CodeIgniter.php(410): CodeIgniter\CodeIgniter->runController(Object(App\Controllers\Knygos))
#3 E:\xampp\htdocs\code\system\CodeIgniter.php(318): CodeIgniter\CodeIgniter->handleRequest(NULL, Object(Config\Cache), false)
#4 E:\xampp\htdocs\code\public\index.php(37): CodeIgniter\CodeIgniter->run()
#5 {main}
CRITICAL - 2021-12-04 13:47:34 --> syntax error, unexpected variable "$sql"
#0 E:\xampp\htdocs\code\system\Autoloader\Autoloader.php(241): CodeIgniter\Autoloader\Autoloader->includeFile('E:\\xampp\\htdocs...')
#1 E:\xampp\htdocs\code\system\Autoloader\Autoloader.php(219): CodeIgniter\Autoloader\Autoloader->loadInNamespace('App\\Models\\Knyg...')
#2 [internal function]: CodeIgniter\Autoloader\Autoloader->loadClass('App\\Models\\Knyg...')
#3 E:\xampp\htdocs\code\system\Config\Factories.php(136): class_exists('App\\Models\\Knyg...')
#4 E:\xampp\htdocs\code\system\Config\Factories.php(106): CodeIgniter\Config\Factories::locateClass(Array, 'App\\Controllers...')
#5 E:\xampp\htdocs\code\system\Common.php(783): CodeIgniter\Config\Factories::__callStatic('models', Array)
#6 E:\xampp\htdocs\code\app\Controllers\Knygos.php(8): model('App\\Controllers...')
#7 E:\xampp\htdocs\code\system\CodeIgniter.php(801): App\Controllers\Knygos->__construct()
#8 E:\xampp\htdocs\code\system\CodeIgniter.php(401): CodeIgniter\CodeIgniter->createController()
#9 E:\xampp\htdocs\code\system\CodeIgniter.php(318): CodeIgniter\CodeIgniter->handleRequest(NULL, Object(Config\Cache), false)
#10 E:\xampp\htdocs\code\public\index.php(37): CodeIgniter\CodeIgniter->run()
#11 {main}
CRITICAL - 2021-12-04 13:47:37 --> syntax error, unexpected variable "$sql"
#0 E:\xampp\htdocs\code\system\Autoloader\Autoloader.php(241): CodeIgniter\Autoloader\Autoloader->includeFile('E:\\xampp\\htdocs...')
#1 E:\xampp\htdocs\code\system\Autoloader\Autoloader.php(219): CodeIgniter\Autoloader\Autoloader->loadInNamespace('App\\Models\\Knyg...')
#2 [internal function]: CodeIgniter\Autoloader\Autoloader->loadClass('App\\Models\\Knyg...')
#3 E:\xampp\htdocs\code\system\Config\Factories.php(136): class_exists('App\\Models\\Knyg...')
#4 E:\xampp\htdocs\code\system\Config\Factories.php(106): CodeIgniter\Config\Factories::locateClass(Array, 'App\\Controllers...')
#5 E:\xampp\htdocs\code\system\Common.php(783): CodeIgniter\Config\Factories::__callStatic('models', Array)
#6 E:\xampp\htdocs\code\app\Controllers\Knygos.php(8): model('App\\Controllers...')
#7 E:\xampp\htdocs\code\system\CodeIgniter.php(801): App\Controllers\Knygos->__construct()
#8 E:\xampp\htdocs\code\system\CodeIgniter.php(401): CodeIgniter\CodeIgniter->createController()
#9 E:\xampp\htdocs\code\system\CodeIgniter.php(318): CodeIgniter\CodeIgniter->handleRequest(NULL, Object(Config\Cache), false)
#10 E:\xampp\htdocs\code\public\index.php(37): CodeIgniter\CodeIgniter->run()
#11 {main}
CRITICAL - 2021-12-04 13:48:06 --> Call to a member function view() on null
#0 E:\xampp\htdocs\code\app\Controllers\Knygos.php(84): App\Models\KnygosModel->getVisiNariai('1')
#1 E:\xampp\htdocs\code\system\CodeIgniter.php(824): App\Controllers\Knygos->redaguoti('1')
#2 E:\xampp\htdocs\code\system\CodeIgniter.php(410): CodeIgniter\CodeIgniter->runController(Object(App\Controllers\Knygos))
#3 E:\xampp\htdocs\code\system\CodeIgniter.php(318): CodeIgniter\CodeIgniter->handleRequest(NULL, Object(Config\Cache), false)
#4 E:\xampp\htdocs\code\public\index.php(37): CodeIgniter\CodeIgniter->run()
#5 {main}
CRITICAL - 2021-12-04 13:49:13 --> Call to a member function view() on null
#0 E:\xampp\htdocs\code\app\Controllers\Knygos.php(84): App\Models\KnygosModel->getVisiNariai('1')
#1 E:\xampp\htdocs\code\system\CodeIgniter.php(824): App\Controllers\Knygos->redaguoti('1')
#2 E:\xampp\htdocs\code\system\CodeIgniter.php(410): CodeIgniter\CodeIgniter->runController(Object(App\Controllers\Knygos))
#3 E:\xampp\htdocs\code\system\CodeIgniter.php(318): CodeIgniter\CodeIgniter->handleRequest(NULL, Object(Config\Cache), false)
#4 E:\xampp\htdocs\code\public\index.php(37): CodeIgniter\CodeIgniter->run()
#5 {main}
CRITICAL - 2021-12-04 13:49:24 --> Call to a member function view() on null
#0 E:\xampp\htdocs\code\app\Controllers\Knygos.php(84): App\Models\KnygosModel->getVisiNariai('1')
#1 E:\xampp\htdocs\code\system\CodeIgniter.php(824): App\Controllers\Knygos->redaguoti('1')
#2 E:\xampp\htdocs\code\system\CodeIgniter.php(410): CodeIgniter\CodeIgniter->runController(Object(App\Controllers\Knygos))
#3 E:\xampp\htdocs\code\system\CodeIgniter.php(318): CodeIgniter\CodeIgniter->handleRequest(NULL, Object(Config\Cache), false)
#4 E:\xampp\htdocs\code\public\index.php(37): CodeIgniter\CodeIgniter->run()
#5 {main}
CRITICAL - 2021-12-04 13:49:47 --> Undefined property: App\Controllers\Knygos::$load
#0 E:\xampp\htdocs\code\app\Controllers\Knygos.php(9): CodeIgniter\Debug\Exceptions->errorHandler(2, 'Undefined prope...', 'E:\\xampp\\htdocs...', 9)
#1 E:\xampp\htdocs\code\system\CodeIgniter.php(801): App\Controllers\Knygos->__construct()
#2 E:\xampp\htdocs\code\system\CodeIgniter.php(401): CodeIgniter\CodeIgniter->createController()
#3 E:\xampp\htdocs\code\system\CodeIgniter.php(318): CodeIgniter\CodeIgniter->handleRequest(NULL, Object(Config\Cache), false)
#4 E:\xampp\htdocs\code\public\index.php(37): CodeIgniter\CodeIgniter->run()
#5 {main}
CRITICAL - 2021-12-04 13:50:01 --> Undefined property: App\Controllers\Knygos::$load
#0 E:\xampp\htdocs\code\app\Controllers\Knygos.php(9): CodeIgniter\Debug\Exceptions->errorHandler(2, 'Undefined prope...', 'E:\\xampp\\htdocs...', 9)
#1 E:\xampp\htdocs\code\system\CodeIgniter.php(801): App\Controllers\Knygos->__construct()
#2 E:\xampp\htdocs\code\system\CodeIgniter.php(401): CodeIgniter\CodeIgniter->createController()
#3 E:\xampp\htdocs\code\system\CodeIgniter.php(318): CodeIgniter\CodeIgniter->handleRequest(NULL, Object(Config\Cache), false)
#4 E:\xampp\htdocs\code\public\index.php(37): CodeIgniter\CodeIgniter->run()
#5 {main}
CRITICAL - 2021-12-04 13:52:09 --> Undefined property: App\Controllers\Knygos::$load
#0 E:\xampp\htdocs\code\app\Controllers\Knygos.php(9): CodeIgniter\Debug\Exceptions->errorHandler(2, 'Undefined prope...', 'E:\\xampp\\htdocs...', 9)
#1 E:\xampp\htdocs\code\system\CodeIgniter.php(801): App\Controllers\Knygos->__construct()
#2 E:\xampp\htdocs\code\system\CodeIgniter.php(401): CodeIgniter\CodeIgniter->createController()
#3 E:\xampp\htdocs\code\system\CodeIgniter.php(318): CodeIgniter\CodeIgniter->handleRequest(NULL, Object(Config\Cache), false)
#4 E:\xampp\htdocs\code\public\index.php(37): CodeIgniter\CodeIgniter->run()
#5 {main}
CRITICAL - 2021-12-04 13:52:11 --> Undefined property: App\Controllers\Knygos::$load
#0 E:\xampp\htdocs\code\app\Controllers\Knygos.php(9): CodeIgniter\Debug\Exceptions->errorHandler(2, 'Undefined prope...', 'E:\\xampp\\htdocs...', 9)
#1 E:\xampp\htdocs\code\system\CodeIgniter.php(801): App\Controllers\Knygos->__construct()
#2 E:\xampp\htdocs\code\system\CodeIgniter.php(401): CodeIgniter\CodeIgniter->createController()
#3 E:\xampp\htdocs\code\system\CodeIgniter.php(318): CodeIgniter\CodeIgniter->handleRequest(NULL, Object(Config\Cache), false)
#4 E:\xampp\htdocs\code\public\index.php(37): CodeIgniter\CodeIgniter->run()
#5 {main}
CRITICAL - 2021-12-04 13:52:20 --> Call to undefined method CodeIgniter\Database\MySQLi\Result::getRresult()
#0 E:\xampp\htdocs\code\app\Controllers\Knygos.php(84): App\Models\KnygosModel->getVisiNariai('1')
#1 E:\xampp\htdocs\code\system\CodeIgniter.php(824): App\Controllers\Knygos->redaguoti('1')
#2 E:\xampp\htdocs\code\system\CodeIgniter.php(410): CodeIgniter\CodeIgniter->runController(Object(App\Controllers\Knygos))
#3 E:\xampp\htdocs\code\system\CodeIgniter.php(318): CodeIgniter\CodeIgniter->handleRequest(NULL, Object(Config\Cache), false)
#4 E:\xampp\htdocs\code\public\index.php(37): CodeIgniter\CodeIgniter->run()
#5 {main}
CRITICAL - 2021-12-04 13:53:17 --> Undefined variable $db
#0 E:\xampp\htdocs\code\app\Models\KnygosModel.php(26): CodeIgniter\Debug\Exceptions->errorHandler(2, 'Undefined varia...', 'E:\\xampp\\htdocs...', 26)
#1 E:\xampp\htdocs\code\app\Controllers\Knygos.php(84): App\Models\KnygosModel->getVisiNariai('1')
#2 E:\xampp\htdocs\code\system\CodeIgniter.php(824): App\Controllers\Knygos->redaguoti('1')
#3 E:\xampp\htdocs\code\system\CodeIgniter.php(410): CodeIgniter\CodeIgniter->runController(Object(App\Controllers\Knygos))
#4 E:\xampp\htdocs\code\system\CodeIgniter.php(318): CodeIgniter\CodeIgniter->handleRequest(NULL, Object(Config\Cache), false)
#5 E:\xampp\htdocs\code\public\index.php(37): CodeIgniter\CodeIgniter->run()
#6 {main}
CRITICAL - 2021-12-04 13:54:06 --> Undefined variable $db
#0 E:\xampp\htdocs\code\app\Controllers\Knygos.php(84): CodeIgniter\Debug\Exceptions->errorHandler(2, 'Undefined varia...', 'E:\\xampp\\htdocs...', 84)
#1 E:\xampp\htdocs\code\system\CodeIgniter.php(824): App\Controllers\Knygos->redaguoti('1')
#2 E:\xampp\htdocs\code\system\CodeIgniter.php(410): CodeIgniter\CodeIgniter->runController(Object(App\Controllers\Knygos))
#3 E:\xampp\htdocs\code\system\CodeIgniter.php(318): CodeIgniter\CodeIgniter->handleRequest(NULL, Object(Config\Cache), false)
#4 E:\xampp\htdocs\code\public\index.php(37): CodeIgniter\CodeIgniter->run()
#5 {main}
CRITICAL - 2021-12-04 13:54:28 --> Undefined variable $request
#0 E:\xampp\htdocs\code\app\Controllers\Knygos.php(84): CodeIgniter\Debug\Exceptions->errorHandler(2, 'Undefined varia...', 'E:\\xampp\\htdocs...', 84)
#1 E:\xampp\htdocs\code\system\CodeIgniter.php(824): App\Controllers\Knygos->redaguoti('1')
#2 E:\xampp\htdocs\code\system\CodeIgniter.php(410): CodeIgniter\CodeIgniter->runController(Object(App\Controllers\Knygos))
#3 E:\xampp\htdocs\code\system\CodeIgniter.php(318): CodeIgniter\CodeIgniter->handleRequest(NULL, Object(Config\Cache), false)
#4 E:\xampp\htdocs\code\public\index.php(37): CodeIgniter\CodeIgniter->run()
#5 {main}
CRITICAL - 2021-12-04 13:55:07 --> Undefined property: CodeIgniter\HTTP\IncomingRequest::$model
#0 E:\xampp\htdocs\code\app\Controllers\Knygos.php(86): CodeIgniter\Debug\Exceptions->errorHandler(2, 'Undefined prope...', 'E:\\xampp\\htdocs...', 86)
#1 E:\xampp\htdocs\code\system\CodeIgniter.php(824): App\Controllers\Knygos->redaguoti('1')
#2 E:\xampp\htdocs\code\system\CodeIgniter.php(410): CodeIgniter\CodeIgniter->runController(Object(App\Controllers\Knygos))
#3 E:\xampp\htdocs\code\system\CodeIgniter.php(318): CodeIgniter\CodeIgniter->handleRequest(NULL, Object(Config\Cache), false)
#4 E:\xampp\htdocs\code\public\index.php(37): CodeIgniter\CodeIgniter->run()
#5 {main}
CRITICAL - 2021-12-04 13:55:38 --> Call to a member function getVisiNariai() on null
#0 E:\xampp\htdocs\code\system\CodeIgniter.php(824): App\Controllers\Knygos->redaguoti('1')
#1 E:\xampp\htdocs\code\system\CodeIgniter.php(410): CodeIgniter\CodeIgniter->runController(Object(App\Controllers\Knygos))
#2 E:\xampp\htdocs\code\system\CodeIgniter.php(318): CodeIgniter\CodeIgniter->handleRequest(NULL, Object(Config\Cache), false)
#3 E:\xampp\htdocs\code\public\index.php(37): CodeIgniter\CodeIgniter->run()
#4 {main}
CRITICAL - 2021-12-04 13:55:59 --> Call to undefined method CodeIgniter\Database\MySQLi\Connection::getVisiNariai()
#0 E:\xampp\htdocs\code\system\CodeIgniter.php(824): App\Controllers\Knygos->redaguoti('1')
#1 E:\xampp\htdocs\code\system\CodeIgniter.php(410): CodeIgniter\CodeIgniter->runController(Object(App\Controllers\Knygos))
#2 E:\xampp\htdocs\code\system\CodeIgniter.php(318): CodeIgniter\CodeIgniter->handleRequest(NULL, Object(Config\Cache), false)
#3 E:\xampp\htdocs\code\public\index.php(37): CodeIgniter\CodeIgniter->run()
#4 {main}
CRITICAL - 2021-12-04 13:57:40 --> Call to a member function getVisiNariai() on null
#0 E:\xampp\htdocs\code\system\CodeIgniter.php(824): App\Controllers\Knygos->redaguoti('1')
#1 E:\xampp\htdocs\code\system\CodeIgniter.php(410): CodeIgniter\CodeIgniter->runController(Object(App\Controllers\Knygos))
#2 E:\xampp\htdocs\code\system\CodeIgniter.php(318): CodeIgniter\CodeIgniter->handleRequest(NULL, Object(Config\Cache), false)
#3 E:\xampp\htdocs\code\public\index.php(37): CodeIgniter\CodeIgniter->run()
#4 {main}
CRITICAL - 2021-12-04 14:06:37 --> Call to undefined method CodeIgniter\Database\MySQLi\Connection::getVisiNariai()
#0 E:\xampp\htdocs\code\system\CodeIgniter.php(824): App\Controllers\Knygos->redaguoti('1')
#1 E:\xampp\htdocs\code\system\CodeIgniter.php(410): CodeIgniter\CodeIgniter->runController(Object(App\Controllers\Knygos))
#2 E:\xampp\htdocs\code\system\CodeIgniter.php(318): CodeIgniter\CodeIgniter->handleRequest(NULL, Object(Config\Cache), false)
#3 E:\xampp\htdocs\code\public\index.php(37): CodeIgniter\CodeIgniter->run()
#4 {main}
CRITICAL - 2021-12-04 14:07:27 --> Call to undefined method CodeIgniter\Database\MySQLi\Result::getRresult()
#0 E:\xampp\htdocs\code\app\Controllers\Knygos.php(86): App\Models\KnygosModel->getVisiNariai('1')
#1 E:\xampp\htdocs\code\system\CodeIgniter.php(824): App\Controllers\Knygos->redaguoti('1')
#2 E:\xampp\htdocs\code\system\CodeIgniter.php(410): CodeIgniter\CodeIgniter->runController(Object(App\Controllers\Knygos))
#3 E:\xampp\htdocs\code\system\CodeIgniter.php(318): CodeIgniter\CodeIgniter->handleRequest(NULL, Object(Config\Cache), false)
#4 E:\xampp\htdocs\code\public\index.php(37): CodeIgniter\CodeIgniter->run()
#5 {main}
ERROR - 2021-12-04 14:09:58 --> Table 'biblioteka.users' doesn't exist
CRITICAL - 2021-12-04 14:09:58 --> Table 'biblioteka.users' doesn't exist
#0 E:\xampp\htdocs\code\system\Database\MySQLi\Connection.php(292): mysqli->query('SELECT *\nFROM `...', 0)
#1 E:\xampp\htdocs\code\system\Database\BaseConnection.php(670): CodeIgniter\Database\MySQLi\Connection->execute('SELECT *\nFROM `...')
#2 E:\xampp\htdocs\code\system\Database\BaseConnection.php(598): CodeIgniter\Database\BaseConnection->simpleQuery('SELECT *\nFROM `...')
#3 E:\xampp\htdocs\code\system\Database\BaseBuilder.php(1443): CodeIgniter\Database\BaseConnection->query('SELECT *\nFROM `...', Array, false)
#4 E:\xampp\htdocs\code\app\Models\KnygosModel.php(31): CodeIgniter\Database\BaseBuilder->get()
#5 E:\xampp\htdocs\code\app\Controllers\Knygos.php(86): App\Models\KnygosModel->getVisiNariai('1')
#6 E:\xampp\htdocs\code\system\CodeIgniter.php(824): App\Controllers\Knygos->redaguoti('1')
#7 E:\xampp\htdocs\code\system\CodeIgniter.php(410): CodeIgniter\CodeIgniter->runController(Object(App\Controllers\Knygos))
#8 E:\xampp\htdocs\code\system\CodeIgniter.php(318): CodeIgniter\CodeIgniter->handleRequest(NULL, Object(Config\Cache), false)
#9 E:\xampp\htdocs\code\public\index.php(37): CodeIgniter\CodeIgniter->run()
#10 {main}
CRITICAL - 2021-12-04 14:10:12 --> Call to undefined method CodeIgniter\Database\MySQLi\Result::getRresult()
#0 E:\xampp\htdocs\code\app\Controllers\Knygos.php(86): App\Models\KnygosModel->getVisiNariai('1')
#1 E:\xampp\htdocs\code\system\CodeIgniter.php(824): App\Controllers\Knygos->redaguoti('1')
#2 E:\xampp\htdocs\code\system\CodeIgniter.php(410): CodeIgniter\CodeIgniter->runController(Object(App\Controllers\Knygos))
#3 E:\xampp\htdocs\code\system\CodeIgniter.php(318): CodeIgniter\CodeIgniter->handleRequest(NULL, Object(Config\Cache), false)
#4 E:\xampp\htdocs\code\public\index.php(37): CodeIgniter\CodeIgniter->run()
#5 {main}
CRITICAL - 2021-12-04 14:11:07 --> Call to a member function getResult() on null
#0 E:\xampp\htdocs\code\system\View\View.php(214): include()
#1 E:\xampp\htdocs\code\system\View\View.php(217): CodeIgniter\View\View->CodeIgniter\View\{closure}()
#2 E:\xampp\htdocs\code\system\Common.php(1097): CodeIgniter\View\View->render('knyga', Array, true)
#3 E:\xampp\htdocs\code\app\Controllers\BaseController.php(56): view('knyga', Array)
#4 E:\xampp\htdocs\code\app\Controllers\Knygos.php(88): App\Controllers\BaseController->template('knyga', Array)
#5 E:\xampp\htdocs\code\system\CodeIgniter.php(824): App\Controllers\Knygos->redaguoti('1')
#6 E:\xampp\htdocs\code\system\CodeIgniter.php(410): CodeIgniter\CodeIgniter->runController(Object(App\Controllers\Knygos))
#7 E:\xampp\htdocs\code\system\CodeIgniter.php(318): CodeIgniter\CodeIgniter->handleRequest(NULL, Object(Config\Cache), false)
#8 E:\xampp\htdocs\code\public\index.php(37): CodeIgniter\CodeIgniter->run()
#9 {main}
CRITICAL - 2021-12-04 14:13:39 --> Call to undefined method CodeIgniter\Database\MySQLi\Result::getRresult()
#0 E:\xampp\htdocs\code\app\Controllers\Knygos.php(84): App\Models\KnygosModel->getVisiNariai('1')
#1 E:\xampp\htdocs\code\system\CodeIgniter.php(824): App\Controllers\Knygos->redaguoti('1')
#2 E:\xampp\htdocs\code\system\CodeIgniter.php(410): CodeIgniter\CodeIgniter->runController(Object(App\Controllers\Knygos))
#3 E:\xampp\htdocs\code\system\CodeIgniter.php(318): CodeIgniter\CodeIgniter->handleRequest(NULL, Object(Config\Cache), false)
#4 E:\xampp\htdocs\code\public\index.php(37): CodeIgniter\CodeIgniter->run()
#5 {main}
CRITICAL - 2021-12-04 14:24:59 --> Undefined variable $autoriaus_knygos
#0 E:\xampp\htdocs\code\app\Views\narys.php(75): CodeIgniter\Debug\Exceptions->errorHandler(2, 'Undefined varia...', 'E:\\xampp\\htdocs...', 75)
#1 E:\xampp\htdocs\code\system\View\View.php(214): include('E:\\xampp\\htdocs...')
#2 E:\xampp\htdocs\code\system\View\View.php(217): CodeIgniter\View\View->CodeIgniter\View\{closure}()
#3 E:\xampp\htdocs\code\system\Common.php(1097): CodeIgniter\View\View->render('narys', Array, true)
#4 E:\xampp\htdocs\code\app\Controllers\BaseController.php(56): view('narys', Array)
#5 E:\xampp\htdocs\code\app\Controllers\Nariai.php(80): App\Controllers\BaseController->template('narys', Array)
#6 E:\xampp\htdocs\code\system\CodeIgniter.php(824): App\Controllers\Nariai->redaguoti('1')
#7 E:\xampp\htdocs\code\system\CodeIgniter.php(410): CodeIgniter\CodeIgniter->runController(Object(App\Controllers\Nariai))
#8 E:\xampp\htdocs\code\system\CodeIgniter.php(318): CodeIgniter\CodeIgniter->handleRequest(NULL, Object(Config\Cache), false)
#9 E:\xampp\htdocs\code\public\index.php(37): CodeIgniter\CodeIgniter->run()
#10 {main}
CRITICAL - 2021-12-04 14:26:37 --> Undefined variable $autoriaus_knygos
#0 E:\xampp\htdocs\code\app\Views\narys.php(75): CodeIgniter\Debug\Exceptions->errorHandler(2, 'Undefined varia...', 'E:\\xampp\\htdocs...', 75)
#1 E:\xampp\htdocs\code\system\View\View.php(214): include('E:\\xampp\\htdocs...')
#2 E:\xampp\htdocs\code\system\View\View.php(217): CodeIgniter\View\View->CodeIgniter\View\{closure}()
#3 E:\xampp\htdocs\code\system\Common.php(1097): CodeIgniter\View\View->render('narys', Array, true)
#4 E:\xampp\htdocs\code\app\Controllers\BaseController.php(56): view('narys', Array)
#5 E:\xampp\htdocs\code\app\Controllers\Nariai.php(80): App\Controllers\BaseController->template('narys', Array)
#6 E:\xampp\htdocs\code\system\CodeIgniter.php(824): App\Controllers\Nariai->redaguoti('1')
#7 E:\xampp\htdocs\code\system\CodeIgniter.php(410): CodeIgniter\CodeIgniter->runController(Object(App\Controllers\Nariai))
#8 E:\xampp\htdocs\code\system\CodeIgniter.php(318): CodeIgniter\CodeIgniter->handleRequest(NULL, Object(Config\Cache), false)
#9 E:\xampp\htdocs\code\public\index.php(37): CodeIgniter\CodeIgniter->run()
#10 {main}
CRITICAL - 2021-12-04 14:27:08 --> Undefined variable $visos_knygos
#0 E:\xampp\htdocs\code\app\Views\narys.php(75): CodeIgniter\Debug\Exceptions->errorHandler(2, 'Undefined varia...', 'E:\\xampp\\htdocs...', 75)
#1 E:\xampp\htdocs\code\system\View\View.php(214): include('E:\\xampp\\htdocs...')
#2 E:\xampp\htdocs\code\system\View\View.php(217): CodeIgniter\View\View->CodeIgniter\View\{closure}()
#3 E:\xampp\htdocs\code\system\Common.php(1097): CodeIgniter\View\View->render('narys', Array, true)
#4 E:\xampp\htdocs\code\app\Controllers\BaseController.php(56): view('narys', Array)
#5 E:\xampp\htdocs\code\app\Controllers\Nariai.php(80): App\Controllers\BaseController->template('narys', Array)
#6 E:\xampp\htdocs\code\system\CodeIgniter.php(824): App\Controllers\Nariai->redaguoti('1')
#7 E:\xampp\htdocs\code\system\CodeIgniter.php(410): CodeIgniter\CodeIgniter->runController(Object(App\Controllers\Nariai))
#8 E:\xampp\htdocs\code\system\CodeIgniter.php(318): CodeIgniter\CodeIgniter->handleRequest(NULL, Object(Config\Cache), false)
#9 E:\xampp\htdocs\code\public\index.php(37): CodeIgniter\CodeIgniter->run()
#10 {main}
ERROR - 2021-12-04 14:28:00 --> Table 'biblioteka.projektai' doesn't exist
CRITICAL - 2021-12-04 14:28:00 --> Table 'biblioteka.projektai' doesn't exist
#0 E:\xampp\htdocs\code\system\Database\MySQLi\Connection.php(292): mysqli->query('SELECT *\nFROM `...', 0)
#1 E:\xampp\htdocs\code\system\Database\BaseConnection.php(670): CodeIgniter\Database\MySQLi\Connection->execute('SELECT *\nFROM `...')
#2 E:\xampp\htdocs\code\system\Database\BaseConnection.php(598): CodeIgniter\Database\BaseConnection->simpleQuery('SELECT *\nFROM `...')
#3 E:\xampp\htdocs\code\system\Database\BaseBuilder.php(1443): CodeIgniter\Database\BaseConnection->query('SELECT *\nFROM `...', Array, false)
#4 E:\xampp\htdocs\code\system\Model.php(183): CodeIgniter\Database\BaseBuilder->get()
#5 E:\xampp\htdocs\code\system\BaseModel.php(584): CodeIgniter\Model->doFindAll(0, 0)
#6 E:\xampp\htdocs\code\app\Models\ProjektaiModel.php(14): CodeIgniter\BaseModel->findAll()
#7 E:\xampp\htdocs\code\app\Controllers\Projektai.php(13): App\Models\ProjektaiModel->getProjektai()
#8 E:\xampp\htdocs\code\system\CodeIgniter.php(824): App\Controllers\Projektai->index()
#9 E:\xampp\htdocs\code\system\CodeIgniter.php(410): CodeIgniter\CodeIgniter->runController(Object(App\Controllers\Projektai))
#10 E:\xampp\htdocs\code\system\CodeIgniter.php(318): CodeIgniter\CodeIgniter->handleRequest(NULL, Object(Config\Cache), false)
#11 E:\xampp\htdocs\code\public\index.php(37): CodeIgniter\CodeIgniter->run()
#12 {main}
CRITICAL - 2021-12-04 14:51:04 --> Undefined variable $projekto_darbuotojas
#0 E:\xampp\htdocs\code\app\Views\narys.php(56): CodeIgniter\Debug\Exceptions->errorHandler(2, 'Undefined varia...', 'E:\\xampp\\htdocs...', 56)
#1 E:\xampp\htdocs\code\system\View\View.php(214): include('E:\\xampp\\htdocs...')
#2 E:\xampp\htdocs\code\system\View\View.php(217): CodeIgniter\View\View->CodeIgniter\View\{closure}()
#3 E:\xampp\htdocs\code\system\Common.php(1097): CodeIgniter\View\View->render('narys', Array, true)
#4 E:\xampp\htdocs\code\app\Controllers\BaseController.php(56): view('narys', Array)
#5 E:\xampp\htdocs\code\app\Controllers\Nariai.php(81): App\Controllers\BaseController->template('narys', Array)
#6 E:\xampp\htdocs\code\system\CodeIgniter.php(824): App\Controllers\Nariai->redaguoti('1')
#7 E:\xampp\htdocs\code\system\CodeIgniter.php(410): CodeIgniter\CodeIgniter->runController(Object(App\Controllers\Nariai))
#8 E:\xampp\htdocs\code\system\CodeIgniter.php(318): CodeIgniter\CodeIgniter->handleRequest(NULL, Object(Config\Cache), false)
#9 E:\xampp\htdocs\code\public\index.php(37): CodeIgniter\CodeIgniter->run()
#10 {main}
CRITICAL - 2021-12-04 14:53:09 --> Call to undefined method CodeIgniter\Database\MySQLi\Result::getRresultArray()
#0 E:\xampp\htdocs\code\app\Controllers\Knygos.php(84): App\Models\KnygosModel->getVisiNariai('1')
#1 E:\xampp\htdocs\code\system\CodeIgniter.php(824): App\Controllers\Knygos->redaguoti('1')
#2 E:\xampp\htdocs\code\system\CodeIgniter.php(410): CodeIgniter\CodeIgniter->runController(Object(App\Controllers\Knygos))
#3 E:\xampp\htdocs\code\system\CodeIgniter.php(318): CodeIgniter\CodeIgniter->handleRequest(NULL, Object(Config\Cache), false)
#4 E:\xampp\htdocs\code\public\index.php(37): CodeIgniter\CodeIgniter->run()
#5 {main}
CRITICAL - 2021-12-04 15:02:07 --> Undefined variable $autoriaus_id
#0 E:\xampp\htdocs\code\app\Controllers\Nariai.php(71): CodeIgniter\Debug\Exceptions->errorHandler(2, 'Undefined varia...', 'E:\\xampp\\htdocs...', 71)
#1 E:\xampp\htdocs\code\system\CodeIgniter.php(824): App\Controllers\Nariai->redaguoti('1')
#2 E:\xampp\htdocs\code\system\CodeIgniter.php(410): CodeIgniter\CodeIgniter->runController(Object(App\Controllers\Nariai))
#3 E:\xampp\htdocs\code\system\CodeIgniter.php(318): CodeIgniter\CodeIgniter->handleRequest(NULL, Object(Config\Cache), false)
#4 E:\xampp\htdocs\code\public\index.php(37): CodeIgniter\CodeIgniter->run()
#5 {main}
ERROR - 2021-12-04 15:22:39 --> Duplicate entry '1' for key 'PRIMARY'
CRITICAL - 2021-12-04 15:22:39 --> Duplicate entry '1' for key 'PRIMARY'
#0 E:\xampp\htdocs\code\system\Database\MySQLi\Connection.php(292): mysqli->query('INSERT INTO `uz...', 0)
#1 E:\xampp\htdocs\code\system\Database\BaseConnection.php(670): CodeIgniter\Database\MySQLi\Connection->execute('INSERT INTO `uz...')
#2 E:\xampp\htdocs\code\system\Database\BaseConnection.php(598): CodeIgniter\Database\BaseConnection->simpleQuery('INSERT INTO `uz...')
#3 E:\xampp\htdocs\code\system\Database\BaseBuilder.php(1759): CodeIgniter\Database\BaseConnection->query('INSERT INTO `uz...', Array, false)
#4 E:\xampp\htdocs\code\app\Models\NariaiModel.php(33): CodeIgniter\Database\BaseBuilder->insert(Array)
#5 E:\xampp\htdocs\code\app\Controllers\Nariai.php(81): App\Models\NariaiModel->insertNaujasUzsakymas(Array)
#6 E:\xampp\htdocs\code\system\CodeIgniter.php(824): App\Controllers\Nariai->redaguoti('1')
#7 E:\xampp\htdocs\code\system\CodeIgniter.php(410): CodeIgniter\CodeIgniter->runController(Object(App\Controllers\Nariai))
#8 E:\xampp\htdocs\code\system\CodeIgniter.php(318): CodeIgniter\CodeIgniter->handleRequest(NULL, Object(Config\Cache), false)
#9 E:\xampp\htdocs\code\public\index.php(37): CodeIgniter\CodeIgniter->run()
#10 {main}
ERROR - 2021-12-04 15:22:46 --> Duplicate entry '1' for key 'PRIMARY'
CRITICAL - 2021-12-04 15:22:46 --> Duplicate entry '1' for key 'PRIMARY'
#0 E:\xampp\htdocs\code\system\Database\MySQLi\Connection.php(292): mysqli->query('INSERT INTO `uz...', 0)
#1 E:\xampp\htdocs\code\system\Database\BaseConnection.php(670): CodeIgniter\Database\MySQLi\Connection->execute('INSERT INTO `uz...')
#2 E:\xampp\htdocs\code\system\Database\BaseConnection.php(598): CodeIgniter\Database\BaseConnection->simpleQuery('INSERT INTO `uz...')
#3 E:\xampp\htdocs\code\system\Database\BaseBuilder.php(1759): CodeIgniter\Database\BaseConnection->query('INSERT INTO `uz...', Array, false)
#4 E:\xampp\htdocs\code\app\Models\NariaiModel.php(33): CodeIgniter\Database\BaseBuilder->insert(Array)
#5 E:\xampp\htdocs\code\app\Controllers\Nariai.php(81): App\Models\NariaiModel->insertNaujasUzsakymas(Array)
#6 E:\xampp\htdocs\code\system\CodeIgniter.php(824): App\Controllers\Nariai->redaguoti('1')
#7 E:\xampp\htdocs\code\system\CodeIgniter.php(410): CodeIgniter\CodeIgniter->runController(Object(App\Controllers\Nariai))
#8 E:\xampp\htdocs\code\system\CodeIgniter.php(318): CodeIgniter\CodeIgniter->handleRequest(NULL, Object(Config\Cache), false)
#9 E:\xampp\htdocs\code\public\index.php(37): CodeIgniter\CodeIgniter->run()
#10 {main}
ERROR - 2021-12-04 15:41:40 --> Table 'biblioteka.projektai' doesn't exist
CRITICAL - 2021-12-04 15:41:40 --> Table 'biblioteka.projektai' doesn't exist
#0 E:\xampp\htdocs\code\system\Database\MySQLi\Connection.php(292): mysqli->query('SELECT *\nFROM `...', 0)
#1 E:\xampp\htdocs\code\system\Database\BaseConnection.php(670): CodeIgniter\Database\MySQLi\Connection->execute('SELECT *\nFROM `...')
#2 E:\xampp\htdocs\code\system\Database\BaseConnection.php(598): CodeIgniter\Database\BaseConnection->simpleQuery('SELECT *\nFROM `...')
#3 E:\xampp\htdocs\code\system\Database\BaseBuilder.php(1443): CodeIgniter\Database\BaseConnection->query('SELECT *\nFROM `...', Array, false)
#4 E:\xampp\htdocs\code\system\Model.php(183): CodeIgniter\Database\BaseBuilder->get()
#5 E:\xampp\htdocs\code\system\BaseModel.php(584): CodeIgniter\Model->doFindAll(0, 0)
#6 E:\xampp\htdocs\code\app\Models\ProjektaiModel.php(14): CodeIgniter\BaseModel->findAll()
#7 E:\xampp\htdocs\code\app\Controllers\Projektai.php(13): App\Models\ProjektaiModel->getProjektai()
#8 E:\xampp\htdocs\code\system\CodeIgniter.php(824): App\Controllers\Projektai->index()
#9 E:\xampp\htdocs\code\system\CodeIgniter.php(410): CodeIgniter\CodeIgniter->runController(Object(App\Controllers\Projektai))
#10 E:\xampp\htdocs\code\system\CodeIgniter.php(318): CodeIgniter\CodeIgniter->handleRequest(NULL, Object(Config\Cache), false)
#11 E:\xampp\htdocs\code\public\index.php(37): CodeIgniter\CodeIgniter->run()
#12 {main}
ERROR - 2021-12-04 15:42:30 --> Table 'biblioteka.projektai' doesn't exist
CRITICAL - 2021-12-04 15:42:30 --> Table 'biblioteka.projektai' doesn't exist
#0 E:\xampp\htdocs\code\system\Database\MySQLi\Connection.php(292): mysqli->query('SELECT *\nFROM `...', 0)
#1 E:\xampp\htdocs\code\system\Database\BaseConnection.php(670): CodeIgniter\Database\MySQLi\Connection->execute('SELECT *\nFROM `...')
#2 E:\xampp\htdocs\code\system\Database\BaseConnection.php(598): CodeIgniter\Database\BaseConnection->simpleQuery('SELECT *\nFROM `...')
#3 E:\xampp\htdocs\code\system\Database\BaseBuilder.php(1443): CodeIgniter\Database\BaseConnection->query('SELECT *\nFROM `...', Array, false)
#4 E:\xampp\htdocs\code\system\Model.php(183): CodeIgniter\Database\BaseBuilder->get()
#5 E:\xampp\htdocs\code\system\BaseModel.php(584): CodeIgniter\Model->doFindAll(0, 0)
#6 E:\xampp\htdocs\code\app\Models\ProjektaiModel.php(14): CodeIgniter\BaseModel->findAll()
#7 E:\xampp\htdocs\code\app\Controllers\Projektai.php(13): App\Models\ProjektaiModel->getProjektai()
#8 E:\xampp\htdocs\code\system\CodeIgniter.php(824): App\Controllers\Projektai->index()
#9 E:\xampp\htdocs\code\system\CodeIgniter.php(410): CodeIgniter\CodeIgniter->runController(Object(App\Controllers\Projektai))
#10 E:\xampp\htdocs\code\system\CodeIgniter.php(318): CodeIgniter\CodeIgniter->handleRequest(NULL, Object(Config\Cache), false)
#11 E:\xampp\htdocs\code\public\index.php(37): CodeIgniter\CodeIgniter->run()
#12 {main}
CRITICAL - 2021-12-04 15:53:34 --> Undefined variable $request
#0 E:\xampp\htdocs\code\app\Controllers\Nariai.php(88): CodeIgniter\Debug\Exceptions->errorHandler(2, 'Undefined varia...', 'E:\\xampp\\htdocs...', 88)
#1 E:\xampp\htdocs\code\system\CodeIgniter.php(824): App\Controllers\Nariai->prideti_uzsakyma('20')
#2 E:\xampp\htdocs\code\system\CodeIgniter.php(410): CodeIgniter\CodeIgniter->runController(Object(App\Controllers\Nariai))
#3 E:\xampp\htdocs\code\system\CodeIgniter.php(318): CodeIgniter\CodeIgniter->handleRequest(NULL, Object(Config\Cache), false)
#4 E:\xampp\htdocs\code\public\index.php(37): CodeIgniter\CodeIgniter->run()
#5 {main}
CRITICAL - 2021-12-04 16:00:03 --> syntax error, unexpected token "echo", expecting "]"
#0 E:\xampp\htdocs\code\system\Router\Router.php(176): CodeIgniter\Router\Router->autoRoute('nariai/redaguot...')
#1 E:\xampp\htdocs\code\system\CodeIgniter.php(718): CodeIgniter\Router\Router->handle('nariai/redaguot...')
#2 E:\xampp\htdocs\code\system\CodeIgniter.php(359): CodeIgniter\CodeIgniter->tryToRouteIt(Object(CodeIgniter\Router\RouteCollection))
#3 E:\xampp\htdocs\code\system\CodeIgniter.php(318): CodeIgniter\CodeIgniter->handleRequest(NULL, Object(Config\Cache), false)
#4 E:\xampp\htdocs\code\public\index.php(37): CodeIgniter\CodeIgniter->run()
#5 {main}
CRITICAL - 2021-12-04 16:00:08 --> syntax error, unexpected token "echo", expecting "]"
#0 E:\xampp\htdocs\code\system\Router\Router.php(176): CodeIgniter\Router\Router->autoRoute('nariai')
#1 E:\xampp\htdocs\code\system\CodeIgniter.php(718): CodeIgniter\Router\Router->handle('nariai')
#2 E:\xampp\htdocs\code\system\CodeIgniter.php(359): CodeIgniter\CodeIgniter->tryToRouteIt(Object(CodeIgniter\Router\RouteCollection))
#3 E:\xampp\htdocs\code\system\CodeIgniter.php(318): CodeIgniter\CodeIgniter->handleRequest(NULL, Object(Config\Cache), false)
#4 E:\xampp\htdocs\code\public\index.php(37): CodeIgniter\CodeIgniter->run()
#5 {main}
CRITICAL - 2021-12-04 16:08:55 --> syntax error, unexpected token "."
#0 E:\xampp\htdocs\code\system\Router\Router.php(176): CodeIgniter\Router\Router->autoRoute('nariai')
#1 E:\xampp\htdocs\code\system\CodeIgniter.php(718): CodeIgniter\Router\Router->handle('nariai')
#2 E:\xampp\htdocs\code\system\CodeIgniter.php(359): CodeIgniter\CodeIgniter->tryToRouteIt(Object(CodeIgniter\Router\RouteCollection))
#3 E:\xampp\htdocs\code\system\CodeIgniter.php(318): CodeIgniter\CodeIgniter->handleRequest(NULL, Object(Config\Cache), false)
#4 E:\xampp\htdocs\code\public\index.php(37): CodeIgniter\CodeIgniter->run()
#5 {main}
CRITICAL - 2021-12-04 16:11:07 --> date_default_timezone_set(): Timezone ID 'UTC+2' is invalid
#0 [internal function]: CodeIgniter\Debug\Exceptions->errorHandler(8, 'date_default_ti...', 'E:\\xampp\\htdocs...', 88)
#1 E:\xampp\htdocs\code\app\Controllers\Nariai.php(88): date_default_timezone_set('UTC+2')
#2 E:\xampp\htdocs\code\system\CodeIgniter.php(824): App\Controllers\Nariai->prideti_uzsakyma('1', '1')
#3 E:\xampp\htdocs\code\system\CodeIgniter.php(410): CodeIgniter\CodeIgniter->runController(Object(App\Controllers\Nariai))
#4 E:\xampp\htdocs\code\system\CodeIgniter.php(318): CodeIgniter\CodeIgniter->handleRequest(NULL, Object(Config\Cache), false)
#5 E:\xampp\htdocs\code\public\index.php(37): CodeIgniter\CodeIgniter->run()
#6 {main}
CRITICAL - 2021-12-04 16:18:54 --> Undefined array key "populiarumas"
#0 E:\xampp\htdocs\code\app\Views\narys.php(56): CodeIgniter\Debug\Exceptions->errorHandler(2, 'Undefined array...', 'E:\\xampp\\htdocs...', 56)
#1 E:\xampp\htdocs\code\system\View\View.php(214): include('E:\\xampp\\htdocs...')
#2 E:\xampp\htdocs\code\system\View\View.php(217): CodeIgniter\View\View->CodeIgniter\View\{closure}()
#3 E:\xampp\htdocs\code\system\Common.php(1097): CodeIgniter\View\View->render('narys', Array, true)
#4 E:\xampp\htdocs\code\app\Controllers\BaseController.php(56): view('narys', Array)
#5 E:\xampp\htdocs\code\app\Controllers\Nariai.php(83): App\Controllers\BaseController->template('narys', Array)
#6 E:\xampp\htdocs\code\system\CodeIgniter.php(824): App\Controllers\Nariai->redaguoti('1')
#7 E:\xampp\htdocs\code\system\CodeIgniter.php(410): CodeIgniter\CodeIgniter->runController(Object(App\Controllers\Nariai))
#8 E:\xampp\htdocs\code\system\CodeIgniter.php(318): CodeIgniter\CodeIgniter->handleRequest(NULL, Object(Config\Cache), false)
#9 E:\xampp\htdocs\code\public\index.php(37): CodeIgniter\CodeIgniter->run()
#10 {main}
CRITICAL - 2021-12-04 16:24:42 --> syntax error, unexpected token "}"
#0 E:\xampp\htdocs\code\system\Router\Router.php(176): CodeIgniter\Router\Router->autoRoute('nariai')
#1 E:\xampp\htdocs\code\system\CodeIgniter.php(718): CodeIgniter\Router\Router->handle('nariai')
#2 E:\xampp\htdocs\code\system\CodeIgniter.php(359): CodeIgniter\CodeIgniter->tryToRouteIt(Object(CodeIgniter\Router\RouteCollection))
#3 E:\xampp\htdocs\code\system\CodeIgniter.php(318): CodeIgniter\CodeIgniter->handleRequest(NULL, Object(Config\Cache), false)
#4 E:\xampp\htdocs\code\public\index.php(37): CodeIgniter\CodeIgniter->run()
#5 {main}
ERROR - 2021-12-04 16:34:30 --> Cannot add or update a child row: a foreign key constraint fails (`biblioteka`.`uzsakymai`, CONSTRAINT `uzsakymai_ibfk_1` FOREIGN KEY (`nario_id`) REFERENCES `nariai` (`id`) ON DELETE CASCADE ON UPDATE CASCADE)
CRITICAL - 2021-12-04 16:34:30 --> Cannot add or update a child row: a foreign key constraint fails (`biblioteka`.`uzsakymai`, CONSTRAINT `uzsakymai_ibfk_1` FOREIGN KEY (`nario_id`) REFERENCES `nariai` (`id`) ON DELETE CASCADE ON UPDATE CASCADE)
#0 E:\xampp\htdocs\code\system\Database\MySQLi\Connection.php(292): mysqli->query('INSERT INTO `uz...', 0)
#1 E:\xampp\htdocs\code\system\Database\BaseConnection.php(670): CodeIgniter\Database\MySQLi\Connection->execute('INSERT INTO `uz...')
#2 E:\xampp\htdocs\code\system\Database\BaseConnection.php(598): CodeIgniter\Database\BaseConnection->simpleQuery('INSERT INTO `uz...')
#3 E:\xampp\htdocs\code\system\Database\BaseBuilder.php(1759): CodeIgniter\Database\BaseConnection->query('INSERT INTO `uz...', Array, false)
#4 E:\xampp\htdocs\code\app\Models\UzsakymaiModel.php(24): CodeIgniter\Database\BaseBuilder->insert(Array)
#5 E:\xampp\htdocs\code\app\Controllers\Uzsakymai.php(27): App\Models\UzsakymaiModel->Grazinimas(Array)
#6 E:\xampp\htdocs\code\system\CodeIgniter.php(824): App\Controllers\Uzsakymai->grazinti('1')
#7 E:\xampp\htdocs\code\system\CodeIgniter.php(410): CodeIgniter\CodeIgniter->runController(Object(App\Controllers\Uzsakymai))
#8 E:\xampp\htdocs\code\system\CodeIgniter.php(318): CodeIgniter\CodeIgniter->handleRequest(NULL, Object(Config\Cache), false)
#9 E:\xampp\htdocs\code\public\index.php(37): CodeIgniter\CodeIgniter->run()
#10 {main}
ERROR - 2021-12-04 16:35:52 --> Cannot add or update a child row: a foreign key constraint fails (`biblioteka`.`uzsakymai`, CONSTRAINT `uzsakymai_ibfk_1` FOREIGN KEY (`nario_id`) REFERENCES `nariai` (`id`) ON DELETE NO ACTION ON UPDATE CASCADE)
CRITICAL - 2021-12-04 16:35:52 --> Cannot add or update a child row: a foreign key constraint fails (`biblioteka`.`uzsakymai`, CONSTRAINT `uzsakymai_ibfk_1` FOREIGN KEY (`nario_id`) REFERENCES `nariai` (`id`) ON DELETE NO ACTION ON UPDATE CASCADE)
#0 E:\xampp\htdocs\code\system\Database\MySQLi\Connection.php(292): mysqli->query('INSERT INTO `uz...', 0)
#1 E:\xampp\htdocs\code\system\Database\BaseConnection.php(670): CodeIgniter\Database\MySQLi\Connection->execute('INSERT INTO `uz...')
#2 E:\xampp\htdocs\code\system\Database\BaseConnection.php(598): CodeIgniter\Database\BaseConnection->simpleQuery('INSERT INTO `uz...')
#3 E:\xampp\htdocs\code\system\Database\BaseBuilder.php(1759): CodeIgniter\Database\BaseConnection->query('INSERT INTO `uz...', Array, false)
#4 E:\xampp\htdocs\code\app\Models\UzsakymaiModel.php(24): CodeIgniter\Database\BaseBuilder->insert(Array)
#5 E:\xampp\htdocs\code\app\Controllers\Uzsakymai.php(27): App\Models\UzsakymaiModel->Grazinimas(Array)
#6 E:\xampp\htdocs\code\system\CodeIgniter.php(824): App\Controllers\Uzsakymai->grazinti('1')
#7 E:\xampp\htdocs\code\system\CodeIgniter.php(410): CodeIgniter\CodeIgniter->runController(Object(App\Controllers\Uzsakymai))
#8 E:\xampp\htdocs\code\system\CodeIgniter.php(318): CodeIgniter\CodeIgniter->handleRequest(NULL, Object(Config\Cache), false)
#9 E:\xampp\htdocs\code\public\index.php(37): CodeIgniter\CodeIgniter->run()
#10 {main}
ERROR - 2021-12-04 16:36:24 --> Cannot add or update a child row: a foreign key constraint fails (`biblioteka`.`uzsakymai`, CONSTRAINT `uzsakymai_ibfk_1` FOREIGN KEY (`nario_id`) REFERENCES `nariai` (`id`) ON DELETE NO ACTION ON UPDATE NO ACTION)
CRITICAL - 2021-12-04 16:36:24 --> Cannot add or update a child row: a foreign key constraint fails (`biblioteka`.`uzsakymai`, CONSTRAINT `uzsakymai_ibfk_1` FOREIGN KEY (`nario_id`) REFERENCES `nariai` (`id`) ON DELETE NO ACTION ON UPDATE NO ACTION)
#0 E:\xampp\htdocs\code\system\Database\MySQLi\Connection.php(292): mysqli->query('INSERT INTO `uz...', 0)
#1 E:\xampp\htdocs\code\system\Database\BaseConnection.php(670): CodeIgniter\Database\MySQLi\Connection->execute('INSERT INTO `uz...')
#2 E:\xampp\htdocs\code\system\Database\BaseConnection.php(598): CodeIgniter\Database\BaseConnection->simpleQuery('INSERT INTO `uz...')
#3 E:\xampp\htdocs\code\system\Database\BaseBuilder.php(1759): CodeIgniter\Database\BaseConnection->query('INSERT INTO `uz...', Array, false)
#4 E:\xampp\htdocs\code\app\Models\UzsakymaiModel.php(24): CodeIgniter\Database\BaseBuilder->insert(Array)
#5 E:\xampp\htdocs\code\app\Controllers\Uzsakymai.php(27): App\Models\UzsakymaiModel->Grazinimas(Array)
#6 E:\xampp\htdocs\code\system\CodeIgniter.php(824): App\Controllers\Uzsakymai->grazinti('1')
#7 E:\xampp\htdocs\code\system\CodeIgniter.php(410): CodeIgniter\CodeIgniter->runController(Object(App\Controllers\Uzsakymai))
#8 E:\xampp\htdocs\code\system\CodeIgniter.php(318): CodeIgniter\CodeIgniter->handleRequest(NULL, Object(Config\Cache), false)
#9 E:\xampp\htdocs\code\public\index.php(37): CodeIgniter\CodeIgniter->run()
#10 {main}
ERROR - 2021-12-04 16:38:18 --> Table 'biblioteka.projektai' doesn't exist
CRITICAL - 2021-12-04 16:38:18 --> Table 'biblioteka.projektai' doesn't exist
#0 E:\xampp\htdocs\code\system\Database\MySQLi\Connection.php(292): mysqli->query('SELECT *\nFROM `...', 0)
#1 E:\xampp\htdocs\code\system\Database\BaseConnection.php(670): CodeIgniter\Database\MySQLi\Connection->execute('SELECT *\nFROM `...')
#2 E:\xampp\htdocs\code\system\Database\BaseConnection.php(598): CodeIgniter\Database\BaseConnection->simpleQuery('SELECT *\nFROM `...')
#3 E:\xampp\htdocs\code\system\Database\BaseBuilder.php(1443): CodeIgniter\Database\BaseConnection->query('SELECT *\nFROM `...', Array, false)
#4 E:\xampp\htdocs\code\system\Model.php(183): CodeIgniter\Database\BaseBuilder->get()
#5 E:\xampp\htdocs\code\system\BaseModel.php(584): CodeIgniter\Model->doFindAll(0, 0)
#6 E:\xampp\htdocs\code\app\Models\ProjektaiModel.php(14): CodeIgniter\BaseModel->findAll()
#7 E:\xampp\htdocs\code\app\Controllers\Projektai.php(13): App\Models\ProjektaiModel->getProjektai()
#8 E:\xampp\htdocs\code\system\CodeIgniter.php(824): App\Controllers\Projektai->index()
#9 E:\xampp\htdocs\code\system\CodeIgniter.php(410): CodeIgniter\CodeIgniter->runController(Object(App\Controllers\Projektai))
#10 E:\xampp\htdocs\code\system\CodeIgniter.php(318): CodeIgniter\CodeIgniter->handleRequest(NULL, Object(Config\Cache), false)
#11 E:\xampp\htdocs\code\public\index.php(37): CodeIgniter\CodeIgniter->run()
#12 {main}
ERROR - 2021-12-04 16:38:59 --> Cannot add or update a child row: a foreign key constraint fails (`biblioteka`.`uzsakymai`, CONSTRAINT `uzsakymai_ibfk_1` FOREIGN KEY (`nario_id`) REFERENCES `nariai` (`id`) ON DELETE CASCADE ON UPDATE CASCADE)
CRITICAL - 2021-12-04 16:38:59 --> Cannot add or update a child row: a foreign key constraint fails (`biblioteka`.`uzsakymai`, CONSTRAINT `uzsakymai_ibfk_1` FOREIGN KEY (`nario_id`) REFERENCES `nariai` (`id`) ON DELETE CASCADE ON UPDATE CASCADE)
#0 E:\xampp\htdocs\code\system\Database\MySQLi\Connection.php(292): mysqli->query('INSERT INTO `uz...', 0)
#1 E:\xampp\htdocs\code\system\Database\BaseConnection.php(670): CodeIgniter\Database\MySQLi\Connection->execute('INSERT INTO `uz...')
#2 E:\xampp\htdocs\code\system\Database\BaseConnection.php(598): CodeIgniter\Database\BaseConnection->simpleQuery('INSERT INTO `uz...')
#3 E:\xampp\htdocs\code\system\Database\BaseBuilder.php(1759): CodeIgniter\Database\BaseConnection->query('INSERT INTO `uz...', Array, false)
#4 E:\xampp\htdocs\code\app\Models\UzsakymaiModel.php(24): CodeIgniter\Database\BaseBuilder->insert(Array)
#5 E:\xampp\htdocs\code\app\Controllers\Uzsakymai.php(27): App\Models\UzsakymaiModel->Grazinimas(Array)
#6 E:\xampp\htdocs\code\system\CodeIgniter.php(824): App\Controllers\Uzsakymai->grazinti('49')
#7 E:\xampp\htdocs\code\system\CodeIgniter.php(410): CodeIgniter\CodeIgniter->runController(Object(App\Controllers\Uzsakymai))
#8 E:\xampp\htdocs\code\system\CodeIgniter.php(318): CodeIgniter\CodeIgniter->handleRequest(NULL, Object(Config\Cache), false)
#9 E:\xampp\htdocs\code\public\index.php(37): CodeIgniter\CodeIgniter->run()
#10 {main}
ERROR - 2021-12-04 16:40:50 --> Cannot add or update a child row: a foreign key constraint fails (`biblioteka`.`uzsakymai`, CONSTRAINT `uzsakymai_ibfk_1` FOREIGN KEY (`nario_id`) REFERENCES `nariai` (`id`) ON DELETE CASCADE ON UPDATE CASCADE)
CRITICAL - 2021-12-04 16:40:50 --> Cannot add or update a child row: a foreign key constraint fails (`biblioteka`.`uzsakymai`, CONSTRAINT `uzsakymai_ibfk_1` FOREIGN KEY (`nario_id`) REFERENCES `nariai` (`id`) ON DELETE CASCADE ON UPDATE CASCADE)
#0 E:\xampp\htdocs\code\system\Database\MySQLi\Connection.php(292): mysqli->query('REPLACE INTO `u...', 0)
#1 E:\xampp\htdocs\code\system\Database\BaseConnection.php(670): CodeIgniter\Database\MySQLi\Connection->execute('REPLACE INTO `u...')
#2 E:\xampp\htdocs\code\system\Database\BaseConnection.php(598): CodeIgniter\Database\BaseConnection->simpleQuery('REPLACE INTO `u...')
#3 E:\xampp\htdocs\code\system\Database\BaseBuilder.php(1825): CodeIgniter\Database\BaseConnection->query('REPLACE INTO `u...', Array, false)
#4 E:\xampp\htdocs\code\app\Models\UzsakymaiModel.php(24): CodeIgniter\Database\BaseBuilder->replace(Array)
#5 E:\xampp\htdocs\code\app\Controllers\Uzsakymai.php(27): App\Models\UzsakymaiModel->Grazinimas(Array)
#6 E:\xampp\htdocs\code\system\CodeIgniter.php(824): App\Controllers\Uzsakymai->grazinti('56')
#7 E:\xampp\htdocs\code\system\CodeIgniter.php(410): CodeIgniter\CodeIgniter->runController(Object(App\Controllers\Uzsakymai))
#8 E:\xampp\htdocs\code\system\CodeIgniter.php(318): CodeIgniter\CodeIgniter->handleRequest(NULL, Object(Config\Cache), false)
#9 E:\xampp\htdocs\code\public\index.php(37): CodeIgniter\CodeIgniter->run()
#10 {main}
CRITICAL - 2021-12-04 16:45:56 --> syntax error, unexpected token "return", expecting "function" or "const"
#0 E:\xampp\htdocs\code\system\Autoloader\Autoloader.php(241): CodeIgniter\Autoloader\Autoloader->includeFile('E:\\xampp\\htdocs...')
#1 E:\xampp\htdocs\code\system\Autoloader\Autoloader.php(219): CodeIgniter\Autoloader\Autoloader->loadInNamespace('App\\Models\\Uzsa...')
#2 [internal function]: CodeIgniter\Autoloader\Autoloader->loadClass('App\\Models\\Uzsa...')
#3 E:\xampp\htdocs\code\system\Config\Factories.php(136): class_exists('App\\Models\\Uzsa...')
#4 E:\xampp\htdocs\code\system\Config\Factories.php(106): CodeIgniter\Config\Factories::locateClass(Array, 'App\\Controllers...')
#5 E:\xampp\htdocs\code\system\Common.php(783): CodeIgniter\Config\Factories::__callStatic('models', Array)
#6 E:\xampp\htdocs\code\app\Controllers\Uzsakymai.php(9): model('App\\Controllers...')
#7 E:\xampp\htdocs\code\system\CodeIgniter.php(801): App\Controllers\Uzsakymai->__construct()
#8 E:\xampp\htdocs\code\system\CodeIgniter.php(401): CodeIgniter\CodeIgniter->createController()
#9 E:\xampp\htdocs\code\system\CodeIgniter.php(318): CodeIgniter\CodeIgniter->handleRequest(NULL, Object(Config\Cache), false)
#10 E:\xampp\htdocs\code\public\index.php(37): CodeIgniter\CodeIgniter->run()
#11 {main}
CRITICAL - 2021-12-04 16:47:32 --> syntax error, unexpected token "return", expecting "function" or "const"
#0 E:\xampp\htdocs\code\system\Router\Router.php(176): CodeIgniter\Router\Router->autoRoute('uzsakymai/grazi...')
#1 E:\xampp\htdocs\code\system\CodeIgniter.php(718): CodeIgniter\Router\Router->handle('uzsakymai/grazi...')
#2 E:\xampp\htdocs\code\system\CodeIgniter.php(359): CodeIgniter\CodeIgniter->tryToRouteIt(Object(CodeIgniter\Router\RouteCollection))
#3 E:\xampp\htdocs\code\system\CodeIgniter.php(318): CodeIgniter\CodeIgniter->handleRequest(NULL, Object(Config\Cache), false)
#4 E:\xampp\htdocs\code\public\index.php(37): CodeIgniter\CodeIgniter->run()
#5 {main}
CRITICAL - 2021-12-04 16:54:44 --> Too few arguments to function App\Controllers\Uzsakymai::grazinti(), 1 passed in E:\xampp\htdocs\code\system\CodeIgniter.php on line 824 and exactly 2 expected
#0 E:\xampp\htdocs\code\system\CodeIgniter.php(824): App\Controllers\Uzsakymai->grazinti('36')
#1 E:\xampp\htdocs\code\system\CodeIgniter.php(410): CodeIgniter\CodeIgniter->runController(Object(App\Controllers\Uzsakymai))
#2 E:\xampp\htdocs\code\system\CodeIgniter.php(318): CodeIgniter\CodeIgniter->handleRequest(NULL, Object(Config\Cache), false)
#3 E:\xampp\htdocs\code\public\index.php(37): CodeIgniter\CodeIgniter->run()
#4 {main}
CRITICAL - 2021-12-04 17:00:30 --> Call to undefined method CodeIgniter\Database\MySQLi\Result::getRresultArray()
#0 E:\xampp\htdocs\code\app\Controllers\Knygos.php(84): App\Models\KnygosModel->getVisiNariai('1')
#1 E:\xampp\htdocs\code\system\CodeIgniter.php(824): App\Controllers\Knygos->redaguoti('1')
#2 E:\xampp\htdocs\code\system\CodeIgniter.php(410): CodeIgniter\CodeIgniter->runController(Object(App\Controllers\Knygos))
#3 E:\xampp\htdocs\code\system\CodeIgniter.php(318): CodeIgniter\CodeIgniter->handleRequest(NULL, Object(Config\Cache), false)
#4 E:\xampp\htdocs\code\public\index.php(37): CodeIgniter\CodeIgniter->run()
#5 {main}
CRITICAL - 2021-12-04 17:00:44 --> Undefined variable $visi_nariai
#0 E:\xampp\htdocs\code\app\Views\knyga.php(11): CodeIgniter\Debug\Exceptions->errorHandler(2, 'Undefined varia...', 'E:\\xampp\\htdocs...', 11)
#1 E:\xampp\htdocs\code\system\View\View.php(214): include('E:\\xampp\\htdocs...')
#2 E:\xampp\htdocs\code\system\View\View.php(217): CodeIgniter\View\View->CodeIgniter\View\{closure}()
#3 E:\xampp\htdocs\code\system\Common.php(1097): CodeIgniter\View\View->render('knyga', Array, true)
#4 E:\xampp\htdocs\code\app\Controllers\BaseController.php(56): view('knyga', Array)
#5 E:\xampp\htdocs\code\app\Controllers\Knygos.php(51): App\Controllers\BaseController->template('knyga', Array)
#6 E:\xampp\htdocs\code\system\CodeIgniter.php(824): App\Controllers\Knygos->nauja()
#7 E:\xampp\htdocs\code\system\CodeIgniter.php(410): CodeIgniter\CodeIgniter->runController(Object(App\Controllers\Knygos))
#8 E:\xampp\htdocs\code\system\CodeIgniter.php(318): CodeIgniter\CodeIgniter->handleRequest(NULL, Object(Config\Cache), false)
#9 E:\xampp\htdocs\code\public\index.php(37): CodeIgniter\CodeIgniter->run()
#10 {main}
CRITICAL - 2021-12-04 17:03:46 --> syntax error, unexpected token ")"
#0 E:\xampp\htdocs\code\system\View\View.php(217): CodeIgniter\View\View->CodeIgniter\View\{closure}()
#1 E:\xampp\htdocs\code\system\Common.php(1097): CodeIgniter\View\View->render('knyga', Array, true)
#2 E:\xampp\htdocs\code\app\Controllers\BaseController.php(56): view('knyga', Array)
#3 E:\xampp\htdocs\code\app\Controllers\Knygos.php(51): App\Controllers\BaseController->template('knyga', Array)
#4 E:\xampp\htdocs\code\system\CodeIgniter.php(824): App\Controllers\Knygos->nauja()
#5 E:\xampp\htdocs\code\system\CodeIgniter.php(410): CodeIgniter\CodeIgniter->runController(Object(App\Controllers\Knygos))
#6 E:\xampp\htdocs\code\system\CodeIgniter.php(318): CodeIgniter\CodeIgniter->handleRequest(NULL, Object(Config\Cache), false)
#7 E:\xampp\htdocs\code\public\index.php(37): CodeIgniter\CodeIgniter->run()
#8 {main}
CRITICAL - 2021-12-04 17:04:02 --> syntax error, unexpected token ":", expecting "("
#0 E:\xampp\htdocs\code\system\View\View.php(217): CodeIgniter\View\View->CodeIgniter\View\{closure}()
#1 E:\xampp\htdocs\code\system\Common.php(1097): CodeIgniter\View\View->render('knyga', Array, true)
#2 E:\xampp\htdocs\code\app\Controllers\BaseController.php(56): view('knyga', Array)
#3 E:\xampp\htdocs\code\app\Controllers\Knygos.php(51): App\Controllers\BaseController->template('knyga', Array)
#4 E:\xampp\htdocs\code\system\CodeIgniter.php(824): App\Controllers\Knygos->nauja()
#5 E:\xampp\htdocs\code\system\CodeIgniter.php(410): CodeIgniter\CodeIgniter->runController(Object(App\Controllers\Knygos))
#6 E:\xampp\htdocs\code\system\CodeIgniter.php(318): CodeIgniter\CodeIgniter->handleRequest(NULL, Object(Config\Cache), false)
#7 E:\xampp\htdocs\code\public\index.php(37): CodeIgniter\CodeIgniter->run()
#8 {main}
CRITICAL - 2021-12-04 17:04:17 --> syntax error, unexpected token "endforeach", expecting end of file
#0 E:\xampp\htdocs\code\system\View\View.php(217): CodeIgniter\View\View->CodeIgniter\View\{closure}()
#1 E:\xampp\htdocs\code\system\Common.php(1097): CodeIgniter\View\View->render('knyga', Array, true)
#2 E:\xampp\htdocs\code\app\Controllers\BaseController.php(56): view('knyga', Array)
#3 E:\xampp\htdocs\code\app\Controllers\Knygos.php(51): App\Controllers\BaseController->template('knyga', Array)
#4 E:\xampp\htdocs\code\system\CodeIgniter.php(824): App\Controllers\Knygos->nauja()
#5 E:\xampp\htdocs\code\system\CodeIgniter.php(410): CodeIgniter\CodeIgniter->runController(Object(App\Controllers\Knygos))
#6 E:\xampp\htdocs\code\system\CodeIgniter.php(318): CodeIgniter\CodeIgniter->handleRequest(NULL, Object(Config\Cache), false)
#7 E:\xampp\htdocs\code\public\index.php(37): CodeIgniter\CodeIgniter->run()
#8 {main}
